2025-01-27 18:29:28.825 [info] [main] Log level: Info
2025-01-27 18:29:28.825 [info] [main] Validating found git in: "git"
2025-01-27 18:29:28.825 [info] [main] Using git "2.48.1" from "git"
2025-01-27 18:29:28.825 [info] [Model][doInitialScan] Initial repository scan started
2025-01-27 18:29:28.825 [info] > git rev-parse --show-toplevel [56ms]
2025-01-27 18:29:28.825 [info] > git rev-parse --git-dir --git-common-dir [50ms]
2025-01-27 18:29:28.825 [info] [Model][openRepository] Opened repository: /home/felipe/blackhole/notas
2025-01-27 18:29:28.827 [info] > git rev-parse --show-toplevel [12ms]
2025-01-27 18:29:28.828 [info] > git config --get commit.template [26ms]
2025-01-27 18:29:28.855 [info] > git rev-parse --show-toplevel [13ms]
2025-01-27 18:29:28.866 [info] > git for-each-ref --format=%(refname)%00%(upstream:short)%00%(objectname)%00%(upstream:track)%00%(upstream:remotename)%00%(upstream:remoteref) refs/heads/main refs/remotes/main [14ms]
2025-01-27 18:29:28.879 [info] > git rev-parse --show-toplevel [15ms]
2025-01-27 18:29:28.883 [info] [Model][doInitialScan] Initial repository scan completed - repositories (1), closed repositories (0), parent repositories (0), unsafe repositories (0)
2025-01-27 18:29:28.942 [info] > git status -z -uall [12ms]
2025-01-27 18:29:28.945 [info] > git for-each-ref --sort -committerdate --format %(refname) %(objectname) %(*objectname) [4ms]
2025-01-27 18:29:28.972 [info] > git for-each-ref --format=%(refname)%00%(upstream:short)%00%(objectname)%00%(upstream:track)%00%(upstream:remotename)%00%(upstream:remoteref) refs/heads/main refs/remotes/main [12ms]
2025-01-27 18:29:28.988 [info] > git config --local branch.main.vscode-merge-base [6ms]
2025-01-27 18:29:28.988 [warning] [Git][config] git config failed: Failed to execute git
2025-01-27 18:29:28.997 [info] > git config --get commit.template [25ms]
2025-01-27 18:29:29.123 [info] > git for-each-ref --format=%(refname)%00%(upstream:short)%00%(objectname)%00%(upstream:track)%00%(upstream:remotename)%00%(upstream:remoteref) refs/heads/main refs/remotes/main [115ms]
2025-01-27 18:29:29.124 [info] > git reflog main --grep-reflog=branch: Created from *. [127ms]
2025-01-27 18:29:29.124 [info] warning: refname 'main' is ambiguous.
2025-01-27 18:29:29.140 [info] > git symbolic-ref --short refs/remotes/origin/HEAD [8ms]
2025-01-27 18:29:29.140 [info] fatal: ref refs/remotes/origin/HEAD is not a symbolic ref
2025-01-27 18:29:29.140 [warning] [Repository][getDefaultBranch] Failed to get default branch details: Failed to execute git.
2025-01-27 18:29:29.154 [info] > git merge-base refs/heads/main refs/remotes/main/main [6ms]
2025-01-27 18:29:29.185 [info] > git show --textconv :exemplos/kubernetes/app-variaveis-ambiente/k8s/deployment.yaml [11ms]
2025-01-27 18:29:29.187 [info] > git diff --name-status -z --diff-filter=ADMR 821d8ce675238aeadefa3f9f18111d518e460f50...refs/remotes/main/main [25ms]
2025-01-27 18:29:29.208 [info] > git ls-files --stage -- /home/felipe/blackhole/notas/exemplos/kubernetes/app-variaveis-ambiente/k8s/deployment.yaml [25ms]
2025-01-27 18:29:29.228 [info] > git status -z -uall [32ms]
2025-01-27 18:29:29.229 [info] > git for-each-ref --sort -committerdate --format %(refname) %(objectname) %(*objectname) [22ms]
2025-01-27 18:29:29.233 [info] > git cat-file -s 47b12ca468727ce740772472e07c113f31bfb076 [16ms]
2025-01-27 18:29:29.258 [info] > git blame --root --incremental 821d8ce675238aeadefa3f9f18111d518e460f50 -- /home/felipe/blackhole/notas/exemplos/kubernetes/app-variaveis-ambiente/k8s/deployment.yaml [4ms]
2025-01-27 18:29:29.343 [info] > git check-ignore -v -z --stdin [1ms]
2025-01-27 18:29:29.386 [info] > git config --get commit.template [10ms]
2025-01-27 18:29:29.387 [info] > git for-each-ref --format=%(refname)%00%(upstream:short)%00%(objectname)%00%(upstream:track)%00%(upstream:remotename)%00%(upstream:remoteref) refs/heads/main refs/remotes/main [2ms]
2025-01-27 18:29:29.410 [info] > git status -z -uall [12ms]
2025-01-27 18:29:29.412 [info] > git for-each-ref --sort -committerdate --format %(refname) %(objectname) %(*objectname) [3ms]
2025-01-27 18:29:34.960 [info] > git config --get commit.template [3ms]
2025-01-27 18:29:35.016 [info] > git for-each-ref --format=%(refname)%00%(upstream:short)%00%(objectname)%00%(upstream:track)%00%(upstream:remotename)%00%(upstream:remoteref) refs/heads/main refs/remotes/main [3ms]
2025-01-27 18:29:35.055 [info] > git status -z -uall [19ms]
2025-01-27 18:29:35.062 [info] > git for-each-ref --sort -committerdate --format %(refname) %(objectname) %(*objectname) [8ms]
2025-01-27 18:29:39.218 [info] > git fetch [875ms]
2025-01-27 18:29:39.283 [info] > git config --get commit.template [32ms]
2025-01-27 18:29:39.284 [info] > git for-each-ref --format=%(refname)%00%(upstream:short)%00%(objectname)%00%(upstream:track)%00%(upstream:remotename)%00%(upstream:remoteref) refs/heads/main refs/remotes/main [3ms]
2025-01-27 18:29:39.349 [info] > git status -z -uall [33ms]
2025-01-27 18:29:39.350 [info] > git for-each-ref --sort -committerdate --format %(refname) %(objectname) %(*objectname) [3ms]
2025-01-27 18:30:03.274 [info] > git ls-files --stage -- /home/felipe/blackhole/notas/exemplos/kubernetes/app-variaveis-ambiente/k8s/deployment.yaml [5ms]
2025-01-27 18:30:03.314 [info] > git cat-file -s 47b12ca468727ce740772472e07c113f31bfb076 [2ms]
2025-01-27 18:30:03.352 [info] > git show --textconv :exemplos/kubernetes/app-variaveis-ambiente/k8s/deployment.yaml [1ms]
2025-01-27 18:32:00.622 [info] > git show --textconv :notes/kubernetes.md [3ms]
2025-01-27 18:32:00.681 [info] > git ls-files --stage -- /home/felipe/blackhole/notas/notes/kubernetes.md [13ms]
2025-01-27 18:32:00.845 [info] > git cat-file -s 3d5beda2f0f0434797a433d2e3b08f03e13e5252 [136ms]
2025-01-27 18:32:00.988 [info] > git blame --root --incremental 821d8ce675238aeadefa3f9f18111d518e460f50 -- /home/felipe/blackhole/notas/notes/kubernetes.md [10ms]
2025-01-27 18:33:33.500 [info] > git show --textconv :notes/kubernetes.md [56ms]
2025-01-27 18:33:33.500 [info] > git ls-files --stage -- /home/felipe/blackhole/notas/notes/kubernetes.md [3ms]
2025-01-27 18:33:33.526 [info] > git cat-file -s 3d5beda2f0f0434797a433d2e3b08f03e13e5252 [2ms]
2025-01-27 18:33:47.254 [info] > git fetch [1030ms]
2025-01-27 18:33:47.312 [info] > git config --get commit.template [30ms]
2025-01-27 18:33:47.313 [info] > git for-each-ref --format=%(refname)%00%(upstream:short)%00%(objectname)%00%(upstream:track)%00%(upstream:remotename)%00%(upstream:remoteref) refs/heads/main refs/remotes/main [2ms]
2025-01-27 18:33:47.403 [info] > git status -z -uall [51ms]
2025-01-27 18:33:47.404 [info] > git for-each-ref --sort -committerdate --format %(refname) %(objectname) %(*objectname) [5ms]
