2025-01-25 16:42:53.214 [info] Reading sessions from keychain...
2025-01-25 16:42:53.214 [info] Getting sessions for all scopes...
2025-01-25 16:42:53.214 [info] Getting sessions for all scopes...
2025-01-25 16:42:53.214 [info] Getting sessions for all scopes...
2025-01-25 16:42:53.214 [info] Got stored sessions!
2025-01-25 16:42:53.214 [info] Got 2 verified sessions.
2025-01-25 16:42:53.214 [info] Got 2 sessions for ...
2025-01-25 16:42:53.214 [info] Got 2 sessions for ...
2025-01-25 16:42:53.214 [info] Got 2 sessions for ...
2025-01-25 16:42:53.214 [info] Getting sessions for all scopes...
2025-01-25 16:42:53.214 [info] Got 2 sessions for ...
2025-01-25 16:42:53.214 [info] Getting sessions for all scopes...
2025-01-25 16:42:53.214 [info] Got 2 sessions for ...
2025-01-25 16:42:53.214 [info] Getting sessions for all scopes...
2025-01-25 16:42:53.214 [info] Got 2 sessions for ...
2025-01-25 16:42:53.214 [info] Getting sessions for all scopes...
2025-01-25 16:42:53.214 [info] Got 2 sessions for ...
2025-01-25 16:42:53.214 [info] Getting sessions for all scopes...
2025-01-25 16:42:53.214 [info] Got 2 sessions for ...
2025-01-25 16:42:53.762 [info] Getting sessions for user:email...
2025-01-25 16:42:53.762 [info] Got 1 sessions for user:email...
2025-01-25 16:42:57.079 [info] Getting sessions for all scopes...
2025-01-25 16:42:57.079 [info] Got 2 sessions for ...
2025-01-25 16:42:58.065 [info] Getting sessions for read:user,repo,user:email...
2025-01-25 16:42:58.066 [info] Got 0 sessions for read:user,repo,user:email...
2025-01-25 16:42:58.066 [info] Getting sessions for read:user,repo,user:email,workflow...
2025-01-25 16:42:58.066 [info] Got 0 sessions for read:user,repo,user:email,workflow...
2025-01-25 16:42:58.211 [info] Getting sessions for all scopes...
2025-01-25 16:42:58.211 [info] Got 2 sessions for ...
2025-01-25 16:42:58.212 [info] Getting sessions for all scopes...
2025-01-25 16:42:58.212 [info] Got 2 sessions for ...
2025-01-25 16:42:58.263 [info] Getting sessions for project,read:org,read:user,repo,user:email,workflow...
2025-01-25 16:42:58.263 [info] Got 0 sessions for project,read:org,read:user,repo,user:email,workflow...
2025-01-25 16:42:58.277 [info] Getting sessions for read:user...
2025-01-25 16:42:58.277 [info] Got 0 sessions for read:user...
2025-01-25 16:42:58.334 [info] Getting sessions for read:user,repo,user:email,workflow...
2025-01-25 16:42:58.334 [info] Got 0 sessions for read:user,repo,user:email,workflow...
2025-01-25 16:42:58.401 [info] Getting sessions for read:user,repo,user:email,workflow...
2025-01-25 16:42:58.402 [info] Got 0 sessions for read:user,repo,user:email,workflow...
2025-01-25 16:42:58.419 [info] Getting sessions for user:email...
2025-01-25 16:42:58.419 [info] Got 1 sessions for user:email...
2025-01-25 16:42:58.420 [info] Getting sessions for user:email...
2025-01-25 16:42:58.420 [info] Got 1 sessions for user:email...
2025-01-25 16:42:58.464 [info] Getting sessions for read:user,repo,user:email...
2025-01-25 16:42:58.464 [info] Got 0 sessions for read:user,repo,user:email...
2025-01-25 16:42:58.524 [info] Getting sessions for all scopes...
2025-01-25 16:42:58.524 [info] Got 2 sessions for ...
2025-01-25 16:42:58.525 [info] Getting sessions for read:user,repo,user:email,workflow...
2025-01-25 16:42:58.525 [info] Got 0 sessions for read:user,repo,user:email,workflow...
2025-01-25 16:43:00.781 [info] Getting sessions for read:user,repo,user:email,workflow...
2025-01-25 16:43:00.781 [info] Got 0 sessions for read:user,repo,user:email,workflow...
2025-01-25 16:43:00.868 [info] Getting sessions for user:email...
2025-01-25 16:43:00.868 [info] Got 1 sessions for user:email...
2025-01-25 16:43:00.931 [info] Getting sessions for all scopes...
2025-01-25 16:43:00.931 [info] Got 2 sessions for ...
2025-01-25 16:43:00.932 [info] Getting sessions for read:user,repo,user:email,workflow...
2025-01-25 16:43:00.932 [info] Got 0 sessions for read:user,repo,user:email,workflow...
2025-01-25 16:43:00.933 [info] Getting sessions for user:email...
2025-01-25 16:43:00.933 [info] Got 1 sessions for user:email...
2025-01-25 16:43:01.187 [info] Getting sessions for read:user,repo,user:email,workflow...
2025-01-25 16:43:01.187 [info] Got 0 sessions for read:user,repo,user:email,workflow...
2025-01-25 16:43:01.188 [info] Getting sessions for read:user...
2025-01-25 16:43:01.188 [info] Got 0 sessions for read:user...
2025-01-25 16:43:01.190 [info] Getting sessions for user:email...
2025-01-25 16:43:01.190 [info] Got 1 sessions for user:email...
2025-01-25 16:43:01.471 [info] Getting sessions for all scopes...
2025-01-25 16:43:01.471 [info] Got 2 sessions for ...
2025-01-25 16:43:01.471 [info] Getting sessions for all scopes...
2025-01-25 16:43:01.471 [info] Got 2 sessions for ...
2025-01-25 16:43:01.490 [info] Getting sessions for read:user,repo,user:email,workflow...
2025-01-25 16:43:01.490 [info] Got 0 sessions for read:user,repo,user:email,workflow...
2025-01-25 16:43:01.492 [info] Getting sessions for user:email...
2025-01-25 16:43:01.492 [info] Got 1 sessions for user:email...
2025-01-25 16:43:01.494 [info] Getting sessions for all scopes...
2025-01-25 16:43:01.494 [info] Got 2 sessions for ...
2025-01-25 16:43:01.496 [info] Getting sessions for read:user,repo,user:email,workflow...
2025-01-25 16:43:01.496 [info] Got 0 sessions for read:user,repo,user:email,workflow...
2025-01-25 16:43:01.497 [info] Getting sessions for user:email...
2025-01-25 16:43:01.497 [info] Got 1 sessions for user:email...
2025-01-25 16:43:01.572 [info] Getting sessions for all scopes...
2025-01-25 16:43:01.572 [info] Got 2 sessions for ...
2025-01-25 16:43:01.575 [info] Getting sessions for read:user,repo,user:email,workflow...
2025-01-25 16:43:01.575 [info] Got 0 sessions for read:user,repo,user:email,workflow...
2025-01-25 16:43:01.576 [info] Getting sessions for user:email...
2025-01-25 16:43:01.576 [info] Got 1 sessions for user:email...
2025-01-25 16:43:01.742 [info] Getting sessions for read:user,repo,user:email,workflow...
2025-01-25 16:43:01.742 [info] Got 0 sessions for read:user,repo,user:email,workflow...
2025-01-25 16:43:01.745 [info] Getting sessions for read:user...
2025-01-25 16:43:01.745 [info] Got 0 sessions for read:user...
2025-01-25 16:43:01.747 [info] Getting sessions for user:email...
2025-01-25 16:43:01.747 [info] Got 1 sessions for user:email...
2025-01-25 16:43:02.611 [info] Getting sessions for all scopes...
2025-01-25 16:43:02.611 [info] Got 2 sessions for ...
2025-01-25 16:43:02.616 [info] Getting sessions for read:user,repo,user:email,workflow...
2025-01-25 16:43:02.616 [info] Got 0 sessions for read:user,repo,user:email,workflow...
2025-01-25 16:43:02.617 [info] Getting sessions for user:email...
2025-01-25 16:43:02.618 [info] Got 1 sessions for user:email...
