2025-01-27 19:49:06.449 [info] Getting Manifest... vscode-icons-team.vscode-icons
2025-01-27 19:49:06.511 [info] Installing extension: vscode-icons-team.vscode-icons {"isMachineScoped":false,"installPreReleaseVersion":false,"pinned":false,"profileLocation":{"$mid":1,"external":"vscode-userdata:/home/felipe/.vscode/extensions/extensions.json","path":"/home/felipe/.vscode/extensions/extensions.json","scheme":"vscode-userdata"},"installOnlyNewlyAddedFromExtensionPack":true,"isApplicationScoped":false,"productVersion":{"version":"1.96.4","date":"2025-01-16T00:16:19.038Z"}}
2025-01-27 19:49:07.383 [info] Extension signature verification result for vscode-icons-team.vscode-icons: UnknownError. Executed: true. Duration: 17ms.
2025-01-27 19:49:09.160 [info] Extracted extension to file:///home/felipe/.vscode/extensions/vscode-icons-team.vscode-icons-12.10.0: vscode-icons-team.vscode-icons
2025-01-27 19:49:09.265 [info] Renamed to /home/felipe/.vscode/extensions/vscode-icons-team.vscode-icons-12.10.0
2025-01-27 19:49:09.325 [info] Extension installed successfully: vscode-icons-team.vscode-icons vscode-userdata:/home/felipe/.vscode/extensions/extensions.json
2025-01-27 19:49:09.368 [error] [uncaught exception in sharedProcess]: Error: ENOENT: no such file or directory, stat '/home/felipe/.vscode/extensions/extensions.json.vsctmp': EntryNotFound (FileSystemError): Error: ENOENT: no such file or directory, stat '/home/felipe/.vscode/extensions/extensions.json.vsctmp'
    at Gm.create (file:///opt/visual-studio-code/resources/app/out/vs/code/electron-utility/sharedProcess/sharedProcessMain.js:35:39624)
    at xs (file:///opt/visual-studio-code/resources/app/out/vs/code/electron-utility/sharedProcess/sharedProcessMain.js:35:39731)
    at Vr.ib (file:///opt/visual-studio-code/resources/app/out/vs/code/electron-utility/sharedProcess/sharedProcessMain.js:78:22778)
    at Vr.stat (file:///opt/visual-studio-code/resources/app/out/vs/code/electron-utility/sharedProcess/sharedProcessMain.js:78:16010)
    at async wh.stat (file:///opt/visual-studio-code/resources/app/out/vs/code/electron-utility/sharedProcess/sharedProcessMain.js:77:85488)
    at async fh.Ab (file:///opt/visual-studio-code/resources/app/out/vs/code/electron-utility/sharedProcess/sharedProcessMain.js:77:67180)
2025-01-27 19:49:14.943 [info] Uninstalling extension from the profile: vscode-icons-team.vscode-icons@12.10.0 vscode-userdata:/home/felipe/.vscode/extensions/extensions.json
2025-01-27 19:49:14.982 [info] Marked extension as uninstalled vscode-icons-team.vscode-icons-12.10.0
2025-01-27 19:49:15.047 [error] [uncaught exception in sharedProcess]: Error: ENOENT: no such file or directory, stat '/home/felipe/.vscode/extensions/extensions.json.vsctmp': EntryNotFound (FileSystemError): Error: ENOENT: no such file or directory, stat '/home/felipe/.vscode/extensions/extensions.json.vsctmp'
    at Gm.create (file:///opt/visual-studio-code/resources/app/out/vs/code/electron-utility/sharedProcess/sharedProcessMain.js:35:39624)
    at xs (file:///opt/visual-studio-code/resources/app/out/vs/code/electron-utility/sharedProcess/sharedProcessMain.js:35:39731)
    at Vr.ib (file:///opt/visual-studio-code/resources/app/out/vs/code/electron-utility/sharedProcess/sharedProcessMain.js:78:22778)
    at Vr.stat (file:///opt/visual-studio-code/resources/app/out/vs/code/electron-utility/sharedProcess/sharedProcessMain.js:78:16010)
    at async wh.stat (file:///opt/visual-studio-code/resources/app/out/vs/code/electron-utility/sharedProcess/sharedProcessMain.js:77:85488)
    at async fh.Ab (file:///opt/visual-studio-code/resources/app/out/vs/code/electron-utility/sharedProcess/sharedProcessMain.js:77:67180)
2025-01-27 19:49:15.247 [info] Successfully uninstalled extension from the profile vscode-icons-team.vscode-icons@12.10.0 vscode-userdata:/home/felipe/.vscode/extensions/extensions.json
