2025-01-27 18:33:54.503 [info] read schema from vscode: vscode://schemas/settings/user
2025-01-27 18:33:56.614 [info] schema change detected vscode://schemas/settings/user
2025-01-27 18:33:56.622 [info] schema change detected vscode://schemas/settings/user
2025-01-27 18:33:56.629 [info] schema change detected vscode://schemas/settings/user
2025-01-27 18:33:56.631 [info] schema change detected vscode://schemas/settings/user
2025-01-27 18:33:56.881 [info] cancelled
2025-01-27 18:33:58.957 [info] schema change detected vscode://schemas/settings/user
2025-01-27 18:34:00.947 [info] schema change detected vscode://schemas/settings/user
2025-01-27 18:34:01.762 [info] cancelled
2025-01-27 18:34:01.836 [info] cancelled
2025-01-27 18:34:01.869 [info] read schema from vscode: vscode://schemas/settings/user
2025-01-27 18:34:04.500 [info] schema change detected vscode://schemas/settings/user
2025-01-27 18:34:04.747 [info] read schema from vscode: vscode://schemas/settings/resourceLanguage
2025-01-27 18:34:04.782 [info] read schema from vscode: vscode://schemas/ignoredSettings
2025-01-27 18:34:04.801 [info] read schema from vscode: vscode://schemas/launch
2025-01-27 18:34:04.827 [info] read schema from vscode: vscode://schemas/token-styling
2025-01-27 18:34:04.828 [info] read schema from vscode: vscode://schemas/textmate-colors
2025-01-27 18:34:04.830 [info] read schema from vscode: vscode://schemas/workbench-colors
2025-01-27 18:34:04.831 [info] read schema from vscode: vscode://schemas/settings/user
2025-01-27 18:34:04.831 [info] cancelled
2025-01-27 18:34:04.847 [info] cancelled
2025-01-27 18:34:04.853 [info] cancelled
2025-01-27 18:34:04.854 [info] cancelled
2025-01-27 18:34:05.146 [info] schema change detected vscode://schemas/settings/user
2025-01-27 18:34:05.198 [info] cancelled
2025-01-27 18:34:05.445 [info] read schema from vscode: vscode://schemas/settings/user
2025-01-27 18:34:05.791 [info] cancelled
2025-01-27 18:34:07.043 [info] schema change detected vscode://schemas/launch
2025-01-27 18:34:07.045 [info] read schema from vscode: vscode://schemas/settings/user
2025-01-27 18:34:07.161 [info] read schema from vscode: vscode://schemas/launch
2025-01-27 18:35:43.343 [info] schema change detected vscode://schemas/settings/user
2025-01-27 18:35:43.347 [info] read schema from vscode: vscode://schemas/settings/user
2025-01-27 18:35:45.872 [info] schema change detected vscode://schemas/settings/user
2025-01-27 18:35:45.875 [info] read schema from vscode: vscode://schemas/settings/user
2025-01-27 18:35:47.532 [info] schema change detected vscode://schemas/settings/user
2025-01-27 18:35:47.535 [info] read schema from vscode: vscode://schemas/settings/user
2025-01-27 18:35:50.056 [info] schema change detected vscode://schemas/launch
2025-01-27 18:35:50.058 [info] read schema from vscode: vscode://schemas/settings/user
2025-01-27 18:35:50.252 [info] read schema from vscode: vscode://schemas/launch
2025-01-27 18:35:50.717 [info] schema change detected vscode://schemas/settings/user
2025-01-27 18:35:50.721 [info] read schema from vscode: vscode://schemas/settings/user
2025-01-27 18:35:54.842 [info] schema change detected vscode://schemas/settings/user
2025-01-27 18:35:54.845 [info] read schema from vscode: vscode://schemas/settings/user
2025-01-27 18:37:09.156 [info] schema change detected vscode://schemas/settings/user
2025-01-27 18:37:09.160 [info] read schema from vscode: vscode://schemas/settings/user
2025-01-27 18:37:10.810 [info] schema change detected vscode://schemas/settings/user
2025-01-27 18:37:10.813 [info] read schema from vscode: vscode://schemas/settings/user
2025-01-27 18:37:11.907 [info] schema change detected vscode://schemas/settings/user
2025-01-27 18:37:11.910 [info] read schema from vscode: vscode://schemas/settings/user
2025-01-27 18:43:21.698 [info] schema change detected vscode://schemas/settings/user
2025-01-27 18:43:21.700 [info] read schema from vscode: vscode://schemas/settings/user
2025-01-27 18:43:23.961 [info] schema change detected vscode://schemas/settings/user
2025-01-27 18:43:23.964 [info] read schema from vscode: vscode://schemas/settings/user
2025-01-27 18:44:56.101 [info] schema change detected vscode://schemas/settings/user
2025-01-27 18:44:56.103 [info] read schema from vscode: vscode://schemas/settings/user
2025-01-27 18:45:01.553 [info] schema change detected vscode://schemas/workbench-colors
2025-01-27 18:45:01.561 [info] read schema from vscode: vscode://schemas/settings/user
2025-01-27 18:45:01.781 [info] read schema from vscode: vscode://schemas/workbench-colors
2025-01-27 18:45:12.919 [info] schema change detected vscode://schemas/workbench-colors
2025-01-27 18:45:12.921 [info] read schema from vscode: vscode://schemas/settings/user
2025-01-27 18:45:13.119 [info] read schema from vscode: vscode://schemas/workbench-colors
2025-01-27 18:47:31.837 [info] read schema from vscode: vscode://schemas/keybindings
2025-01-27 18:52:09.305 [info] schema change detected vscode://schemas/keybindings
2025-01-27 18:52:09.335 [info] read schema from vscode: vscode://schemas/keybindings
2025-01-27 18:52:09.371 [info] schema change detected vscode://schemas/settings/user
2025-01-27 18:52:09.388 [info] read schema from vscode: vscode://schemas/settings/user
2025-01-27 18:52:11.618 [info] schema change detected vscode://schemas/keybindings
2025-01-27 18:52:11.648 [info] read schema from vscode: vscode://schemas/keybindings
2025-01-27 18:52:11.676 [info] schema change detected vscode://schemas/settings/user
2025-01-27 18:52:11.691 [info] read schema from vscode: vscode://schemas/settings/user
2025-01-27 18:52:28.867 [info] cancelled
2025-01-27 18:52:30.625 [info] schema change detected vscode://schemas/keybindings
2025-01-27 18:52:30.656 [info] read schema from vscode: vscode://schemas/keybindings
2025-01-27 18:52:30.688 [info] schema change detected vscode://schemas/settings/user
2025-01-27 18:52:30.715 [info] read schema from vscode: vscode://schemas/settings/user
2025-01-27 18:52:31.852 [info] cancelled
2025-01-27 18:52:32.847 [info] schema change detected vscode://schemas/keybindings
2025-01-27 18:52:32.879 [info] read schema from vscode: vscode://schemas/keybindings
2025-01-27 18:52:32.913 [info] schema change detected vscode://schemas/settings/user
2025-01-27 18:52:32.946 [info] read schema from vscode: vscode://schemas/settings/user
2025-01-27 18:55:51.509 [info] schema change detected vscode://schemas/keybindings
2025-01-27 18:55:51.541 [info] read schema from vscode: vscode://schemas/keybindings
2025-01-27 18:55:51.576 [info] schema change detected vscode://schemas/settings/user
2025-01-27 18:55:51.602 [info] read schema from vscode: vscode://schemas/settings/user
2025-01-27 18:55:53.141 [info] schema change detected vscode://schemas/ignoredSettings
2025-01-27 18:55:53.159 [info] read schema from vscode: vscode://schemas/settings/user
2025-01-27 18:55:53.172 [info] cancelled
2025-01-27 18:55:53.175 [info] read schema from vscode: vscode://schemas/keybindings
2025-01-27 18:55:53.333 [info] schema change detected vscode://schemas/settings/user
2025-01-27 18:55:53.397 [info] read schema from vscode: vscode://schemas/settings/resourceLanguage
2025-01-27 18:55:53.398 [info] read schema from vscode: vscode://schemas/ignoredSettings
2025-01-27 18:55:53.505 [info] read schema from vscode: vscode://schemas/launch
2025-01-27 18:55:53.509 [info] read schema from vscode: vscode://schemas/token-styling
2025-01-27 18:55:53.512 [info] read schema from vscode: vscode://schemas/textmate-colors
2025-01-27 18:55:53.513 [info] read schema from vscode: vscode://schemas/workbench-colors
2025-01-27 18:55:53.828 [info] cancelled
2025-01-27 18:55:53.830 [info] read schema from vscode: vscode://schemas/settings/user
2025-01-27 18:55:56.390 [info] schema change detected vscode://schemas/keybindings
2025-01-27 18:55:56.422 [info] read schema from vscode: vscode://schemas/keybindings
2025-01-27 18:55:56.450 [info] schema change detected vscode://schemas/settings/user
2025-01-27 18:55:56.481 [info] read schema from vscode: vscode://schemas/settings/user
2025-01-27 18:56:40.527 [info] schema change detected vscode://schemas/keybindings
2025-01-27 18:56:40.537 [info] schema change detected vscode://schemas/keybindings
2025-01-27 18:56:40.558 [info] read schema from vscode: vscode://schemas/keybindings
2025-01-27 18:56:40.597 [info] schema change detected vscode://schemas/settings/user
2025-01-27 18:56:40.605 [info] read schema from vscode: vscode://schemas/keybindings
2025-01-27 18:56:40.607 [info] read schema from vscode: vscode://schemas/settings/user
2025-01-27 18:56:40.649 [info] cancelled
