2025-01-27 19:33:24.684 [info] Reading sessions from keychain...
2025-01-27 19:33:24.684 [info] Getting sessions for all scopes...
2025-01-27 19:33:24.684 [info] Getting sessions for all scopes...
2025-01-27 19:33:24.684 [info] Getting sessions for all scopes...
2025-01-27 19:33:24.685 [info] Getting sessions for all scopes...
2025-01-27 19:33:24.685 [info] Getting sessions for all scopes...
2025-01-27 19:33:24.685 [info] Getting sessions for all scopes...
2025-01-27 19:33:24.763 [info] Got stored sessions!
2025-01-27 19:33:24.764 [info] Got 3 verified sessions.
2025-01-27 19:33:24.764 [info] Got 3 sessions for ...
2025-01-27 19:33:24.764 [info] Got 3 sessions for ...
2025-01-27 19:33:24.764 [info] Got 3 sessions for ...
2025-01-27 19:33:24.764 [info] Got 3 sessions for ...
2025-01-27 19:33:24.764 [info] Got 3 sessions for ...
2025-01-27 19:33:24.764 [info] Got 3 sessions for ...
2025-01-27 19:33:24.777 [info] Getting sessions for user:email...
2025-01-27 19:33:24.778 [info] Got 1 sessions for user:email...
2025-01-27 19:33:26.255 [info] Getting sessions for all scopes...
2025-01-27 19:33:26.255 [info] Got 3 sessions for ...
2025-01-27 19:33:26.569 [info] Getting sessions for repo,workflow...
2025-01-27 19:33:26.569 [info] Got 1 sessions for repo,workflow...
2025-01-27 19:33:26.806 [info] Getting sessions for repo,workflow...
2025-01-27 19:33:26.806 [info] Got 1 sessions for repo,workflow...
2025-01-27 19:33:27.039 [info] Getting sessions for read:user,repo,user:email,workflow...
2025-01-27 19:33:27.039 [info] Got 1 sessions for read:user,repo,user:email,workflow...
2025-01-27 19:33:27.349 [info] Getting sessions for repo,workflow...
2025-01-27 19:33:27.349 [info] Got 1 sessions for repo,workflow...
2025-01-27 19:33:27.438 [info] Getting sessions for repo,workflow...
2025-01-27 19:33:27.438 [info] Got 1 sessions for repo,workflow...
2025-01-27 19:33:27.646 [info] Getting sessions for read:user,repo,user:email,workflow...
2025-01-27 19:33:27.646 [info] Got 1 sessions for read:user,repo,user:email,workflow...
2025-01-27 19:33:27.794 [info] Getting sessions for repo,workflow...
2025-01-27 19:33:27.795 [info] Got 1 sessions for repo,workflow...
2025-01-27 19:33:31.278 [info] Getting sessions for read:user,repo,user:email,workflow...
2025-01-27 19:33:31.278 [info] Got 1 sessions for read:user,repo,user:email,workflow...
2025-01-27 19:33:31.279 [info] Getting sessions for all scopes...
2025-01-27 19:33:31.279 [info] Got 3 sessions for ...
2025-01-27 19:33:31.279 [info] Getting sessions for all scopes...
2025-01-27 19:33:31.280 [info] Got 3 sessions for ...
2025-01-27 19:33:31.357 [info] Getting sessions for read:user,repo,user:email,workflow...
2025-01-27 19:33:31.357 [info] Got 1 sessions for read:user,repo,user:email,workflow...
2025-01-27 19:33:33.738 [info] Getting sessions for all scopes...
2025-01-27 19:33:33.738 [info] Got 3 sessions for ...
2025-01-27 19:33:33.983 [info] Getting sessions for read:user,repo,user:email,workflow...
2025-01-27 19:33:33.983 [info] Got 1 sessions for read:user,repo,user:email,workflow...
2025-01-27 19:33:34.001 [info] Getting sessions for all scopes...
2025-01-27 19:33:34.001 [info] Got 3 sessions for ...
2025-01-27 19:33:34.061 [info] Getting sessions for read:user,repo,user:email,workflow...
2025-01-27 19:33:34.061 [info] Got 1 sessions for read:user,repo,user:email,workflow...
2025-01-27 19:33:34.062 [info] Getting sessions for all scopes...
2025-01-27 19:33:34.062 [info] Got 3 sessions for ...
2025-01-27 19:33:34.077 [info] Getting sessions for read:user,repo,user:email,workflow...
2025-01-27 19:33:34.078 [info] Got 1 sessions for read:user,repo,user:email,workflow...
2025-01-27 19:33:34.245 [info] Getting sessions for read:user,repo,user:email,workflow...
2025-01-27 19:33:34.245 [info] Got 1 sessions for read:user,repo,user:email,workflow...
2025-01-27 19:33:34.684 [info] Getting sessions for all scopes...
2025-01-27 19:33:34.684 [info] Got 3 sessions for ...
2025-01-27 19:33:34.685 [info] Getting sessions for all scopes...
2025-01-27 19:33:34.685 [info] Got 3 sessions for ...
2025-01-27 19:33:34.707 [info] Getting sessions for read:user,repo,user:email,workflow...
2025-01-27 19:33:34.707 [info] Got 1 sessions for read:user,repo,user:email,workflow...
2025-01-27 19:33:34.710 [info] Getting sessions for all scopes...
2025-01-27 19:33:34.710 [info] Got 3 sessions for ...
2025-01-27 19:33:34.711 [info] Getting sessions for read:user,repo,user:email,workflow...
2025-01-27 19:33:34.711 [info] Got 1 sessions for read:user,repo,user:email,workflow...
2025-01-27 19:33:34.832 [info] Getting sessions for all scopes...
2025-01-27 19:33:34.832 [info] Got 3 sessions for ...
2025-01-27 19:33:34.908 [info] Getting sessions for read:user,repo,user:email,workflow...
2025-01-27 19:33:34.908 [info] Got 1 sessions for read:user,repo,user:email,workflow...
2025-01-27 19:33:34.908 [info] Getting sessions for read:user,repo,user:email,workflow...
2025-01-27 19:33:34.908 [info] Got 1 sessions for read:user,repo,user:email,workflow...
2025-01-27 19:33:35.863 [info] Getting sessions for all scopes...
2025-01-27 19:33:35.863 [info] Got 3 sessions for ...
2025-01-27 19:33:35.867 [info] Getting sessions for read:user,repo,user:email,workflow...
2025-01-27 19:33:35.867 [info] Got 1 sessions for read:user,repo,user:email,workflow...
2025-01-27 19:48:35.872 [info] Getting sessions for all scopes...
2025-01-27 19:48:35.872 [info] Got 3 sessions for ...
2025-01-27 19:48:35.874 [info] Getting sessions for read:user,repo,user:email,workflow...
2025-01-27 19:48:35.874 [info] Got 1 sessions for read:user,repo,user:email,workflow...
2025-01-27 19:48:35.876 [info] Getting sessions for all scopes...
2025-01-27 19:48:35.876 [info] Got 3 sessions for ...
2025-01-27 19:48:35.878 [info] Getting sessions for read:user,repo,user:email,workflow...
2025-01-27 19:48:35.878 [info] Got 1 sessions for read:user,repo,user:email,workflow...
2025-01-27 19:48:45.259 [info] Getting sessions for all scopes...
2025-01-27 19:48:45.259 [info] Got 3 sessions for ...
2025-01-27 19:49:22.646 [info] Reading sessions from keychain...
2025-01-27 19:49:22.646 [info] Getting sessions for all scopes...
2025-01-27 19:49:22.646 [info] Getting sessions for all scopes...
2025-01-27 19:49:22.646 [info] Getting sessions for user:email...
2025-01-27 19:49:22.646 [info] Getting sessions for all scopes...
2025-01-27 19:49:22.646 [info] Got stored sessions!
2025-01-27 19:49:22.646 [info] Got 3 verified sessions.
2025-01-27 19:49:22.646 [info] Got 3 sessions for ...
2025-01-27 19:49:22.646 [info] Got 3 sessions for ...
2025-01-27 19:49:22.646 [info] Got 1 sessions for user:email...
2025-01-27 19:49:22.646 [info] Got 3 sessions for ...
2025-01-27 19:49:22.646 [info] Getting sessions for all scopes...
2025-01-27 19:49:22.646 [info] Got 3 sessions for ...
2025-01-27 19:49:22.646 [info] Getting sessions for all scopes...
2025-01-27 19:49:22.646 [info] Got 3 sessions for ...
2025-01-27 19:49:22.716 [info] Getting sessions for all scopes...
2025-01-27 19:49:22.716 [info] Got 3 sessions for ...
2025-01-27 19:49:22.793 [info] Getting sessions for read:user,repo,user:email,workflow...
2025-01-27 19:49:22.793 [info] Got 1 sessions for read:user,repo,user:email,workflow...
2025-01-27 19:49:22.950 [info] Getting sessions for repo,workflow...
2025-01-27 19:49:22.950 [info] Got 1 sessions for repo,workflow...
2025-01-27 19:49:24.316 [info] Getting sessions for all scopes...
2025-01-27 19:49:24.316 [info] Got 3 sessions for ...
2025-01-27 19:49:24.594 [info] Getting sessions for repo,workflow...
2025-01-27 19:49:24.594 [info] Got 1 sessions for repo,workflow...
2025-01-27 19:49:24.639 [info] Getting sessions for read:user,repo,user:email,workflow...
2025-01-27 19:49:24.639 [info] Got 1 sessions for read:user,repo,user:email,workflow...
2025-01-27 19:49:25.013 [info] Getting sessions for all scopes...
2025-01-27 19:49:25.013 [info] Got 3 sessions for ...
2025-01-27 19:49:25.156 [info] Getting sessions for read:user,repo,user:email,workflow...
2025-01-27 19:49:25.156 [info] Got 1 sessions for read:user,repo,user:email,workflow...
2025-01-27 19:49:25.275 [info] Getting sessions for read:user,repo,user:email,workflow...
2025-01-27 19:49:25.275 [info] Got 1 sessions for read:user,repo,user:email,workflow...
2025-01-27 19:49:25.381 [info] Getting sessions for all scopes...
2025-01-27 19:49:25.381 [info] Got 3 sessions for ...
2025-01-27 19:49:25.396 [info] Getting sessions for repo,workflow...
2025-01-27 19:49:25.397 [info] Got 1 sessions for repo,workflow...
2025-01-27 19:49:25.399 [info] Getting sessions for read:user,repo,user:email,workflow...
2025-01-27 19:49:25.399 [info] Got 1 sessions for read:user,repo,user:email,workflow...
2025-01-27 19:49:25.597 [info] Getting sessions for repo,workflow...
2025-01-27 19:49:25.597 [info] Got 1 sessions for repo,workflow...
2025-01-27 19:49:25.657 [info] Getting sessions for read:user,repo,user:email,workflow...
2025-01-27 19:49:25.657 [info] Got 1 sessions for read:user,repo,user:email,workflow...
2025-01-27 19:49:25.896 [info] Getting sessions for all scopes...
2025-01-27 19:49:25.896 [info] Got 3 sessions for ...
2025-01-27 19:49:25.897 [info] Getting sessions for all scopes...
2025-01-27 19:49:25.897 [info] Got 3 sessions for ...
2025-01-27 19:49:25.925 [info] Getting sessions for read:user,repo,user:email,workflow...
2025-01-27 19:49:25.925 [info] Got 1 sessions for read:user,repo,user:email,workflow...
2025-01-27 19:49:25.934 [info] Getting sessions for all scopes...
2025-01-27 19:49:25.934 [info] Got 3 sessions for ...
2025-01-27 19:49:25.937 [info] Getting sessions for read:user,repo,user:email,workflow...
2025-01-27 19:49:25.937 [info] Got 1 sessions for read:user,repo,user:email,workflow...
2025-01-27 19:49:26.985 [info] Getting sessions for all scopes...
2025-01-27 19:49:26.985 [info] Got 3 sessions for ...
2025-01-27 19:49:27.082 [info] Getting sessions for read:user,repo,user:email,workflow...
2025-01-27 19:49:27.082 [info] Got 1 sessions for read:user,repo,user:email,workflow...
2025-01-27 19:49:27.084 [info] Getting sessions for repo,workflow...
2025-01-27 19:49:27.084 [info] Got 1 sessions for repo,workflow...
2025-01-27 19:49:28.685 [info] Getting sessions for read:user,repo,user:email,workflow...
2025-01-27 19:49:28.685 [info] Got 1 sessions for read:user,repo,user:email,workflow...
2025-01-27 19:49:31.388 [info] Getting sessions for read:user,repo,user:email,workflow...
2025-01-27 19:49:31.388 [info] Got 1 sessions for read:user,repo,user:email,workflow...
2025-01-27 19:49:32.053 [info] Getting sessions for read:user,repo,user:email,workflow...
2025-01-27 19:49:32.053 [info] Got 1 sessions for read:user,repo,user:email,workflow...
2025-01-27 20:04:27.091 [info] Getting sessions for all scopes...
2025-01-27 20:04:27.091 [info] Got 3 sessions for ...
2025-01-27 20:04:27.092 [info] Getting sessions for read:user,repo,user:email,workflow...
2025-01-27 20:04:27.092 [info] Got 1 sessions for read:user,repo,user:email,workflow...
2025-01-27 20:04:27.093 [info] Getting sessions for all scopes...
2025-01-27 20:04:27.093 [info] Got 3 sessions for ...
2025-01-27 20:04:27.094 [info] Getting sessions for read:user,repo,user:email,workflow...
2025-01-27 20:04:27.094 [info] Got 1 sessions for read:user,repo,user:email,workflow...
2025-01-27 20:14:25.871 [info] Getting sessions for all scopes...
2025-01-27 20:14:25.871 [info] Got 3 sessions for ...
2025-01-27 20:14:25.872 [info] Getting sessions for read:user,repo,user:email,workflow...
2025-01-27 20:14:25.872 [info] Got 1 sessions for read:user,repo,user:email,workflow...
2025-01-27 20:14:26.585 [info] Getting sessions for all scopes...
2025-01-27 20:14:26.585 [info] Got 3 sessions for ...
2025-01-27 20:14:26.585 [info] Getting sessions for all scopes...
2025-01-27 20:14:26.585 [info] Got 3 sessions for ...
2025-01-27 20:14:26.586 [info] Getting sessions for read:user,repo,user:email,workflow...
2025-01-27 20:14:26.586 [info] Got 1 sessions for read:user,repo,user:email,workflow...
2025-01-27 20:14:26.587 [info] Getting sessions for all scopes...
2025-01-27 20:14:26.587 [info] Got 3 sessions for ...
2025-01-27 20:14:26.588 [info] Getting sessions for read:user,repo,user:email,workflow...
2025-01-27 20:14:26.588 [info] Got 1 sessions for read:user,repo,user:email,workflow...
2025-01-27 20:14:26.592 [info] Getting sessions for all scopes...
2025-01-27 20:14:26.592 [info] Got 3 sessions for ...
2025-01-27 20:14:26.593 [info] Getting sessions for read:user,repo,user:email,workflow...
2025-01-27 20:14:26.593 [info] Got 1 sessions for read:user,repo,user:email,workflow...
2025-01-27 20:14:31.347 [info] Getting sessions for read:user,repo,user:email,workflow...
2025-01-27 20:14:31.347 [info] Got 1 sessions for read:user,repo,user:email,workflow...
2025-01-27 20:29:26.636 [info] Getting sessions for all scopes...
2025-01-27 20:29:26.636 [info] Got 3 sessions for ...
2025-01-27 20:29:26.639 [info] Getting sessions for read:user,repo,user:email,workflow...
2025-01-27 20:29:26.639 [info] Got 1 sessions for read:user,repo,user:email,workflow...
2025-01-27 20:29:26.648 [info] Getting sessions for all scopes...
2025-01-27 20:29:26.649 [info] Got 3 sessions for ...
2025-01-27 20:29:26.650 [info] Getting sessions for read:user,repo,user:email,workflow...
2025-01-27 20:29:26.651 [info] Got 1 sessions for read:user,repo,user:email,workflow...
2025-01-27 20:39:26.585 [info] Getting sessions for all scopes...
2025-01-27 20:39:26.586 [info] Got 3 sessions for ...
2025-01-27 20:39:26.587 [info] Getting sessions for read:user,repo,user:email,workflow...
2025-01-27 20:39:26.587 [info] Got 1 sessions for read:user,repo,user:email,workflow...
2025-01-27 20:39:27.226 [info] Getting sessions for all scopes...
2025-01-27 20:39:27.226 [info] Got 3 sessions for ...
2025-01-27 20:39:27.226 [info] Getting sessions for all scopes...
2025-01-27 20:39:27.226 [info] Got 3 sessions for ...
2025-01-27 20:39:27.230 [info] Getting sessions for read:user,repo,user:email,workflow...
2025-01-27 20:39:27.230 [info] Got 1 sessions for read:user,repo,user:email,workflow...
2025-01-27 20:39:27.232 [info] Getting sessions for all scopes...
2025-01-27 20:39:27.232 [info] Got 3 sessions for ...
2025-01-27 20:39:27.233 [info] Getting sessions for read:user,repo,user:email,workflow...
2025-01-27 20:39:27.233 [info] Got 1 sessions for read:user,repo,user:email,workflow...
2025-01-27 20:39:27.236 [info] Getting sessions for all scopes...
2025-01-27 20:39:27.236 [info] Got 3 sessions for ...
2025-01-27 20:39:27.238 [info] Getting sessions for read:user,repo,user:email,workflow...
2025-01-27 20:39:27.238 [info] Got 1 sessions for read:user,repo,user:email,workflow...
2025-01-27 20:39:31.814 [info] Getting sessions for read:user,repo,user:email,workflow...
2025-01-27 20:39:31.814 [info] Got 1 sessions for read:user,repo,user:email,workflow...
2025-01-27 20:48:20.760 [info] Getting sessions for all scopes...
2025-01-27 20:48:20.760 [info] Got 3 sessions for ...
2025-01-27 20:54:27.243 [info] Getting sessions for all scopes...
2025-01-27 20:54:27.243 [info] Got 3 sessions for ...
2025-01-27 20:54:27.244 [info] Getting sessions for read:user,repo,user:email,workflow...
2025-01-27 20:54:27.244 [info] Got 1 sessions for read:user,repo,user:email,workflow...
2025-01-27 20:54:27.246 [info] Getting sessions for all scopes...
2025-01-27 20:54:27.246 [info] Got 3 sessions for ...
2025-01-27 20:54:27.246 [info] Getting sessions for read:user,repo,user:email,workflow...
2025-01-27 20:54:27.247 [info] Got 1 sessions for read:user,repo,user:email,workflow...
2025-01-27 20:56:22.201 [info] Getting sessions for all scopes...
2025-01-27 20:56:22.201 [info] Got 3 sessions for ...
