2025-01-27 19:33:26.707 [info] [main] Log level: Info
2025-01-27 19:33:26.707 [info] [main] Validating found git in: "git"
2025-01-27 19:33:26.707 [info] [main] Using git "2.48.1" from "git"
2025-01-27 19:33:26.707 [info] [Model][doInitialScan] Initial repository scan started
2025-01-27 19:33:26.707 [info] > git rev-parse --show-toplevel [239ms]
2025-01-27 19:33:26.707 [info] > git rev-parse --git-dir --git-common-dir [4ms]
2025-01-27 19:33:26.707 [info] [Model][openRepository] Opened repository: /home/felipe/blackhole/notas
2025-01-27 19:33:26.756 [info] > git rev-parse --show-toplevel [32ms]
2025-01-27 19:33:26.757 [info] > git config --get commit.template [41ms]
2025-01-27 19:33:26.806 [info] > git rev-parse --show-toplevel [30ms]
2025-01-27 19:33:26.828 [info] > git for-each-ref --format=%(refname)%00%(upstream:short)%00%(objectname)%00%(upstream:track)%00%(upstream:remotename)%00%(upstream:remoteref) refs/heads/main refs/remotes/main [27ms]
2025-01-27 19:33:26.836 [info] > git rev-parse --show-toplevel [16ms]
2025-01-27 19:33:26.842 [info] [Model][doInitialScan] Initial repository scan completed - repositories (1), closed repositories (0), parent repositories (0), unsafe repositories (0)
2025-01-27 19:33:26.942 [info] > git status -z -uall [22ms]
2025-01-27 19:33:26.943 [info] > git for-each-ref --sort -committerdate --format %(refname) %(objectname) %(*objectname) [8ms]
2025-01-27 19:33:26.987 [info] > git for-each-ref --format=%(refname)%00%(upstream:short)%00%(objectname)%00%(upstream:track)%00%(upstream:remotename)%00%(upstream:remoteref) refs/heads/main refs/remotes/main [28ms]
2025-01-27 19:33:27.017 [info] > git config --local branch.main.vscode-merge-base [13ms]
2025-01-27 19:33:27.018 [warning] [Git][config] git config failed: Failed to execute git
2025-01-27 19:33:27.028 [info] > git config --get commit.template [54ms]
2025-01-27 19:33:27.053 [info] > git reflog main --grep-reflog=branch: Created from *. [25ms]
2025-01-27 19:33:27.053 [info] warning: refname 'main' is ambiguous.
2025-01-27 19:33:27.089 [info] > git show --textconv :exemplos/kubernetes/app-variaveis-ambiente/k8s/deployment.yaml [12ms]
2025-01-27 19:33:27.105 [info] > git symbolic-ref --short refs/remotes/origin/HEAD [42ms]
2025-01-27 19:33:27.105 [info] fatal: ref refs/remotes/origin/HEAD is not a symbolic ref
2025-01-27 19:33:27.105 [warning] [Repository][getDefaultBranch] Failed to get default branch details: Failed to execute git.
2025-01-27 19:33:27.118 [info] > git for-each-ref --format=%(refname)%00%(upstream:short)%00%(objectname)%00%(upstream:track)%00%(upstream:remotename)%00%(upstream:remoteref) refs/heads/main refs/remotes/main [66ms]
2025-01-27 19:33:27.210 [info] > git merge-base refs/heads/main refs/remotes/main/main [94ms]
2025-01-27 19:33:27.220 [info] > git ls-files --stage -- /home/felipe/blackhole/notas/exemplos/kubernetes/app-variaveis-ambiente/k8s/deployment.yaml [134ms]
2025-01-27 19:33:27.248 [info] > git cat-file -s 47b12ca468727ce740772472e07c113f31bfb076 [12ms]
2025-01-27 19:33:27.249 [info] > git diff --name-status -z --diff-filter=ADMR 821d8ce675238aeadefa3f9f18111d518e460f50...refs/remotes/main/main [29ms]
2025-01-27 19:33:27.295 [info] > git status -z -uall [30ms]
2025-01-27 19:33:27.295 [info] > git check-ignore -v -z --stdin [4ms]
2025-01-27 19:33:27.297 [info] > git for-each-ref --sort -committerdate --format %(refname) %(objectname) %(*objectname) [20ms]
2025-01-27 19:33:27.345 [info] > git blame --root --incremental 821d8ce675238aeadefa3f9f18111d518e460f50 -- /home/felipe/blackhole/notas/exemplos/kubernetes/app-variaveis-ambiente/k8s/deployment.yaml [22ms]
2025-01-27 19:33:27.372 [info] > git config --get commit.template [6ms]
2025-01-27 19:33:27.390 [info] > git for-each-ref --format=%(refname)%00%(upstream:short)%00%(objectname)%00%(upstream:track)%00%(upstream:remotename)%00%(upstream:remoteref) refs/heads/main refs/remotes/main [3ms]
2025-01-27 19:33:27.419 [info] > git status -z -uall [17ms]
2025-01-27 19:33:27.420 [info] > git for-each-ref --sort -committerdate --format %(refname) %(objectname) %(*objectname) [6ms]
2025-01-27 19:33:27.534 [info] > git fetch [875ms]
2025-01-27 19:33:27.559 [info] > git config --get commit.template [15ms]
2025-01-27 19:33:27.561 [info] > git for-each-ref --format=%(refname)%00%(upstream:short)%00%(objectname)%00%(upstream:track)%00%(upstream:remotename)%00%(upstream:remoteref) refs/heads/main refs/remotes/main [2ms]
2025-01-27 19:33:27.587 [info] > git status -z -uall [15ms]
2025-01-27 19:33:27.590 [info] > git for-each-ref --sort -committerdate --format %(refname) %(objectname) %(*objectname) [4ms]
2025-01-27 19:33:31.119 [info] > git ls-files --stage -- /home/felipe/blackhole/notas/exemplos/kubernetes/app-variaveis-ambiente/k8s/deployment.yaml [764ms]
2025-01-27 19:33:31.142 [info] > git config --get commit.template [824ms]
2025-01-27 19:33:31.275 [info] > git cat-file -s 47b12ca468727ce740772472e07c113f31bfb076 [133ms]
2025-01-27 19:33:31.342 [info] > git show --textconv :exemplos/kubernetes/app-variaveis-ambiente/k8s/deployment.yaml [11ms]
2025-01-27 19:33:31.342 [info] > git for-each-ref --format=%(refname)%00%(upstream:short)%00%(objectname)%00%(upstream:track)%00%(upstream:remotename)%00%(upstream:remoteref) refs/heads/main refs/remotes/main [39ms]
2025-01-27 19:33:31.412 [info] > git status -z -uall [26ms]
2025-01-27 19:33:31.414 [info] > git for-each-ref --sort -committerdate --format %(refname) %(objectname) %(*objectname) [5ms]
2025-01-27 19:33:33.877 [info] > git config --get commit.template [55ms]
2025-01-27 19:33:33.998 [info] > git for-each-ref --format=%(refname)%00%(upstream:short)%00%(objectname)%00%(upstream:track)%00%(upstream:remotename)%00%(upstream:remoteref) refs/heads/main refs/remotes/main [21ms]
2025-01-27 19:33:34.053 [info] > git status -z -uall [25ms]
2025-01-27 19:33:34.056 [info] > git for-each-ref --sort -committerdate --format %(refname) %(objectname) %(*objectname) [4ms]
2025-01-27 19:33:39.329 [info] > git show --textconv :notes/kubernetes.md [62ms]
2025-01-27 19:33:39.353 [info] > git ls-files --stage -- /home/felipe/blackhole/notas/notes/kubernetes.md [38ms]
2025-01-27 19:33:39.391 [info] > git cat-file -s 3d5beda2f0f0434797a433d2e3b08f03e13e5252 [4ms]
2025-01-27 19:33:39.731 [info] > git blame --root --incremental 821d8ce675238aeadefa3f9f18111d518e460f50 -- /home/felipe/blackhole/notas/notes/kubernetes.md [188ms]
2025-01-27 19:33:51.572 [info] > git show --textconv :exemplos/kubernetes/app-variaveis-ambiente/k8s/deployment.yaml [32ms]
2025-01-27 19:33:51.572 [info] > git ls-files --stage -- /home/felipe/blackhole/notas/exemplos/kubernetes/app-variaveis-ambiente/k8s/deployment.yaml [2ms]
2025-01-27 19:33:51.602 [info] > git cat-file -s 47b12ca468727ce740772472e07c113f31bfb076 [5ms]
2025-01-27 19:33:53.090 [info] > git show --textconv :notes/kubernetes.md [1ms]
2025-01-27 19:33:53.124 [info] > git ls-files --stage -- /home/felipe/blackhole/notas/notes/kubernetes.md [3ms]
2025-01-27 19:33:53.169 [info] > git cat-file -s 3d5beda2f0f0434797a433d2e3b08f03e13e5252 [7ms]
2025-01-27 19:33:57.127 [info] > git show --textconv :exemplos/kubernetes/deploy_cmd.yaml [31ms]
2025-01-27 19:33:57.128 [info] > git ls-files --stage -- /home/felipe/blackhole/notas/exemplos/kubernetes/deploy_cmd.yaml [3ms]
2025-01-27 19:33:59.831 [info] > git show --textconv :notes/kubernetes.md [27ms]
2025-01-27 19:33:59.832 [info] > git ls-files --stage -- /home/felipe/blackhole/notas/notes/kubernetes.md [2ms]
2025-01-27 19:33:59.857 [info] > git cat-file -s 3d5beda2f0f0434797a433d2e3b08f03e13e5252 [1ms]
2025-01-27 19:35:20.373 [info] > git rev-parse --show-toplevel [4ms]
2025-01-27 19:35:20.373 [info] fatal: not a git repository (or any of the parent directories): .git
2025-01-27 19:36:13.061 [info] > git rev-parse --show-toplevel [4ms]
2025-01-27 19:36:13.061 [info] fatal: not a git repository (or any of the parent directories): .git
2025-01-27 19:36:29.589 [info] > git fetch [895ms]
2025-01-27 19:36:29.639 [info] > git config --get commit.template [27ms]
2025-01-27 19:36:29.640 [info] > git for-each-ref --format=%(refname)%00%(upstream:short)%00%(objectname)%00%(upstream:track)%00%(upstream:remotename)%00%(upstream:remoteref) refs/heads/main refs/remotes/main [1ms]
2025-01-27 19:36:29.687 [info] > git status -z -uall [26ms]
2025-01-27 19:36:29.687 [info] > git for-each-ref --sort -committerdate --format %(refname) %(objectname) %(*objectname) [2ms]
2025-01-27 19:36:30.814 [info] > git ls-files --stage -- /home/felipe/blackhole/notas/exemplos/kubernetes/deploy_cmd.yaml [2ms]
2025-01-27 19:36:30.839 [info] > git show --textconv :exemplos/kubernetes/deploy_cmd.yaml [3ms]
2025-01-27 19:38:56.754 [info] > git show --textconv :exemplos/kubernetes/deploy_restart.yaml [26ms]
2025-01-27 19:38:56.754 [info] > git ls-files --stage -- /home/felipe/blackhole/notas/exemplos/kubernetes/deploy_restart.yaml [2ms]
2025-01-27 19:39:00.733 [info] > git show --textconv :notes/kubernetes.md [24ms]
2025-01-27 19:39:00.734 [info] > git ls-files --stage -- /home/felipe/blackhole/notas/notes/kubernetes.md [3ms]
2025-01-27 19:39:00.757 [info] > git cat-file -s 3d5beda2f0f0434797a433d2e3b08f03e13e5252 [2ms]
2025-01-27 19:39:12.904 [info] > git blame --root --incremental 821d8ce675238aeadefa3f9f18111d518e460f50 -- /home/felipe/blackhole/notas/exemplos/kubernetes/deploy_restart.yaml [5ms]
2025-01-27 19:39:12.904 [info] fatal: no such path exemplos/kubernetes/deploy_restart.yaml in 821d8ce675238aeadefa3f9f18111d518e460f50
2025-01-27 19:39:16.722 [info] > git config --get commit.template [45ms]
2025-01-27 19:39:16.723 [info] > git for-each-ref --format=%(refname)%00%(upstream:short)%00%(objectname)%00%(upstream:track)%00%(upstream:remotename)%00%(upstream:remoteref) refs/heads/main refs/remotes/main [2ms]
2025-01-27 19:39:16.795 [info] > git status -z -uall [33ms]
2025-01-27 19:39:16.798 [info] > git for-each-ref --sort -committerdate --format %(refname) %(objectname) %(*objectname) [2ms]
2025-01-27 19:39:30.547 [info] > git fetch [827ms]
2025-01-27 19:39:30.595 [info] > git config --get commit.template [24ms]
2025-01-27 19:39:30.596 [info] > git for-each-ref --format=%(refname)%00%(upstream:short)%00%(objectname)%00%(upstream:track)%00%(upstream:remotename)%00%(upstream:remoteref) refs/heads/main refs/remotes/main [2ms]
2025-01-27 19:39:30.656 [info] > git status -z -uall [34ms]
2025-01-27 19:39:30.658 [info] > git for-each-ref --sort -committerdate --format %(refname) %(objectname) %(*objectname) [3ms]
2025-01-27 19:39:31.859 [info] > git ls-files --stage -- /home/felipe/blackhole/notas/exemplos/kubernetes/deploy_restart.yaml [28ms]
2025-01-27 19:39:31.861 [info] > git ls-files --stage -- /home/felipe/blackhole/notas/notes/kubernetes.md [4ms]
2025-01-27 19:39:31.909 [info] > git cat-file -s 3d5beda2f0f0434797a433d2e3b08f03e13e5252 [24ms]
2025-01-27 19:39:31.910 [info] > git show --textconv :exemplos/kubernetes/deploy_restart.yaml [2ms]
2025-01-27 19:39:31.939 [info] > git show --textconv :notes/kubernetes.md [2ms]
2025-01-27 19:41:11.759 [info] > git show --textconv :exemplos/kubernetes/deploy_restart.yaml [27ms]
2025-01-27 19:41:11.760 [info] > git ls-files --stage -- /home/felipe/blackhole/notas/exemplos/kubernetes/deploy_restart.yaml [3ms]
2025-01-27 19:41:13.046 [info] > git show --textconv :exemplos/kubernetes/deploy_cmd.yaml [30ms]
2025-01-27 19:41:13.046 [info] > git ls-files --stage -- /home/felipe/blackhole/notas/exemplos/kubernetes/deploy_cmd.yaml [3ms]
2025-01-27 19:41:16.194 [info] > git show --textconv :notes/kubernetes.md [30ms]
2025-01-27 19:41:16.195 [info] > git ls-files --stage -- /home/felipe/blackhole/notas/notes/kubernetes.md [3ms]
2025-01-27 19:41:16.223 [info] > git cat-file -s 3d5beda2f0f0434797a433d2e3b08f03e13e5252 [1ms]
2025-01-27 19:42:31.579 [info] > git fetch [895ms]
2025-01-27 19:42:31.632 [info] > git config --get commit.template [26ms]
2025-01-27 19:42:31.633 [info] > git for-each-ref --format=%(refname)%00%(upstream:short)%00%(objectname)%00%(upstream:track)%00%(upstream:remotename)%00%(upstream:remoteref) refs/heads/main refs/remotes/main [2ms]
2025-01-27 19:42:31.692 [info] > git status -z -uall [30ms]
2025-01-27 19:42:31.694 [info] > git for-each-ref --sort -committerdate --format %(refname) %(objectname) %(*objectname) [4ms]
2025-01-27 19:42:50.052 [info] > git ls-files --stage -- /home/felipe/blackhole/notas/exemplos/kubernetes/deploy_restart.yaml [37ms]
2025-01-27 19:42:50.053 [info] > git ls-files --stage -- /home/felipe/blackhole/notas/notes/kubernetes.md [3ms]
2025-01-27 19:42:50.136 [info] > git cat-file -s 3d5beda2f0f0434797a433d2e3b08f03e13e5252 [43ms]
2025-01-27 19:42:50.137 [info] > git show --textconv :exemplos/kubernetes/deploy_restart.yaml [2ms]
2025-01-27 19:42:50.170 [info] > git show --textconv :notes/kubernetes.md [2ms]
2025-01-27 19:43:05.890 [info] > git config --get commit.template [32ms]
2025-01-27 19:43:05.894 [info] > git for-each-ref --format=%(refname)%00%(upstream:short)%00%(objectname)%00%(upstream:track)%00%(upstream:remotename)%00%(upstream:remoteref) refs/heads/main refs/remotes/main [5ms]
2025-01-27 19:43:05.949 [info] > git for-each-ref --sort -committerdate --format %(refname) %(objectname) %(*objectname) [8ms]
2025-01-27 19:43:05.989 [info] > git status -z -uall [70ms]
2025-01-27 19:45:32.730 [info] > git fetch [1007ms]
2025-01-27 19:45:32.790 [info] > git config --get commit.template [34ms]
2025-01-27 19:45:32.791 [info] > git for-each-ref --format=%(refname)%00%(upstream:short)%00%(objectname)%00%(upstream:track)%00%(upstream:remotename)%00%(upstream:remoteref) refs/heads/main refs/remotes/main [1ms]
2025-01-27 19:45:32.843 [info] > git status -z -uall [25ms]
2025-01-27 19:45:32.846 [info] > git for-each-ref --sort -committerdate --format %(refname) %(objectname) %(*objectname) [4ms]
2025-01-27 19:45:34.000 [info] > git ls-files --stage -- /home/felipe/blackhole/notas/exemplos/kubernetes/deploy_restart.yaml [25ms]
2025-01-27 19:45:34.001 [info] > git ls-files --stage -- /home/felipe/blackhole/notas/notes/kubernetes.md [2ms]
2025-01-27 19:45:34.045 [info] > git cat-file -s 3d5beda2f0f0434797a433d2e3b08f03e13e5252 [23ms]
2025-01-27 19:45:34.046 [info] > git show --textconv :exemplos/kubernetes/deploy_restart.yaml [2ms]
2025-01-27 19:45:34.069 [info] > git show --textconv :notes/kubernetes.md [1ms]
2025-01-27 19:45:43.244 [info] > git config --get commit.template [21ms]
2025-01-27 19:45:43.245 [info] > git for-each-ref --format=%(refname)%00%(upstream:short)%00%(objectname)%00%(upstream:track)%00%(upstream:remotename)%00%(upstream:remoteref) refs/heads/main refs/remotes/main [2ms]
2025-01-27 19:45:43.290 [info] > git status -z -uall [22ms]
2025-01-27 19:45:43.291 [info] > git for-each-ref --sort -committerdate --format %(refname) %(objectname) %(*objectname) [2ms]
2025-01-27 19:45:48.337 [info] > git config --get commit.template [21ms]
2025-01-27 19:45:48.338 [info] > git for-each-ref --format=%(refname)%00%(upstream:short)%00%(objectname)%00%(upstream:track)%00%(upstream:remotename)%00%(upstream:remoteref) refs/heads/main refs/remotes/main [2ms]
2025-01-27 19:45:48.381 [info] > git status -z -uall [22ms]
2025-01-27 19:45:48.382 [info] > git for-each-ref --sort -committerdate --format %(refname) %(objectname) %(*objectname) [2ms]
2025-01-27 19:46:00.676 [info] > git config --get commit.template [23ms]
2025-01-27 19:46:00.677 [info] > git for-each-ref --format=%(refname)%00%(upstream:short)%00%(objectname)%00%(upstream:track)%00%(upstream:remotename)%00%(upstream:remoteref) refs/heads/main refs/remotes/main [2ms]
2025-01-27 19:46:00.720 [info] > git status -z -uall [23ms]
2025-01-27 19:46:00.721 [info] > git for-each-ref --sort -committerdate --format %(refname) %(objectname) %(*objectname) [2ms]
2025-01-27 19:47:38.530 [info] > git config --get commit.template [24ms]
2025-01-27 19:47:38.530 [info] > git for-each-ref --format=%(refname)%00%(upstream:short)%00%(objectname)%00%(upstream:track)%00%(upstream:remotename)%00%(upstream:remoteref) refs/heads/main refs/remotes/main [1ms]
2025-01-27 19:47:38.581 [info] > git status -z -uall [27ms]
2025-01-27 19:47:38.583 [info] > git for-each-ref --sort -committerdate --format %(refname) %(objectname) %(*objectname) [1ms]
2025-01-27 19:48:33.796 [info] > git fetch [920ms]
2025-01-27 19:48:33.850 [info] > git config --get commit.template [29ms]
2025-01-27 19:48:33.851 [info] > git for-each-ref --format=%(refname)%00%(upstream:short)%00%(objectname)%00%(upstream:track)%00%(upstream:remotename)%00%(upstream:remoteref) refs/heads/main refs/remotes/main [1ms]
2025-01-27 19:48:33.906 [info] > git status -z -uall [28ms]
2025-01-27 19:48:33.907 [info] > git for-each-ref --sort -committerdate --format %(refname) %(objectname) %(*objectname) [3ms]
2025-01-27 19:48:35.060 [info] > git ls-files --stage -- /home/felipe/blackhole/notas/exemplos/kubernetes/deploy_restart.yaml [27ms]
2025-01-27 19:48:35.061 [info] > git ls-files --stage -- /home/felipe/blackhole/notas/notes/kubernetes.md [3ms]
2025-01-27 19:48:35.111 [info] > git cat-file -s 3d5beda2f0f0434797a433d2e3b08f03e13e5252 [26ms]
2025-01-27 19:48:35.112 [info] > git show --textconv :exemplos/kubernetes/deploy_restart.yaml [1ms]
2025-01-27 19:48:35.141 [info] > git show --textconv :notes/kubernetes.md [2ms]
2025-01-27 19:49:22.930 [info] [main] Log level: Info
2025-01-27 19:49:22.931 [info] [main] Validating found git in: "git"
2025-01-27 19:49:22.931 [info] [main] Using git "2.48.1" from "git"
2025-01-27 19:49:22.931 [info] [Model][doInitialScan] Initial repository scan started
2025-01-27 19:49:22.931 [info] > git rev-parse --show-toplevel [122ms]
2025-01-27 19:49:23.823 [info] > git rev-parse --git-dir --git-common-dir [879ms]
2025-01-27 19:49:23.881 [info] [Model][openRepository] Opened repository: /home/felipe/blackhole/notas
2025-01-27 19:49:24.329 [info] > git rev-parse --show-toplevel [210ms]
2025-01-27 19:49:24.332 [info] > git config --get commit.template [240ms]
2025-01-27 19:49:24.592 [info] > git rev-parse --show-toplevel [143ms]
2025-01-27 19:49:24.617 [info] > git for-each-ref --format=%(refname)%00%(upstream:short)%00%(objectname)%00%(upstream:track)%00%(upstream:remotename)%00%(upstream:remoteref) refs/heads/main refs/remotes/main [36ms]
2025-01-27 19:49:24.661 [info] > git rev-parse --show-toplevel [48ms]
2025-01-27 19:49:24.702 [info] > git rev-parse --show-toplevel [22ms]
2025-01-27 19:49:24.705 [info] [Model][doInitialScan] Initial repository scan completed - repositories (1), closed repositories (0), parent repositories (0), unsafe repositories (0)
2025-01-27 19:49:24.815 [info] > git show --textconv :exemplos/kubernetes/deploy_restart.yaml [72ms]
2025-01-27 19:49:24.815 [info] > git status -z -uall [44ms]
2025-01-27 19:49:24.823 [info] > git ls-files --stage -- /home/felipe/blackhole/notas/notes/kubernetes.md [101ms]
2025-01-27 19:49:24.967 [info] > git check-ignore -v -z --stdin [100ms]
2025-01-27 19:49:24.971 [info] > git cat-file -s 3d5beda2f0f0434797a433d2e3b08f03e13e5252 [129ms]
2025-01-27 19:49:24.972 [info] > git for-each-ref --sort -committerdate --format %(refname) %(objectname) %(*objectname) [185ms]
2025-01-27 19:49:25.002 [info] > git fetch [1122ms]
2025-01-27 19:49:25.003 [info] > git ls-files --stage -- /home/felipe/blackhole/notas/exemplos/kubernetes/deploy_restart.yaml [244ms]
2025-01-27 19:49:25.070 [info] > git for-each-ref --format=%(refname)%00%(upstream:short)%00%(objectname)%00%(upstream:track)%00%(upstream:remotename)%00%(upstream:remoteref) refs/heads/main refs/remotes/main [73ms]
2025-01-27 19:49:25.138 [info] > git show --textconv :notes/kubernetes.md [29ms]
2025-01-27 19:49:25.141 [info] > git blame --root --incremental 821d8ce675238aeadefa3f9f18111d518e460f50 -- /home/felipe/blackhole/notas/exemplos/kubernetes/deploy_restart.yaml [8ms]
2025-01-27 19:49:25.141 [info] fatal: no such path exemplos/kubernetes/deploy_restart.yaml in 821d8ce675238aeadefa3f9f18111d518e460f50
2025-01-27 19:49:25.142 [info] > git config --local branch.main.vscode-merge-base [58ms]
2025-01-27 19:49:25.143 [warning] [Git][config] git config failed: Failed to execute git
2025-01-27 19:49:25.155 [info] > git config --get commit.template [97ms]
2025-01-27 19:49:25.155 [info] > git config --get commit.template [114ms]
2025-01-27 19:49:25.188 [info] > git reflog main --grep-reflog=branch: Created from *. [34ms]
2025-01-27 19:49:25.188 [info] warning: refname 'main' is ambiguous.
2025-01-27 19:49:25.254 [info] > git symbolic-ref --short refs/remotes/origin/HEAD [57ms]
2025-01-27 19:49:25.254 [info] fatal: ref refs/remotes/origin/HEAD is not a symbolic ref
2025-01-27 19:49:25.254 [warning] [Repository][getDefaultBranch] Failed to get default branch details: Failed to execute git.
2025-01-27 19:49:25.273 [info] > git for-each-ref --format=%(refname)%00%(upstream:short)%00%(objectname)%00%(upstream:track)%00%(upstream:remotename)%00%(upstream:remoteref) refs/heads/main refs/remotes/main [94ms]
2025-01-27 19:49:25.274 [info] > git for-each-ref --format=%(refname)%00%(upstream:short)%00%(objectname)%00%(upstream:track)%00%(upstream:remotename)%00%(upstream:remoteref) refs/heads/main refs/remotes/main [104ms]
2025-01-27 19:49:25.280 [info] > git merge-base refs/heads/main refs/remotes/main/main [9ms]
2025-01-27 19:49:25.309 [info] > git diff --name-status -z --diff-filter=ADMR 821d8ce675238aeadefa3f9f18111d518e460f50...refs/remotes/main/main [12ms]
2025-01-27 19:49:25.368 [info] > git status -z -uall [35ms]
2025-01-27 19:49:25.369 [info] > git for-each-ref --sort -committerdate --format %(refname) %(objectname) %(*objectname) [25ms]
2025-01-27 19:49:25.510 [info] > git config --get commit.template [3ms]
2025-01-27 19:49:25.537 [info] > git for-each-ref --format=%(refname)%00%(upstream:short)%00%(objectname)%00%(upstream:track)%00%(upstream:remotename)%00%(upstream:remoteref) refs/heads/main refs/remotes/main [3ms]
2025-01-27 19:49:25.584 [info] > git status -z -uall [28ms]
2025-01-27 19:49:25.588 [info] > git for-each-ref --sort -committerdate --format %(refname) %(objectname) %(*objectname) [9ms]
2025-01-27 19:49:26.991 [info] > git ls-files --stage -- /home/felipe/blackhole/notas/exemplos/kubernetes/deploy_restart.yaml [6ms]
2025-01-27 19:49:26.991 [info] > git ls-files --stage -- /home/felipe/blackhole/notas/notes/kubernetes.md [17ms]
2025-01-27 19:49:27.042 [info] > git cat-file -s 3d5beda2f0f0434797a433d2e3b08f03e13e5252 [38ms]
2025-01-27 19:49:27.064 [info] > git show --textconv :exemplos/kubernetes/deploy_restart.yaml [2ms]
2025-01-27 19:49:27.083 [info] > git show --textconv :notes/kubernetes.md [6ms]
2025-01-27 19:49:55.443 [info] > git config --get commit.template [1ms]
2025-01-27 19:49:55.478 [info] > git for-each-ref --format=%(refname)%00%(upstream:short)%00%(objectname)%00%(upstream:track)%00%(upstream:remotename)%00%(upstream:remoteref) refs/heads/main refs/remotes/main [2ms]
2025-01-27 19:49:55.532 [info] > git status -z -uall [27ms]
2025-01-27 19:49:55.533 [info] > git for-each-ref --sort -committerdate --format %(refname) %(objectname) %(*objectname) [2ms]
2025-01-27 19:50:15.683 [info] > git config --get commit.template [24ms]
2025-01-27 19:50:15.683 [info] > git for-each-ref --format=%(refname)%00%(upstream:short)%00%(objectname)%00%(upstream:track)%00%(upstream:remotename)%00%(upstream:remoteref) refs/heads/main refs/remotes/main [1ms]
2025-01-27 19:50:15.731 [info] > git status -z -uall [24ms]
2025-01-27 19:50:15.732 [info] > git for-each-ref --sort -committerdate --format %(refname) %(objectname) %(*objectname) [2ms]
2025-01-27 19:50:33.953 [info] > git config --get commit.template [3ms]
2025-01-27 19:50:33.976 [info] > git for-each-ref --format=%(refname)%00%(upstream:short)%00%(objectname)%00%(upstream:track)%00%(upstream:remotename)%00%(upstream:remoteref) refs/heads/main refs/remotes/main [2ms]
2025-01-27 19:50:34.022 [info] > git status -z -uall [25ms]
2025-01-27 19:50:34.023 [info] > git for-each-ref --sort -committerdate --format %(refname) %(objectname) %(*objectname) [2ms]
2025-01-27 19:52:26.326 [info] > git fetch [930ms]
2025-01-27 19:52:26.371 [info] > git config --get commit.template [23ms]
2025-01-27 19:52:26.372 [info] > git for-each-ref --format=%(refname)%00%(upstream:short)%00%(objectname)%00%(upstream:track)%00%(upstream:remotename)%00%(upstream:remoteref) refs/heads/main refs/remotes/main [2ms]
2025-01-27 19:52:26.419 [info] > git status -z -uall [26ms]
2025-01-27 19:52:26.419 [info] > git for-each-ref --sort -committerdate --format %(refname) %(objectname) %(*objectname) [3ms]
2025-01-27 19:52:27.447 [info] > git config --get commit.template [2ms]
2025-01-27 19:52:27.478 [info] > git for-each-ref --format=%(refname)%00%(upstream:short)%00%(objectname)%00%(upstream:track)%00%(upstream:remotename)%00%(upstream:remoteref) refs/heads/main refs/remotes/main [4ms]
2025-01-27 19:52:27.530 [info] > git status -z -uall [27ms]
2025-01-27 19:52:27.530 [info] > git for-each-ref --sort -committerdate --format %(refname) %(objectname) %(*objectname) [4ms]
2025-01-27 19:52:27.600 [info] > git ls-files --stage -- /home/felipe/blackhole/notas/exemplos/kubernetes/deploy_restart.yaml [13ms]
2025-01-27 19:52:27.601 [info] > git ls-files --stage -- /home/felipe/blackhole/notas/notes/kubernetes.md [41ms]
2025-01-27 19:52:27.626 [info] > git cat-file -s 3d5beda2f0f0434797a433d2e3b08f03e13e5252 [2ms]
2025-01-27 19:52:27.675 [info] > git show --textconv :exemplos/kubernetes/deploy_restart.yaml [26ms]
2025-01-27 19:52:27.676 [info] > git show --textconv :notes/kubernetes.md [3ms]
2025-01-27 19:53:03.337 [info] > git config --get commit.template [24ms]
2025-01-27 19:53:03.338 [info] > git for-each-ref --format=%(refname)%00%(upstream:short)%00%(objectname)%00%(upstream:track)%00%(upstream:remotename)%00%(upstream:remoteref) refs/heads/main refs/remotes/main [2ms]
2025-01-27 19:53:03.384 [info] > git status -z -uall [24ms]
2025-01-27 19:53:03.385 [info] > git for-each-ref --sort -committerdate --format %(refname) %(objectname) %(*objectname) [2ms]
2025-01-27 19:54:17.847 [info] > git show --textconv :exemplos/kubernetes/deployment.yaml [24ms]
2025-01-27 19:54:17.848 [info] > git ls-files --stage -- /home/felipe/blackhole/notas/exemplos/kubernetes/deployment.yaml [3ms]
2025-01-27 19:54:17.877 [info] > git blame --root --incremental 821d8ce675238aeadefa3f9f18111d518e460f50 -- /home/felipe/blackhole/notas/exemplos/kubernetes/deployment.yaml [2ms]
2025-01-27 19:54:17.877 [info] fatal: no such path exemplos/kubernetes/deployment.yaml in 821d8ce675238aeadefa3f9f18111d518e460f50
2025-01-27 19:54:18.102 [info] > git check-ignore -v -z --stdin [1ms]
2025-01-27 19:54:18.679 [info] > git config --get commit.template [2ms]
2025-01-27 19:54:18.702 [info] > git for-each-ref --format=%(refname)%00%(upstream:short)%00%(objectname)%00%(upstream:track)%00%(upstream:remotename)%00%(upstream:remoteref) refs/heads/main refs/remotes/main [2ms]
2025-01-27 19:54:18.747 [info] > git status -z -uall [23ms]
2025-01-27 19:54:18.748 [info] > git for-each-ref --sort -committerdate --format %(refname) %(objectname) %(*objectname) [2ms]
2025-01-27 19:55:27.372 [info] > git fetch [926ms]
2025-01-27 19:55:27.426 [info] > git config --get commit.template [28ms]
2025-01-27 19:55:27.427 [info] > git for-each-ref --format=%(refname)%00%(upstream:short)%00%(objectname)%00%(upstream:track)%00%(upstream:remotename)%00%(upstream:remoteref) refs/heads/main refs/remotes/main [2ms]
2025-01-27 19:55:27.485 [info] > git status -z -uall [29ms]
2025-01-27 19:55:27.485 [info] > git for-each-ref --sort -committerdate --format %(refname) %(objectname) %(*objectname) [3ms]
2025-01-27 19:55:28.659 [info] > git ls-files --stage -- /home/felipe/blackhole/notas/notes/kubernetes.md [26ms]
2025-01-27 19:55:28.685 [info] > git ls-files --stage -- /home/felipe/blackhole/notas/exemplos/kubernetes/deployment.yaml [26ms]
2025-01-27 19:55:28.687 [info] > git cat-file -s 3d5beda2f0f0434797a433d2e3b08f03e13e5252 [3ms]
2025-01-27 19:55:28.740 [info] > git show --textconv :exemplos/kubernetes/deployment.yaml [26ms]
2025-01-27 19:55:28.741 [info] > git show --textconv :notes/kubernetes.md [1ms]
2025-01-27 19:55:50.017 [info] > git show --textconv :exemplos/kubernetes/deployment_policy.yaml [25ms]
2025-01-27 19:55:50.018 [info] > git ls-files --stage -- /home/felipe/blackhole/notas/exemplos/kubernetes/deployment_policy.yaml [3ms]
2025-01-27 19:55:52.858 [info] > git show --textconv :exemplos/kubernetes/deployment_old.yaml [24ms]
2025-01-27 19:55:52.859 [info] > git ls-files --stage -- /home/felipe/blackhole/notas/exemplos/kubernetes/deployment_old.yaml [2ms]
2025-01-27 19:55:52.884 [info] > git cat-file -s 88b214b7e08a13ad136944bbdb68de817040b255 [2ms]
2025-01-27 19:55:59.101 [info] > git show --textconv :exemplos/kubernetes/deploy_cmd.yaml [28ms]
2025-01-27 19:55:59.101 [info] > git ls-files --stage -- /home/felipe/blackhole/notas/exemplos/kubernetes/deploy_cmd.yaml [3ms]
2025-01-27 19:56:00.122 [info] > git show --textconv :exemplos/kubernetes/deployment.yaml [25ms]
2025-01-27 19:56:00.123 [info] > git ls-files --stage -- /home/felipe/blackhole/notas/exemplos/kubernetes/deployment.yaml [2ms]
2025-01-27 19:56:57.361 [info] > git config --get commit.template [2ms]
2025-01-27 19:56:57.385 [info] > git for-each-ref --format=%(refname)%00%(upstream:short)%00%(objectname)%00%(upstream:track)%00%(upstream:remotename)%00%(upstream:remoteref) refs/heads/main refs/remotes/main [2ms]
2025-01-27 19:56:57.433 [info] > git status -z -uall [24ms]
2025-01-27 19:56:57.434 [info] > git for-each-ref --sort -committerdate --format %(refname) %(objectname) %(*objectname) [2ms]
2025-01-27 19:58:28.419 [info] > git fetch [902ms]
2025-01-27 19:58:28.468 [info] > git config --get commit.template [24ms]
2025-01-27 19:58:28.470 [info] > git for-each-ref --format=%(refname)%00%(upstream:short)%00%(objectname)%00%(upstream:track)%00%(upstream:remotename)%00%(upstream:remoteref) refs/heads/main refs/remotes/main [1ms]
2025-01-27 19:58:28.522 [info] > git status -z -uall [27ms]
2025-01-27 19:58:28.523 [info] > git for-each-ref --sort -committerdate --format %(refname) %(objectname) %(*objectname) [2ms]
2025-01-27 19:58:29.677 [info] > git ls-files --stage -- /home/felipe/blackhole/notas/notes/kubernetes.md [25ms]
2025-01-27 19:58:29.703 [info] > git ls-files --stage -- /home/felipe/blackhole/notas/exemplos/kubernetes/deployment.yaml [26ms]
2025-01-27 19:58:29.704 [info] > git cat-file -s 3d5beda2f0f0434797a433d2e3b08f03e13e5252 [2ms]
2025-01-27 19:58:29.758 [info] > git show --textconv :exemplos/kubernetes/deployment.yaml [25ms]
2025-01-27 19:58:29.759 [info] > git show --textconv :notes/kubernetes.md [2ms]
2025-01-27 19:58:51.630 [info] > git blame --root --incremental 821d8ce675238aeadefa3f9f18111d518e460f50 -- /home/felipe/blackhole/notas/notes/kubernetes.md [4ms]
2025-01-27 19:59:24.201 [info] > git config --get commit.template [2ms]
2025-01-27 19:59:24.226 [info] > git for-each-ref --format=%(refname)%00%(upstream:short)%00%(objectname)%00%(upstream:track)%00%(upstream:remotename)%00%(upstream:remoteref) refs/heads/main refs/remotes/main [1ms]
2025-01-27 19:59:24.272 [info] > git status -z -uall [24ms]
2025-01-27 19:59:24.273 [info] > git for-each-ref --sort -committerdate --format %(refname) %(objectname) %(*objectname) [2ms]
2025-01-27 19:59:42.592 [info] > git config --get commit.template [4ms]
2025-01-27 19:59:42.625 [info] > git for-each-ref --format=%(refname)%00%(upstream:short)%00%(objectname)%00%(upstream:track)%00%(upstream:remotename)%00%(upstream:remoteref) refs/heads/main refs/remotes/main [2ms]
2025-01-27 19:59:42.685 [info] > git status -z -uall [27ms]
2025-01-27 19:59:42.686 [info] > git for-each-ref --sort -committerdate --format %(refname) %(objectname) %(*objectname) [2ms]
2025-01-27 20:01:29.478 [info] > git fetch [927ms]
2025-01-27 20:01:29.529 [info] > git config --get commit.template [26ms]
2025-01-27 20:01:29.530 [info] > git for-each-ref --format=%(refname)%00%(upstream:short)%00%(objectname)%00%(upstream:track)%00%(upstream:remotename)%00%(upstream:remoteref) refs/heads/main refs/remotes/main [2ms]
2025-01-27 20:01:29.586 [info] > git status -z -uall [31ms]
2025-01-27 20:01:29.586 [info] > git for-each-ref --sort -committerdate --format %(refname) %(objectname) %(*objectname) [3ms]
2025-01-27 20:01:30.736 [info] > git ls-files --stage -- /home/felipe/blackhole/notas/notes/kubernetes.md [25ms]
2025-01-27 20:01:30.762 [info] > git ls-files --stage -- /home/felipe/blackhole/notas/exemplos/kubernetes/deployment.yaml [27ms]
2025-01-27 20:01:30.763 [info] > git cat-file -s 3d5beda2f0f0434797a433d2e3b08f03e13e5252 [3ms]
2025-01-27 20:01:30.817 [info] > git show --textconv :exemplos/kubernetes/deployment.yaml [27ms]
2025-01-27 20:01:30.818 [info] > git show --textconv :notes/kubernetes.md [2ms]
2025-01-27 20:03:45.032 [info] > git config --get commit.template [26ms]
2025-01-27 20:03:45.033 [info] > git for-each-ref --format=%(refname)%00%(upstream:short)%00%(objectname)%00%(upstream:track)%00%(upstream:remotename)%00%(upstream:remoteref) refs/heads/main refs/remotes/main [2ms]
2025-01-27 20:03:45.086 [info] > git status -z -uall [28ms]
2025-01-27 20:03:45.088 [info] > git for-each-ref --sort -committerdate --format %(refname) %(objectname) %(*objectname) [1ms]
2025-01-27 20:04:07.109 [info] > git config --get commit.template [27ms]
2025-01-27 20:04:07.109 [info] > git for-each-ref --format=%(refname)%00%(upstream:short)%00%(objectname)%00%(upstream:track)%00%(upstream:remotename)%00%(upstream:remoteref) refs/heads/main refs/remotes/main [1ms]
2025-01-27 20:04:07.161 [info] > git status -z -uall [25ms]
2025-01-27 20:04:07.162 [info] > git for-each-ref --sort -committerdate --format %(refname) %(objectname) %(*objectname) [2ms]
2025-01-27 20:04:31.431 [info] > git fetch [900ms]
2025-01-27 20:04:31.484 [info] > git config --get commit.template [27ms]
2025-01-27 20:04:31.485 [info] > git for-each-ref --format=%(refname)%00%(upstream:short)%00%(objectname)%00%(upstream:track)%00%(upstream:remotename)%00%(upstream:remoteref) refs/heads/main refs/remotes/main [2ms]
2025-01-27 20:04:31.545 [info] > git status -z -uall [31ms]
2025-01-27 20:04:31.546 [info] > git for-each-ref --sort -committerdate --format %(refname) %(objectname) %(*objectname) [4ms]
2025-01-27 20:04:38.972 [info] > git ls-files --stage -- /home/felipe/blackhole/notas/notes/kubernetes.md [33ms]
2025-01-27 20:04:39.004 [info] > git ls-files --stage -- /home/felipe/blackhole/notas/exemplos/kubernetes/deployment.yaml [33ms]
2025-01-27 20:04:39.006 [info] > git cat-file -s 3d5beda2f0f0434797a433d2e3b08f03e13e5252 [3ms]
2025-01-27 20:04:39.083 [info] > git show --textconv :exemplos/kubernetes/deployment.yaml [38ms]
2025-01-27 20:04:39.083 [info] > git show --textconv :notes/kubernetes.md [4ms]
2025-01-27 20:06:57.057 [info] > git config --get commit.template [29ms]
2025-01-27 20:06:57.058 [info] > git for-each-ref --format=%(refname)%00%(upstream:short)%00%(objectname)%00%(upstream:track)%00%(upstream:remotename)%00%(upstream:remoteref) refs/heads/main refs/remotes/main [2ms]
2025-01-27 20:06:57.121 [info] > git status -z -uall [34ms]
2025-01-27 20:06:57.122 [info] > git for-each-ref --sort -committerdate --format %(refname) %(objectname) %(*objectname) [2ms]
2025-01-27 20:07:12.102 [info] > git config --get commit.template [29ms]
2025-01-27 20:07:12.103 [info] > git for-each-ref --format=%(refname)%00%(upstream:short)%00%(objectname)%00%(upstream:track)%00%(upstream:remotename)%00%(upstream:remoteref) refs/heads/main refs/remotes/main [2ms]
2025-01-27 20:07:12.162 [info] > git status -z -uall [30ms]
2025-01-27 20:07:12.164 [info] > git for-each-ref --sort -committerdate --format %(refname) %(objectname) %(*objectname) [2ms]
2025-01-27 20:08:08.318 [info] > git fetch [885ms]
2025-01-27 20:08:08.374 [info] > git config --get commit.template [26ms]
2025-01-27 20:08:08.374 [info] > git for-each-ref --format=%(refname)%00%(upstream:short)%00%(objectname)%00%(upstream:track)%00%(upstream:remotename)%00%(upstream:remoteref) refs/heads/main refs/remotes/main [2ms]
2025-01-27 20:08:08.429 [info] > git status -z -uall [28ms]
2025-01-27 20:08:08.430 [info] > git for-each-ref --sort -committerdate --format %(refname) %(objectname) %(*objectname) [2ms]
2025-01-27 20:08:09.594 [info] > git ls-files --stage -- /home/felipe/blackhole/notas/notes/kubernetes.md [31ms]
2025-01-27 20:08:09.623 [info] > git cat-file -s 3d5beda2f0f0434797a433d2e3b08f03e13e5252 [2ms]
2025-01-27 20:08:09.624 [info] > git ls-files --stage -- /home/felipe/blackhole/notas/exemplos/kubernetes/deployment.yaml [30ms]
2025-01-27 20:08:09.676 [info] > git show --textconv :notes/kubernetes.md [27ms]
2025-01-27 20:08:09.676 [info] > git show --textconv :exemplos/kubernetes/deployment.yaml [2ms]
2025-01-27 20:08:11.406 [info] > git config --get commit.template [25ms]
2025-01-27 20:08:11.406 [info] > git for-each-ref --format=%(refname)%00%(upstream:short)%00%(objectname)%00%(upstream:track)%00%(upstream:remotename)%00%(upstream:remoteref) refs/heads/main refs/remotes/main [1ms]
2025-01-27 20:08:11.456 [info] > git status -z -uall [26ms]
2025-01-27 20:08:11.457 [info] > git for-each-ref --sort -committerdate --format %(refname) %(objectname) %(*objectname) [3ms]
2025-01-27 20:08:16.509 [info] > git config --get commit.template [24ms]
2025-01-27 20:08:16.510 [info] > git for-each-ref --format=%(refname)%00%(upstream:short)%00%(objectname)%00%(upstream:track)%00%(upstream:remotename)%00%(upstream:remoteref) refs/heads/main refs/remotes/main [1ms]
2025-01-27 20:08:16.559 [info] > git status -z -uall [26ms]
2025-01-27 20:08:16.560 [info] > git for-each-ref --sort -committerdate --format %(refname) %(objectname) %(*objectname) [2ms]
2025-01-27 20:08:21.610 [info] > git config --get commit.template [23ms]
2025-01-27 20:08:21.611 [info] > git for-each-ref --format=%(refname)%00%(upstream:short)%00%(objectname)%00%(upstream:track)%00%(upstream:remotename)%00%(upstream:remoteref) refs/heads/main refs/remotes/main [2ms]
2025-01-27 20:08:21.657 [info] > git status -z -uall [24ms]
2025-01-27 20:08:21.657 [info] > git for-each-ref --sort -committerdate --format %(refname) %(objectname) %(*objectname) [2ms]
2025-01-27 20:09:05.955 [info] > git config --get commit.template [35ms]
2025-01-27 20:09:05.957 [info] > git for-each-ref --format=%(refname)%00%(upstream:short)%00%(objectname)%00%(upstream:track)%00%(upstream:remotename)%00%(upstream:remoteref) refs/heads/main refs/remotes/main [2ms]
2025-01-27 20:09:06.043 [info] > git status -z -uall [38ms]
2025-01-27 20:09:06.045 [info] > git for-each-ref --sort -committerdate --format %(refname) %(objectname) %(*objectname) [3ms]
2025-01-27 20:11:09.365 [info] > git fetch [902ms]
2025-01-27 20:11:09.420 [info] > git config --get commit.template [27ms]
2025-01-27 20:11:09.421 [info] > git for-each-ref --format=%(refname)%00%(upstream:short)%00%(objectname)%00%(upstream:track)%00%(upstream:remotename)%00%(upstream:remoteref) refs/heads/main refs/remotes/main [2ms]
2025-01-27 20:11:09.475 [info] > git status -z -uall [30ms]
2025-01-27 20:11:09.476 [info] > git for-each-ref --sort -committerdate --format %(refname) %(objectname) %(*objectname) [2ms]
2025-01-27 20:11:10.630 [info] > git ls-files --stage -- /home/felipe/blackhole/notas/notes/kubernetes.md [27ms]
2025-01-27 20:11:10.657 [info] > git ls-files --stage -- /home/felipe/blackhole/notas/exemplos/kubernetes/deployment.yaml [27ms]
2025-01-27 20:11:10.658 [info] > git cat-file -s 3d5beda2f0f0434797a433d2e3b08f03e13e5252 [2ms]
2025-01-27 20:11:10.712 [info] > git show --textconv :exemplos/kubernetes/deployment.yaml [28ms]
2025-01-27 20:11:10.714 [info] > git show --textconv :notes/kubernetes.md [3ms]
2025-01-27 20:11:26.007 [info] > git show --textconv :exemplos/kubernetes/deployment.yaml [33ms]
2025-01-27 20:11:26.008 [info] > git ls-files --stage -- /home/felipe/blackhole/notas/exemplos/kubernetes/deployment.yaml [3ms]
2025-01-27 20:12:18.150 [info] > git config --get commit.template [34ms]
2025-01-27 20:12:18.152 [info] > git for-each-ref --format=%(refname)%00%(upstream:short)%00%(objectname)%00%(upstream:track)%00%(upstream:remotename)%00%(upstream:remoteref) refs/heads/main refs/remotes/main [3ms]
2025-01-27 20:12:18.208 [info] > git status -z -uall [31ms]
2025-01-27 20:12:18.208 [info] > git for-each-ref --sort -committerdate --format %(refname) %(objectname) %(*objectname) [2ms]
2025-01-27 20:12:30.096 [info] > git config --get commit.template [42ms]
2025-01-27 20:12:30.098 [info] > git for-each-ref --format=%(refname)%00%(upstream:short)%00%(objectname)%00%(upstream:track)%00%(upstream:remotename)%00%(upstream:remoteref) refs/heads/main refs/remotes/main [4ms]
2025-01-27 20:12:30.176 [info] > git status -z -uall [39ms]
2025-01-27 20:12:30.178 [info] > git for-each-ref --sort -committerdate --format %(refname) %(objectname) %(*objectname) [3ms]
2025-01-27 20:13:36.942 [info] > git config --get commit.template [27ms]
2025-01-27 20:13:36.943 [info] > git for-each-ref --format=%(refname)%00%(upstream:short)%00%(objectname)%00%(upstream:track)%00%(upstream:remotename)%00%(upstream:remoteref) refs/heads/main refs/remotes/main [1ms]
2025-01-27 20:13:37.001 [info] > git status -z -uall [26ms]
2025-01-27 20:13:37.002 [info] > git for-each-ref --sort -committerdate --format %(refname) %(objectname) %(*objectname) [2ms]
2025-01-27 20:13:53.520 [info] > git config --get commit.template [2ms]
2025-01-27 20:13:53.546 [info] > git for-each-ref --format=%(refname)%00%(upstream:short)%00%(objectname)%00%(upstream:track)%00%(upstream:remotename)%00%(upstream:remoteref) refs/heads/main refs/remotes/main [2ms]
2025-01-27 20:13:53.593 [info] > git status -z -uall [23ms]
2025-01-27 20:13:53.594 [info] > git for-each-ref --sort -committerdate --format %(refname) %(objectname) %(*objectname) [1ms]
2025-01-27 20:14:19.523 [info] > git fetch [849ms]
2025-01-27 20:14:19.576 [info] > git config --get commit.template [26ms]
2025-01-27 20:14:19.577 [info] > git for-each-ref --format=%(refname)%00%(upstream:short)%00%(objectname)%00%(upstream:track)%00%(upstream:remotename)%00%(upstream:remoteref) refs/heads/main refs/remotes/main [2ms]
2025-01-27 20:14:19.640 [info] > git status -z -uall [36ms]
2025-01-27 20:14:19.640 [info] > git for-each-ref --sort -committerdate --format %(refname) %(objectname) %(*objectname) [4ms]
2025-01-27 20:14:20.808 [info] > git ls-files --stage -- /home/felipe/blackhole/notas/notes/kubernetes.md [38ms]
2025-01-27 20:14:20.851 [info] > git cat-file -s 3d5beda2f0f0434797a433d2e3b08f03e13e5252 [4ms]
2025-01-27 20:14:20.851 [info] > git ls-files --stage -- /home/felipe/blackhole/notas/exemplos/kubernetes/deployment.yaml [45ms]
2025-01-27 20:14:20.918 [info] > git show --textconv :notes/kubernetes.md [30ms]
2025-01-27 20:14:20.920 [info] > git show --textconv :exemplos/kubernetes/deployment.yaml [2ms]
2025-01-27 20:15:06.730 [info] > git config --get commit.template [1ms]
2025-01-27 20:15:06.760 [info] > git for-each-ref --format=%(refname)%00%(upstream:short)%00%(objectname)%00%(upstream:track)%00%(upstream:remotename)%00%(upstream:remoteref) refs/heads/main refs/remotes/main [2ms]
2025-01-27 20:15:06.816 [info] > git status -z -uall [31ms]
2025-01-27 20:15:06.817 [info] > git for-each-ref --sort -committerdate --format %(refname) %(objectname) %(*objectname) [2ms]
2025-01-27 20:15:17.952 [info] > git config --get commit.template [33ms]
2025-01-27 20:15:17.953 [info] > git for-each-ref --format=%(refname)%00%(upstream:short)%00%(objectname)%00%(upstream:track)%00%(upstream:remotename)%00%(upstream:remoteref) refs/heads/main refs/remotes/main [3ms]
2025-01-27 20:15:18.019 [info] > git status -z -uall [33ms]
2025-01-27 20:15:18.019 [info] > git for-each-ref --sort -committerdate --format %(refname) %(objectname) %(*objectname) [4ms]
2025-01-27 20:15:23.078 [info] > git config --get commit.template [28ms]
2025-01-27 20:15:23.080 [info] > git for-each-ref --format=%(refname)%00%(upstream:short)%00%(objectname)%00%(upstream:track)%00%(upstream:remotename)%00%(upstream:remoteref) refs/heads/main refs/remotes/main [3ms]
2025-01-27 20:15:23.135 [info] > git status -z -uall [28ms]
2025-01-27 20:15:23.137 [info] > git for-each-ref --sort -committerdate --format %(refname) %(objectname) %(*objectname) [2ms]
2025-01-27 20:15:28.862 [info] > git config --get commit.template [30ms]
2025-01-27 20:15:28.864 [info] > git for-each-ref --format=%(refname)%00%(upstream:short)%00%(objectname)%00%(upstream:track)%00%(upstream:remotename)%00%(upstream:remoteref) refs/heads/main refs/remotes/main [3ms]
2025-01-27 20:15:28.921 [info] > git status -z -uall [30ms]
2025-01-27 20:15:28.921 [info] > git for-each-ref --sort -committerdate --format %(refname) %(objectname) %(*objectname) [2ms]
2025-01-27 20:15:33.986 [info] > git config --get commit.template [28ms]
2025-01-27 20:15:33.987 [info] > git for-each-ref --format=%(refname)%00%(upstream:short)%00%(objectname)%00%(upstream:track)%00%(upstream:remotename)%00%(upstream:remoteref) refs/heads/main refs/remotes/main [2ms]
2025-01-27 20:15:34.040 [info] > git status -z -uall [27ms]
2025-01-27 20:15:34.041 [info] > git for-each-ref --sort -committerdate --format %(refname) %(objectname) %(*objectname) [1ms]
2025-01-27 20:15:41.342 [info] > git config --get commit.template [33ms]
2025-01-27 20:15:41.343 [info] > git for-each-ref --format=%(refname)%00%(upstream:short)%00%(objectname)%00%(upstream:track)%00%(upstream:remotename)%00%(upstream:remoteref) refs/heads/main refs/remotes/main [1ms]
2025-01-27 20:15:41.394 [info] > git status -z -uall [26ms]
2025-01-27 20:15:41.396 [info] > git for-each-ref --sort -committerdate --format %(refname) %(objectname) %(*objectname) [2ms]
2025-01-27 20:15:57.223 [info] > git config --get commit.template [30ms]
2025-01-27 20:15:57.223 [info] > git for-each-ref --format=%(refname)%00%(upstream:short)%00%(objectname)%00%(upstream:track)%00%(upstream:remotename)%00%(upstream:remoteref) refs/heads/main refs/remotes/main [1ms]
2025-01-27 20:15:57.288 [info] > git status -z -uall [34ms]
2025-01-27 20:15:57.289 [info] > git for-each-ref --sort -committerdate --format %(refname) %(objectname) %(*objectname) [3ms]
2025-01-27 20:16:02.375 [info] > git config --get commit.template [46ms]
2025-01-27 20:16:02.377 [info] > git for-each-ref --format=%(refname)%00%(upstream:short)%00%(objectname)%00%(upstream:track)%00%(upstream:remotename)%00%(upstream:remoteref) refs/heads/main refs/remotes/main [3ms]
2025-01-27 20:16:02.471 [info] > git status -z -uall [46ms]
2025-01-27 20:16:02.474 [info] > git for-each-ref --sort -committerdate --format %(refname) %(objectname) %(*objectname) [4ms]
2025-01-27 20:17:20.672 [info] > git fetch [1000ms]
2025-01-27 20:17:20.725 [info] > git config --get commit.template [27ms]
2025-01-27 20:17:20.726 [info] > git for-each-ref --format=%(refname)%00%(upstream:short)%00%(objectname)%00%(upstream:track)%00%(upstream:remotename)%00%(upstream:remoteref) refs/heads/main refs/remotes/main [3ms]
2025-01-27 20:17:20.781 [info] > git status -z -uall [28ms]
2025-01-27 20:17:20.782 [info] > git for-each-ref --sort -committerdate --format %(refname) %(objectname) %(*objectname) [2ms]
2025-01-27 20:17:21.936 [info] > git ls-files --stage -- /home/felipe/blackhole/notas/notes/kubernetes.md [27ms]
2025-01-27 20:17:21.963 [info] > git ls-files --stage -- /home/felipe/blackhole/notas/exemplos/kubernetes/deployment.yaml [28ms]
2025-01-27 20:17:21.964 [info] > git cat-file -s 3d5beda2f0f0434797a433d2e3b08f03e13e5252 [2ms]
2025-01-27 20:17:22.018 [info] > git show --textconv :exemplos/kubernetes/deployment.yaml [27ms]
2025-01-27 20:17:22.019 [info] > git show --textconv :notes/kubernetes.md [2ms]
2025-01-27 20:19:13.300 [info] > git config --get commit.template [24ms]
2025-01-27 20:19:13.300 [info] > git for-each-ref --format=%(refname)%00%(upstream:short)%00%(objectname)%00%(upstream:track)%00%(upstream:remotename)%00%(upstream:remoteref) refs/heads/main refs/remotes/main [2ms]
2025-01-27 20:19:13.346 [info] > git status -z -uall [23ms]
2025-01-27 20:19:13.347 [info] > git for-each-ref --sort -committerdate --format %(refname) %(objectname) %(*objectname) [2ms]
2025-01-27 20:19:25.204 [info] > git config --get commit.template [2ms]
2025-01-27 20:19:25.229 [info] > git for-each-ref --format=%(refname)%00%(upstream:short)%00%(objectname)%00%(upstream:track)%00%(upstream:remotename)%00%(upstream:remoteref) refs/heads/main refs/remotes/main [2ms]
2025-01-27 20:19:25.274 [info] > git status -z -uall [23ms]
2025-01-27 20:19:25.275 [info] > git for-each-ref --sort -committerdate --format %(refname) %(objectname) %(*objectname) [2ms]
2025-01-27 20:19:48.957 [info] > git config --get commit.template [24ms]
2025-01-27 20:19:48.957 [info] > git for-each-ref --format=%(refname)%00%(upstream:short)%00%(objectname)%00%(upstream:track)%00%(upstream:remotename)%00%(upstream:remoteref) refs/heads/main refs/remotes/main [1ms]
2025-01-27 20:19:49.014 [info] > git status -z -uall [26ms]
2025-01-27 20:19:49.016 [info] > git for-each-ref --sort -committerdate --format %(refname) %(objectname) %(*objectname) [3ms]
2025-01-27 20:20:01.068 [info] > git config --get commit.template [28ms]
2025-01-27 20:20:01.069 [info] > git for-each-ref --format=%(refname)%00%(upstream:short)%00%(objectname)%00%(upstream:track)%00%(upstream:remotename)%00%(upstream:remoteref) refs/heads/main refs/remotes/main [2ms]
2025-01-27 20:20:01.148 [info] > git status -z -uall [33ms]
2025-01-27 20:20:01.151 [info] > git for-each-ref --sort -committerdate --format %(refname) %(objectname) %(*objectname) [3ms]
2025-01-27 20:20:21.822 [info] > git fetch [1008ms]
2025-01-27 20:20:21.879 [info] > git config --get commit.template [28ms]
2025-01-27 20:20:21.880 [info] > git for-each-ref --format=%(refname)%00%(upstream:short)%00%(objectname)%00%(upstream:track)%00%(upstream:remotename)%00%(upstream:remoteref) refs/heads/main refs/remotes/main [2ms]
2025-01-27 20:20:21.934 [info] > git status -z -uall [26ms]
2025-01-27 20:20:21.935 [info] > git for-each-ref --sort -committerdate --format %(refname) %(objectname) %(*objectname) [2ms]
2025-01-27 20:20:23.126 [info] > git ls-files --stage -- /home/felipe/blackhole/notas/notes/kubernetes.md [28ms]
2025-01-27 20:20:23.154 [info] > git cat-file -s 3d5beda2f0f0434797a433d2e3b08f03e13e5252 [2ms]
2025-01-27 20:20:23.155 [info] > git ls-files --stage -- /home/felipe/blackhole/notas/exemplos/kubernetes/deployment.yaml [29ms]
2025-01-27 20:20:23.214 [info] > git show --textconv :notes/kubernetes.md [29ms]
2025-01-27 20:20:23.215 [info] > git show --textconv :exemplos/kubernetes/deployment.yaml [2ms]
2025-01-27 20:22:39.466 [info] > git config --get commit.template [1ms]
2025-01-27 20:22:39.494 [info] > git for-each-ref --format=%(refname)%00%(upstream:short)%00%(objectname)%00%(upstream:track)%00%(upstream:remotename)%00%(upstream:remoteref) refs/heads/main refs/remotes/main [1ms]
2025-01-27 20:22:39.551 [info] > git status -z -uall [30ms]
2025-01-27 20:22:39.553 [info] > git for-each-ref --sort -committerdate --format %(refname) %(objectname) %(*objectname) [3ms]
2025-01-27 20:23:22.966 [info] > git fetch [997ms]
2025-01-27 20:23:23.027 [info] > git config --get commit.template [34ms]
2025-01-27 20:23:23.028 [info] > git for-each-ref --format=%(refname)%00%(upstream:short)%00%(objectname)%00%(upstream:track)%00%(upstream:remotename)%00%(upstream:remoteref) refs/heads/main refs/remotes/main [2ms]
2025-01-27 20:23:23.083 [info] > git status -z -uall [28ms]
2025-01-27 20:23:23.084 [info] > git for-each-ref --sort -committerdate --format %(refname) %(objectname) %(*objectname) [3ms]
2025-01-27 20:23:24.237 [info] > git ls-files --stage -- /home/felipe/blackhole/notas/notes/kubernetes.md [26ms]
2025-01-27 20:23:24.266 [info] > git ls-files --stage -- /home/felipe/blackhole/notas/exemplos/kubernetes/deployment.yaml [30ms]
2025-01-27 20:23:24.267 [info] > git cat-file -s 3d5beda2f0f0434797a433d2e3b08f03e13e5252 [4ms]
2025-01-27 20:23:24.321 [info] > git show --textconv :exemplos/kubernetes/deployment.yaml [27ms]
2025-01-27 20:23:24.323 [info] > git show --textconv :notes/kubernetes.md [3ms]
2025-01-27 20:23:51.183 [info] > git config --get commit.template [28ms]
2025-01-27 20:23:51.184 [info] > git for-each-ref --format=%(refname)%00%(upstream:short)%00%(objectname)%00%(upstream:track)%00%(upstream:remotename)%00%(upstream:remoteref) refs/heads/main refs/remotes/main [2ms]
2025-01-27 20:23:51.252 [info] > git status -z -uall [37ms]
2025-01-27 20:23:51.253 [info] > git for-each-ref --sort -committerdate --format %(refname) %(objectname) %(*objectname) [6ms]
2025-01-27 20:24:14.387 [info] > git config --get commit.template [28ms]
2025-01-27 20:24:14.388 [info] > git for-each-ref --format=%(refname)%00%(upstream:short)%00%(objectname)%00%(upstream:track)%00%(upstream:remotename)%00%(upstream:remoteref) refs/heads/main refs/remotes/main [2ms]
2025-01-27 20:24:14.441 [info] > git status -z -uall [28ms]
2025-01-27 20:24:14.442 [info] > git for-each-ref --sort -committerdate --format %(refname) %(objectname) %(*objectname) [3ms]
2025-01-27 20:26:24.122 [info] > git fetch [1006ms]
2025-01-27 20:26:24.184 [info] > git config --get commit.template [32ms]
2025-01-27 20:26:24.185 [info] > git for-each-ref --format=%(refname)%00%(upstream:short)%00%(objectname)%00%(upstream:track)%00%(upstream:remotename)%00%(upstream:remoteref) refs/heads/main refs/remotes/main [2ms]
2025-01-27 20:26:24.266 [info] > git status -z -uall [42ms]
2025-01-27 20:26:24.267 [info] > git for-each-ref --sort -committerdate --format %(refname) %(objectname) %(*objectname) [4ms]
2025-01-27 20:27:28.610 [info] > git ls-files --stage -- /home/felipe/blackhole/notas/notes/kubernetes.md [58ms]
2025-01-27 20:27:28.643 [info] > git ls-files --stage -- /home/felipe/blackhole/notas/exemplos/kubernetes/deployment.yaml [35ms]
2025-01-27 20:27:28.646 [info] > git cat-file -s 3d5beda2f0f0434797a433d2e3b08f03e13e5252 [4ms]
2025-01-27 20:27:28.849 [info] > git show --textconv :exemplos/kubernetes/deployment.yaml [31ms]
2025-01-27 20:27:28.850 [info] > git show --textconv :notes/kubernetes.md [2ms]
2025-01-27 20:27:33.056 [info] > git config --get commit.template [2ms]
2025-01-27 20:27:33.162 [info] > git for-each-ref --format=%(refname)%00%(upstream:short)%00%(objectname)%00%(upstream:track)%00%(upstream:remotename)%00%(upstream:remoteref) refs/heads/main refs/remotes/main [24ms]
2025-01-27 20:27:33.271 [info] > git status -z -uall [59ms]
2025-01-27 20:27:33.273 [info] > git for-each-ref --sort -committerdate --format %(refname) %(objectname) %(*objectname) [3ms]
2025-01-27 20:29:25.269 [info] > git fetch [973ms]
2025-01-27 20:29:25.307 [info] > git config --get commit.template [4ms]
2025-01-27 20:29:25.361 [info] > git for-each-ref --format=%(refname)%00%(upstream:short)%00%(objectname)%00%(upstream:track)%00%(upstream:remotename)%00%(upstream:remoteref) refs/heads/main refs/remotes/main [6ms]
2025-01-27 20:29:25.465 [info] > git status -z -uall [53ms]
2025-01-27 20:29:25.465 [info] > git for-each-ref --sort -committerdate --format %(refname) %(objectname) %(*objectname) [3ms]
2025-01-27 20:29:26.520 [info] > git ls-files --stage -- /home/felipe/blackhole/notas/notes/kubernetes.md [27ms]
2025-01-27 20:29:26.548 [info] > git ls-files --stage -- /home/felipe/blackhole/notas/exemplos/kubernetes/deployment.yaml [28ms]
2025-01-27 20:29:26.549 [info] > git cat-file -s 3d5beda2f0f0434797a433d2e3b08f03e13e5252 [2ms]
2025-01-27 20:29:26.607 [info] > git show --textconv :exemplos/kubernetes/deployment.yaml [30ms]
2025-01-27 20:29:26.607 [info] > git show --textconv :notes/kubernetes.md [3ms]
2025-01-27 20:31:34.598 [info] > git config --get commit.template [2ms]
2025-01-27 20:31:34.638 [info] > git for-each-ref --format=%(refname)%00%(upstream:short)%00%(objectname)%00%(upstream:track)%00%(upstream:remotename)%00%(upstream:remoteref) refs/heads/main refs/remotes/main [4ms]
2025-01-27 20:31:34.705 [info] > git status -z -uall [34ms]
2025-01-27 20:31:34.706 [info] > git for-each-ref --sort -committerdate --format %(refname) %(objectname) %(*objectname) [2ms]
2025-01-27 20:32:26.302 [info] > git fetch [806ms]
2025-01-27 20:32:26.333 [info] > git config --get commit.template [2ms]
2025-01-27 20:32:26.362 [info] > git for-each-ref --format=%(refname)%00%(upstream:short)%00%(objectname)%00%(upstream:track)%00%(upstream:remotename)%00%(upstream:remoteref) refs/heads/main refs/remotes/main [1ms]
2025-01-27 20:32:26.421 [info] > git status -z -uall [30ms]
2025-01-27 20:32:26.422 [info] > git for-each-ref --sort -committerdate --format %(refname) %(objectname) %(*objectname) [3ms]
2025-01-27 20:32:42.907 [info] > git ls-files --stage -- /home/felipe/blackhole/notas/notes/kubernetes.md [36ms]
2025-01-27 20:32:42.934 [info] > git ls-files --stage -- /home/felipe/blackhole/notas/exemplos/kubernetes/deployment.yaml [28ms]
2025-01-27 20:32:42.935 [info] > git cat-file -s 3d5beda2f0f0434797a433d2e3b08f03e13e5252 [3ms]
2025-01-27 20:32:43.003 [info] > git show --textconv :exemplos/kubernetes/deployment.yaml [31ms]
2025-01-27 20:32:43.005 [info] > git show --textconv :notes/kubernetes.md [2ms]
2025-01-27 20:35:14.324 [info] > git config --get commit.template [2ms]
2025-01-27 20:35:14.352 [info] > git for-each-ref --format=%(refname)%00%(upstream:short)%00%(objectname)%00%(upstream:track)%00%(upstream:remotename)%00%(upstream:remoteref) refs/heads/main refs/remotes/main [1ms]
2025-01-27 20:35:14.407 [info] > git status -z -uall [29ms]
2025-01-27 20:35:14.409 [info] > git for-each-ref --sort -committerdate --format %(refname) %(objectname) %(*objectname) [3ms]
2025-01-27 20:35:44.342 [info] > git fetch [843ms]
2025-01-27 20:35:44.404 [info] > git config --get commit.template [30ms]
2025-01-27 20:35:44.404 [info] > git for-each-ref --format=%(refname)%00%(upstream:short)%00%(objectname)%00%(upstream:track)%00%(upstream:remotename)%00%(upstream:remoteref) refs/heads/main refs/remotes/main [1ms]
2025-01-27 20:35:44.469 [info] > git status -z -uall [34ms]
2025-01-27 20:35:44.469 [info] > git for-each-ref --sort -committerdate --format %(refname) %(objectname) %(*objectname) [3ms]
2025-01-27 20:35:45.623 [info] > git ls-files --stage -- /home/felipe/blackhole/notas/notes/kubernetes.md [27ms]
2025-01-27 20:35:45.651 [info] > git ls-files --stage -- /home/felipe/blackhole/notas/exemplos/kubernetes/deployment.yaml [29ms]
2025-01-27 20:35:45.654 [info] > git cat-file -s 3d5beda2f0f0434797a433d2e3b08f03e13e5252 [4ms]
2025-01-27 20:35:45.718 [info] > git show --textconv :exemplos/kubernetes/deployment.yaml [37ms]
2025-01-27 20:35:45.722 [info] > git show --textconv :notes/kubernetes.md [5ms]
2025-01-27 20:37:19.966 [info] > git config --get commit.template [23ms]
2025-01-27 20:37:19.967 [info] > git for-each-ref --format=%(refname)%00%(upstream:short)%00%(objectname)%00%(upstream:track)%00%(upstream:remotename)%00%(upstream:remoteref) refs/heads/main refs/remotes/main [2ms]
2025-01-27 20:37:20.014 [info] > git status -z -uall [24ms]
2025-01-27 20:37:20.015 [info] > git for-each-ref --sort -committerdate --format %(refname) %(objectname) %(*objectname) [2ms]
2025-01-27 20:37:23.914 [info] > git show --textconv :exemplos/kubernetes/deployment.yaml [27ms]
2025-01-27 20:37:23.915 [info] > git ls-files --stage -- /home/felipe/blackhole/notas/exemplos/kubernetes/deployment.yaml [3ms]
2025-01-27 20:37:26.759 [info] > git config --get commit.template [25ms]
2025-01-27 20:37:26.760 [info] > git for-each-ref --format=%(refname)%00%(upstream:short)%00%(objectname)%00%(upstream:track)%00%(upstream:remotename)%00%(upstream:remoteref) refs/heads/main refs/remotes/main [2ms]
2025-01-27 20:37:26.820 [info] > git status -z -uall [31ms]
2025-01-27 20:37:26.821 [info] > git for-each-ref --sort -committerdate --format %(refname) %(objectname) %(*objectname) [3ms]
2025-01-27 20:37:34.267 [info] > git config --get commit.template [34ms]
2025-01-27 20:37:34.268 [info] > git for-each-ref --format=%(refname)%00%(upstream:short)%00%(objectname)%00%(upstream:track)%00%(upstream:remotename)%00%(upstream:remoteref) refs/heads/main refs/remotes/main [2ms]
2025-01-27 20:37:34.356 [info] > git status -z -uall [35ms]
2025-01-27 20:37:34.358 [info] > git for-each-ref --sort -committerdate --format %(refname) %(objectname) %(*objectname) [2ms]
2025-01-27 20:39:28.103 [info] > git fetch [1053ms]
2025-01-27 20:39:28.164 [info] > git config --get commit.template [30ms]
2025-01-27 20:39:28.165 [info] > git for-each-ref --format=%(refname)%00%(upstream:short)%00%(objectname)%00%(upstream:track)%00%(upstream:remotename)%00%(upstream:remoteref) refs/heads/main refs/remotes/main [2ms]
2025-01-27 20:39:28.228 [info] > git status -z -uall [31ms]
2025-01-27 20:39:28.229 [info] > git for-each-ref --sort -committerdate --format %(refname) %(objectname) %(*objectname) [2ms]
2025-01-27 20:39:29.385 [info] > git ls-files --stage -- /home/felipe/blackhole/notas/notes/kubernetes.md [27ms]
2025-01-27 20:39:29.412 [info] > git ls-files --stage -- /home/felipe/blackhole/notas/exemplos/kubernetes/deployment.yaml [28ms]
2025-01-27 20:39:29.413 [info] > git cat-file -s 3d5beda2f0f0434797a433d2e3b08f03e13e5252 [2ms]
2025-01-27 20:39:29.469 [info] > git show --textconv :exemplos/kubernetes/deployment.yaml [29ms]
2025-01-27 20:39:29.470 [info] > git show --textconv :notes/kubernetes.md [2ms]
2025-01-27 20:39:33.149 [info] > git config --get commit.template [2ms]
2025-01-27 20:39:33.182 [info] > git for-each-ref --format=%(refname)%00%(upstream:short)%00%(objectname)%00%(upstream:track)%00%(upstream:remotename)%00%(upstream:remoteref) refs/heads/main refs/remotes/main [2ms]
2025-01-27 20:39:33.244 [info] > git status -z -uall [28ms]
2025-01-27 20:39:33.245 [info] > git for-each-ref --sort -committerdate --format %(refname) %(objectname) %(*objectname) [2ms]
2025-01-27 20:42:29.150 [info] > git fetch [893ms]
2025-01-27 20:42:29.204 [info] > git config --get commit.template [26ms]
2025-01-27 20:42:29.205 [info] > git for-each-ref --format=%(refname)%00%(upstream:short)%00%(objectname)%00%(upstream:track)%00%(upstream:remotename)%00%(upstream:remoteref) refs/heads/main refs/remotes/main [2ms]
2025-01-27 20:42:29.262 [info] > git status -z -uall [30ms]
2025-01-27 20:42:29.263 [info] > git for-each-ref --sort -committerdate --format %(refname) %(objectname) %(*objectname) [2ms]
2025-01-27 20:42:30.416 [info] > git ls-files --stage -- /home/felipe/blackhole/notas/notes/kubernetes.md [27ms]
2025-01-27 20:42:30.441 [info] > git ls-files --stage -- /home/felipe/blackhole/notas/exemplos/kubernetes/deployment.yaml [25ms]
2025-01-27 20:42:30.442 [info] > git cat-file -s 3d5beda2f0f0434797a433d2e3b08f03e13e5252 [2ms]
2025-01-27 20:42:30.499 [info] > git show --textconv :exemplos/kubernetes/deployment.yaml [29ms]
2025-01-27 20:42:30.500 [info] > git show --textconv :notes/kubernetes.md [2ms]
2025-01-27 20:45:30.192 [info] > git fetch [902ms]
2025-01-27 20:45:30.238 [info] > git config --get commit.template [23ms]
2025-01-27 20:45:30.240 [info] > git for-each-ref --format=%(refname)%00%(upstream:short)%00%(objectname)%00%(upstream:track)%00%(upstream:remotename)%00%(upstream:remoteref) refs/heads/main refs/remotes/main [2ms]
2025-01-27 20:45:30.288 [info] > git status -z -uall [26ms]
2025-01-27 20:45:30.288 [info] > git for-each-ref --sort -committerdate --format %(refname) %(objectname) %(*objectname) [3ms]
2025-01-27 20:45:31.465 [info] > git ls-files --stage -- /home/felipe/blackhole/notas/notes/kubernetes.md [24ms]
2025-01-27 20:45:31.487 [info] > git ls-files --stage -- /home/felipe/blackhole/notas/exemplos/kubernetes/deployment.yaml [23ms]
2025-01-27 20:45:31.488 [info] > git cat-file -s 3d5beda2f0f0434797a433d2e3b08f03e13e5252 [2ms]
2025-01-27 20:45:31.535 [info] > git show --textconv :exemplos/kubernetes/deployment.yaml [23ms]
2025-01-27 20:45:31.536 [info] > git show --textconv :notes/kubernetes.md [1ms]
2025-01-27 20:48:31.341 [info] > git fetch [1023ms]
2025-01-27 20:48:31.392 [info] > git config --get commit.template [26ms]
2025-01-27 20:48:31.392 [info] > git for-each-ref --format=%(refname)%00%(upstream:short)%00%(objectname)%00%(upstream:track)%00%(upstream:remotename)%00%(upstream:remoteref) refs/heads/main refs/remotes/main [1ms]
2025-01-27 20:48:31.463 [info] > git status -z -uall [45ms]
2025-01-27 20:48:31.463 [info] > git for-each-ref --sort -committerdate --format %(refname) %(objectname) %(*objectname) [21ms]
2025-01-27 20:48:32.613 [info] > git ls-files --stage -- /home/felipe/blackhole/notas/exemplos/kubernetes/deployment.yaml [3ms]
2025-01-27 20:48:32.614 [info] > git ls-files --stage -- /home/felipe/blackhole/notas/notes/kubernetes.md [27ms]
2025-01-27 20:48:32.662 [info] > git cat-file -s 3d5beda2f0f0434797a433d2e3b08f03e13e5252 [25ms]
2025-01-27 20:48:32.663 [info] > git show --textconv :exemplos/kubernetes/deployment.yaml [2ms]
2025-01-27 20:48:32.689 [info] > git show --textconv :notes/kubernetes.md [2ms]
2025-01-27 20:51:32.319 [info] > git fetch [827ms]
2025-01-27 20:51:32.377 [info] > git config --get commit.template [30ms]
2025-01-27 20:51:32.378 [info] > git for-each-ref --format=%(refname)%00%(upstream:short)%00%(objectname)%00%(upstream:track)%00%(upstream:remotename)%00%(upstream:remoteref) refs/heads/main refs/remotes/main [2ms]
2025-01-27 20:51:32.434 [info] > git status -z -uall [29ms]
2025-01-27 20:51:32.435 [info] > git for-each-ref --sort -committerdate --format %(refname) %(objectname) %(*objectname) [2ms]
2025-01-27 20:51:33.623 [info] > git ls-files --stage -- /home/felipe/blackhole/notas/notes/kubernetes.md [28ms]
2025-01-27 20:51:33.652 [info] > git ls-files --stage -- /home/felipe/blackhole/notas/exemplos/kubernetes/deployment.yaml [30ms]
2025-01-27 20:51:33.653 [info] > git cat-file -s 3d5beda2f0f0434797a433d2e3b08f03e13e5252 [2ms]
2025-01-27 20:51:33.709 [info] > git show --textconv :exemplos/kubernetes/deployment.yaml [27ms]
2025-01-27 20:51:33.710 [info] > git show --textconv :notes/kubernetes.md [2ms]
2025-01-27 20:54:33.334 [info] > git fetch [869ms]
2025-01-27 20:54:33.399 [info] > git config --get commit.template [33ms]
2025-01-27 20:54:33.400 [info] > git for-each-ref --format=%(refname)%00%(upstream:short)%00%(objectname)%00%(upstream:track)%00%(upstream:remotename)%00%(upstream:remoteref) refs/heads/main refs/remotes/main [2ms]
2025-01-27 20:54:33.464 [info] > git status -z -uall [33ms]
2025-01-27 20:54:33.465 [info] > git for-each-ref --sort -committerdate --format %(refname) %(objectname) %(*objectname) [3ms]
2025-01-27 20:54:34.618 [info] > git ls-files --stage -- /home/felipe/blackhole/notas/notes/kubernetes.md [27ms]
2025-01-27 20:54:34.645 [info] > git ls-files --stage -- /home/felipe/blackhole/notas/exemplos/kubernetes/deployment.yaml [28ms]
2025-01-27 20:54:34.646 [info] > git cat-file -s 3d5beda2f0f0434797a433d2e3b08f03e13e5252 [2ms]
2025-01-27 20:54:34.705 [info] > git show --textconv :exemplos/kubernetes/deployment.yaml [32ms]
2025-01-27 20:54:34.706 [info] > git show --textconv :notes/kubernetes.md [2ms]
2025-01-27 20:55:21.164 [info] > git config --get commit.template [41ms]
2025-01-27 20:55:21.165 [info] > git for-each-ref --format=%(refname)%00%(upstream:short)%00%(objectname)%00%(upstream:track)%00%(upstream:remotename)%00%(upstream:remoteref) refs/heads/main refs/remotes/main [3ms]
2025-01-27 20:55:21.232 [info] > git status -z -uall [30ms]
2025-01-27 20:55:21.233 [info] > git for-each-ref --sort -committerdate --format %(refname) %(objectname) %(*objectname) [2ms]
2025-01-27 20:55:51.599 [info] > git config --get commit.template [26ms]
2025-01-27 20:55:51.600 [info] > git for-each-ref --format=%(refname)%00%(upstream:short)%00%(objectname)%00%(upstream:track)%00%(upstream:remotename)%00%(upstream:remoteref) refs/heads/main refs/remotes/main [3ms]
2025-01-27 20:55:51.654 [info] > git status -z -uall [29ms]
2025-01-27 20:55:51.655 [info] > git for-each-ref --sort -committerdate --format %(refname) %(objectname) %(*objectname) [2ms]
2025-01-27 20:55:58.184 [info] > git config --get commit.template [34ms]
2025-01-27 20:55:58.185 [info] > git for-each-ref --format=%(refname)%00%(upstream:short)%00%(objectname)%00%(upstream:track)%00%(upstream:remotename)%00%(upstream:remoteref) refs/heads/main refs/remotes/main [2ms]
2025-01-27 20:55:58.275 [info] > git status -z -uall [36ms]
2025-01-27 20:55:58.276 [info] > git for-each-ref --sort -committerdate --format %(refname) %(objectname) %(*objectname) [3ms]
2025-01-27 20:56:34.996 [info] > git config --get commit.template [35ms]
2025-01-27 20:56:34.997 [info] > git for-each-ref --format=%(refname)%00%(upstream:short)%00%(objectname)%00%(upstream:track)%00%(upstream:remotename)%00%(upstream:remoteref) refs/heads/main refs/remotes/main [3ms]
2025-01-27 20:56:35.071 [info] > git status -z -uall [37ms]
2025-01-27 20:56:35.073 [info] > git for-each-ref --sort -committerdate --format %(refname) %(objectname) %(*objectname) [3ms]
2025-01-27 20:56:45.320 [info] > git config --get commit.template [28ms]
2025-01-27 20:56:45.321 [info] > git for-each-ref --format=%(refname)%00%(upstream:short)%00%(objectname)%00%(upstream:track)%00%(upstream:remotename)%00%(upstream:remoteref) refs/heads/main refs/remotes/main [2ms]
2025-01-27 20:56:45.376 [info] > git status -z -uall [29ms]
2025-01-27 20:56:45.377 [info] > git for-each-ref --sort -committerdate --format %(refname) %(objectname) %(*objectname) [3ms]
2025-01-27 20:57:34.481 [info] > git fetch [984ms]
2025-01-27 20:57:34.540 [info] > git config --get commit.template [29ms]
2025-01-27 20:57:34.541 [info] > git for-each-ref --format=%(refname)%00%(upstream:short)%00%(objectname)%00%(upstream:track)%00%(upstream:remotename)%00%(upstream:remoteref) refs/heads/main refs/remotes/main [2ms]
2025-01-27 20:57:34.594 [info] > git status -z -uall [27ms]
2025-01-27 20:57:34.595 [info] > git for-each-ref --sort -committerdate --format %(refname) %(objectname) %(*objectname) [2ms]
2025-01-27 20:57:35.753 [info] > git ls-files --stage -- /home/felipe/blackhole/notas/notes/kubernetes.md [28ms]
2025-01-27 20:57:35.779 [info] > git ls-files --stage -- /home/felipe/blackhole/notas/exemplos/kubernetes/deployment.yaml [27ms]
2025-01-27 20:57:35.780 [info] > git cat-file -s 3d5beda2f0f0434797a433d2e3b08f03e13e5252 [2ms]
2025-01-27 20:57:35.834 [info] > git show --textconv :exemplos/kubernetes/deployment.yaml [28ms]
2025-01-27 20:57:35.835 [info] > git show --textconv :notes/kubernetes.md [2ms]
2025-01-27 20:58:10.262 [info] > git config --get commit.template [32ms]
2025-01-27 20:58:10.263 [info] > git for-each-ref --format=%(refname)%00%(upstream:short)%00%(objectname)%00%(upstream:track)%00%(upstream:remotename)%00%(upstream:remoteref) refs/heads/main refs/remotes/main [1ms]
2025-01-27 20:58:10.321 [info] > git status -z -uall [31ms]
2025-01-27 20:58:10.322 [info] > git for-each-ref --sort -committerdate --format %(refname) %(objectname) %(*objectname) [2ms]
2025-01-27 20:59:34.385 [info] > git config --get commit.template [24ms]
2025-01-27 20:59:34.386 [info] > git for-each-ref --format=%(refname)%00%(upstream:short)%00%(objectname)%00%(upstream:track)%00%(upstream:remotename)%00%(upstream:remoteref) refs/heads/main refs/remotes/main [1ms]
2025-01-27 20:59:34.433 [info] > git status -z -uall [24ms]
2025-01-27 20:59:34.435 [info] > git for-each-ref --sort -committerdate --format %(refname) %(objectname) %(*objectname) [1ms]
