2025-01-27 18:19:35.261 [info] [main] Log level: Info
2025-01-27 18:19:35.261 [info] [main] Validating found git in: "git"
2025-01-27 18:19:35.261 [info] [main] Using git "2.48.1" from "git"
2025-01-27 18:19:35.261 [info] [Model][doInitialScan] Initial repository scan started
2025-01-27 18:19:35.261 [info] > git rev-parse --show-toplevel [17ms]
2025-01-27 18:19:35.261 [info] > git rev-parse --git-dir --git-common-dir [3ms]
2025-01-27 18:19:35.261 [info] [Model][openRepository] Opened repository: /home/felipe/blackhole/notas
2025-01-27 18:19:35.261 [info] > git rev-parse --show-toplevel [12ms]
2025-01-27 18:19:35.261 [info] > git config --get commit.template [31ms]
2025-01-27 18:19:35.261 [info] > git rev-parse --show-toplevel [32ms]
2025-01-27 18:19:35.261 [info] > git for-each-ref --format=%(refname)%00%(upstream:short)%00%(objectname)%00%(upstream:track)%00%(upstream:remotename)%00%(upstream:remoteref) refs/heads/main refs/remotes/main [15ms]
2025-01-27 18:19:35.261 [info] > git rev-parse --show-toplevel [7ms]
2025-01-27 18:19:35.261 [info] [Model][doInitialScan] Initial repository scan completed - repositories (1), closed repositories (0), parent repositories (0), unsafe repositories (0)
2025-01-27 18:19:35.265 [info] > git status -z -uall [26ms]
2025-01-27 18:19:35.273 [info] > git for-each-ref --sort -committerdate --format %(refname) %(objectname) %(*objectname) [13ms]
2025-01-27 18:19:35.309 [info] > git for-each-ref --format=%(refname)%00%(upstream:short)%00%(objectname)%00%(upstream:track)%00%(upstream:remotename)%00%(upstream:remoteref) refs/heads/main refs/remotes/main [5ms]
2025-01-27 18:19:35.343 [info] > git config --get commit.template [3ms]
2025-01-27 18:19:35.343 [info] > git config --local branch.main.vscode-merge-base [21ms]
2025-01-27 18:19:35.343 [warning] [Git][config] git config failed: Failed to execute git
2025-01-27 18:19:35.554 [info] > git for-each-ref --format=%(refname)%00%(upstream:short)%00%(objectname)%00%(upstream:track)%00%(upstream:remotename)%00%(upstream:remoteref) refs/heads/main refs/remotes/main [148ms]
2025-01-27 18:19:35.555 [info] > git reflog main --grep-reflog=branch: Created from *. [186ms]
2025-01-27 18:19:35.555 [info] warning: refname 'main' is ambiguous.
2025-01-27 18:19:35.571 [info] > git symbolic-ref --short refs/remotes/origin/HEAD [6ms]
2025-01-27 18:19:35.571 [info] fatal: ref refs/remotes/origin/HEAD is not a symbolic ref
2025-01-27 18:19:35.571 [warning] [Repository][getDefaultBranch] Failed to get default branch details: Failed to execute git.
2025-01-27 18:19:35.585 [info] > git merge-base refs/heads/main refs/remotes/main/main [3ms]
2025-01-27 18:19:35.624 [info] > git status -z -uall [20ms]
2025-01-27 18:19:35.624 [info] > git for-each-ref --sort -committerdate --format %(refname) %(objectname) %(*objectname) [10ms]
2025-01-27 18:19:35.638 [info] > git diff --name-status -z --diff-filter=ADMR 821d8ce675238aeadefa3f9f18111d518e460f50...refs/remotes/main/main [43ms]
2025-01-27 18:19:35.640 [info] > git merge-base refs/heads/main refs/remotes/main/main [4ms]
2025-01-27 18:19:35.669 [info] > git diff --name-status -z --diff-filter=ADMR 821d8ce675238aeadefa3f9f18111d518e460f50...refs/remotes/main/main [16ms]
2025-01-27 18:19:35.717 [info] > git show --textconv :exemplos/kubernetes/app-variaveis-ambiente/k8s/configmap.yaml [14ms]
2025-01-27 18:19:35.721 [info] > git ls-files --stage -- /home/felipe/blackhole/notas/exemplos/kubernetes/app-variaveis-ambiente/k8s/configmap.yaml [5ms]
2025-01-27 18:19:35.740 [info] > git cat-file -s 48eade248f2eb28d2c8c9054941864afc0718a8d [8ms]
2025-01-27 18:19:35.900 [info] > git check-ignore -v -z --stdin [2ms]
2025-01-27 18:19:35.936 [info] > git blame --root --incremental 821d8ce675238aeadefa3f9f18111d518e460f50 -- /home/felipe/blackhole/notas/exemplos/kubernetes/app-variaveis-ambiente/k8s/configmap.yaml [15ms]
2025-01-27 18:19:36.230 [info] > git fetch [1305ms]
2025-01-27 18:19:36.334 [info] > git config --get commit.template [5ms]
2025-01-27 18:19:36.511 [info] > git for-each-ref --format=%(refname)%00%(upstream:short)%00%(objectname)%00%(upstream:track)%00%(upstream:remotename)%00%(upstream:remoteref) refs/heads/main refs/remotes/main [93ms]
2025-01-27 18:19:36.547 [info] > git status -z -uall [20ms]
2025-01-27 18:19:36.548 [info] > git for-each-ref --sort -committerdate --format %(refname) %(objectname) %(*objectname) [9ms]
2025-01-27 18:19:37.159 [info] > git config --get commit.template [11ms]
2025-01-27 18:19:37.160 [info] > git for-each-ref --format=%(refname)%00%(upstream:short)%00%(objectname)%00%(upstream:track)%00%(upstream:remotename)%00%(upstream:remoteref) refs/heads/main refs/remotes/main [2ms]
2025-01-27 18:19:37.193 [info] > git status -z -uall [14ms]
2025-01-27 18:19:37.218 [info] > git for-each-ref --sort -committerdate --format %(refname) %(objectname) %(*objectname) [27ms]
2025-01-27 18:19:37.454 [info] > git ls-files --stage -- /home/felipe/blackhole/notas/exemplos/kubernetes/app-variaveis-ambiente/k8s/configmap.yaml [7ms]
2025-01-27 18:19:37.486 [info] > git cat-file -s 48eade248f2eb28d2c8c9054941864afc0718a8d [4ms]
2025-01-27 18:19:37.586 [info] > git show --textconv :exemplos/kubernetes/app-variaveis-ambiente/k8s/configmap.yaml [2ms]
2025-01-27 18:19:42.920 [info] > git config --get commit.template [56ms]
2025-01-27 18:19:43.164 [info] > git for-each-ref --format=%(refname)%00%(upstream:short)%00%(objectname)%00%(upstream:track)%00%(upstream:remotename)%00%(upstream:remoteref) refs/heads/main refs/remotes/main [60ms]
2025-01-27 18:19:43.283 [info] > git status -z -uall [29ms]
2025-01-27 18:19:43.283 [info] > git for-each-ref --sort -committerdate --format %(refname) %(objectname) %(*objectname) [3ms]
2025-01-27 18:19:45.617 [info] > git config --local branch.main.github-pr-owner-number [15ms]
2025-01-27 18:19:45.617 [warning] [Git][config] git config failed: Failed to execute git
2025-01-27 18:19:52.181 [info] > git show --textconv :exemplos/kubernetes/app-variaveis-ambiente/k8s/deployment.yaml [42ms]
2025-01-27 18:19:52.181 [info] > git ls-files --stage -- /home/felipe/blackhole/notas/exemplos/kubernetes/app-variaveis-ambiente/k8s/deployment.yaml [4ms]
2025-01-27 18:19:52.276 [info] > git cat-file -s 47b12ca468727ce740772472e07c113f31bfb076 [56ms]
2025-01-27 18:19:52.578 [info] > git blame --root --incremental 821d8ce675238aeadefa3f9f18111d518e460f50 -- /home/felipe/blackhole/notas/exemplos/kubernetes/app-variaveis-ambiente/k8s/deployment.yaml [170ms]
