2025-01-27 18:33:53.704 [info] Reading sessions from keychain...
2025-01-27 18:33:53.704 [info] Getting sessions for all scopes...
2025-01-27 18:33:53.704 [info] Getting sessions for all scopes...
2025-01-27 18:33:53.704 [info] Got stored sessions!
2025-01-27 18:33:53.704 [info] Got 3 verified sessions.
2025-01-27 18:33:53.704 [info] Got 3 sessions for ...
2025-01-27 18:33:53.704 [info] Got 3 sessions for ...
2025-01-27 18:33:53.704 [info] Getting sessions for all scopes...
2025-01-27 18:33:53.704 [info] Got 3 sessions for ...
2025-01-27 18:33:53.704 [info] Getting sessions for all scopes...
2025-01-27 18:33:53.704 [info] Got 3 sessions for ...
2025-01-27 18:33:53.704 [info] Getting sessions for all scopes...
2025-01-27 18:33:53.704 [info] Got 3 sessions for ...
2025-01-27 18:33:53.704 [info] Getting sessions for all scopes...
2025-01-27 18:33:53.704 [info] Got 3 sessions for ...
2025-01-27 18:33:53.704 [info] Getting sessions for all scopes...
2025-01-27 18:33:53.704 [info] Got 3 sessions for ...
2025-01-27 18:33:53.704 [info] Getting sessions for all scopes...
2025-01-27 18:33:53.704 [info] Got 3 sessions for ...
2025-01-27 18:33:54.552 [info] Getting sessions for user:email...
2025-01-27 18:33:54.553 [info] Got 1 sessions for user:email...
2025-01-27 18:33:56.630 [info] Getting sessions for all scopes...
2025-01-27 18:33:56.630 [info] Got 3 sessions for ...
2025-01-27 18:33:56.651 [info] Getting sessions for repo,workflow...
2025-01-27 18:33:56.651 [info] Got 1 sessions for repo,workflow...
2025-01-27 18:33:56.875 [info] Getting sessions for all scopes...
2025-01-27 18:33:56.875 [info] Got 3 sessions for ...
2025-01-27 18:33:56.875 [info] Getting sessions for all scopes...
2025-01-27 18:33:56.875 [info] Got 3 sessions for ...
2025-01-27 18:33:56.988 [info] Getting sessions for repo,workflow...
2025-01-27 18:33:56.988 [info] Got 1 sessions for repo,workflow...
2025-01-27 18:33:56.988 [info] Getting sessions for read:user,repo,user:email,workflow...
2025-01-27 18:33:56.988 [info] Got 1 sessions for read:user,repo,user:email,workflow...
2025-01-27 18:33:56.989 [info] Getting sessions for read:user,repo,user:email,workflow...
2025-01-27 18:33:56.989 [info] Got 1 sessions for read:user,repo,user:email,workflow...
2025-01-27 18:33:57.221 [info] Getting sessions for all scopes...
2025-01-27 18:33:57.221 [info] Got 3 sessions for ...
2025-01-27 18:33:58.512 [info] Getting sessions for read:user,repo,user:email,workflow...
2025-01-27 18:33:58.512 [info] Got 1 sessions for read:user,repo,user:email,workflow...
2025-01-27 18:33:58.599 [info] Getting sessions for all scopes...
2025-01-27 18:33:58.599 [info] Got 3 sessions for ...
2025-01-27 18:33:58.656 [info] Getting sessions for repo,workflow...
2025-01-27 18:33:58.656 [info] Got 1 sessions for repo,workflow...
2025-01-27 18:33:58.720 [info] Getting sessions for read:user,repo,user:email,workflow...
2025-01-27 18:33:58.720 [info] Got 1 sessions for read:user,repo,user:email,workflow...
2025-01-27 18:33:58.786 [info] Getting sessions for all scopes...
2025-01-27 18:33:58.786 [info] Got 3 sessions for ...
2025-01-27 18:33:58.830 [info] Getting sessions for read:user,repo,user:email,workflow...
2025-01-27 18:33:58.830 [info] Got 1 sessions for read:user,repo,user:email,workflow...
2025-01-27 18:33:58.891 [info] Getting sessions for read:user,repo,user:email,workflow...
2025-01-27 18:33:58.891 [info] Got 1 sessions for read:user,repo,user:email,workflow...
2025-01-27 18:33:58.961 [info] Getting sessions for repo,workflow...
2025-01-27 18:33:58.961 [info] Got 1 sessions for repo,workflow...
2025-01-27 18:33:59.376 [info] Getting sessions for repo,workflow...
2025-01-27 18:33:59.376 [info] Got 1 sessions for repo,workflow...
2025-01-27 18:33:59.493 [info] Getting sessions for all scopes...
2025-01-27 18:33:59.493 [info] Got 3 sessions for ...
2025-01-27 18:33:59.494 [info] Getting sessions for all scopes...
2025-01-27 18:33:59.494 [info] Got 3 sessions for ...
2025-01-27 18:33:59.522 [info] Getting sessions for read:user,repo,user:email,workflow...
2025-01-27 18:33:59.522 [info] Got 1 sessions for read:user,repo,user:email,workflow...
2025-01-27 18:33:59.527 [info] Getting sessions for all scopes...
2025-01-27 18:33:59.527 [info] Got 3 sessions for ...
2025-01-27 18:33:59.552 [info] Getting sessions for read:user,repo,user:email,workflow...
2025-01-27 18:33:59.552 [info] Got 1 sessions for read:user,repo,user:email,workflow...
2025-01-27 18:33:59.704 [info] Getting sessions for all scopes...
2025-01-27 18:33:59.705 [info] Got 3 sessions for ...
2025-01-27 18:33:59.751 [info] Getting sessions for read:user,repo,user:email,workflow...
2025-01-27 18:33:59.751 [info] Got 1 sessions for read:user,repo,user:email,workflow...
2025-01-27 18:34:01.752 [info] Getting sessions for read:user,repo,user:email,workflow...
2025-01-27 18:34:01.752 [info] Got 1 sessions for read:user,repo,user:email,workflow...
2025-01-27 18:34:01.756 [info] Getting sessions for all scopes...
2025-01-27 18:34:01.756 [info] Got 3 sessions for ...
2025-01-27 18:34:01.859 [info] Getting sessions for read:user,repo,user:email,workflow...
2025-01-27 18:34:01.859 [info] Got 1 sessions for read:user,repo,user:email,workflow...
2025-01-27 18:34:05.092 [info] Getting sessions for read:user,repo,user:email,workflow...
2025-01-27 18:34:05.092 [info] Got 1 sessions for read:user,repo,user:email,workflow...
2025-01-27 18:34:05.632 [info] Getting sessions for read:user,repo,user:email,workflow...
2025-01-27 18:34:05.632 [info] Got 1 sessions for read:user,repo,user:email,workflow...
2025-01-27 18:45:01.797 [info] Getting sessions for all scopes...
2025-01-27 18:45:01.797 [info] Got 3 sessions for ...
2025-01-27 18:45:27.316 [info] Getting sessions for all scopes...
2025-01-27 18:45:27.316 [info] Got 3 sessions for ...
2025-01-27 18:46:02.271 [info] Getting sessions for all scopes...
2025-01-27 18:46:02.271 [info] Got 3 sessions for ...
2025-01-27 18:48:01.102 [info] Getting sessions for all scopes...
2025-01-27 18:48:01.102 [info] Got 3 sessions for ...
2025-01-27 18:49:01.869 [info] Getting sessions for all scopes...
2025-01-27 18:49:01.869 [info] Got 3 sessions for ...
2025-01-27 18:49:01.870 [info] Getting sessions for read:user,repo,user:email,workflow...
2025-01-27 18:49:01.870 [info] Got 1 sessions for read:user,repo,user:email,workflow...
2025-01-27 18:49:01.871 [info] Getting sessions for all scopes...
2025-01-27 18:49:01.871 [info] Got 3 sessions for ...
2025-01-27 18:49:01.872 [info] Getting sessions for read:user,repo,user:email,workflow...
2025-01-27 18:49:01.872 [info] Got 1 sessions for read:user,repo,user:email,workflow...
2025-01-27 18:49:28.641 [info] Getting sessions for all scopes...
2025-01-27 18:49:28.641 [info] Got 3 sessions for ...
2025-01-27 18:52:40.864 [info] Getting sessions for all scopes...
2025-01-27 18:52:40.864 [info] Got 3 sessions for ...
2025-01-27 18:55:37.935 [info] Getting sessions for all scopes...
2025-01-27 18:55:37.935 [info] Got 3 sessions for ...
