2025-01-27 18:33:51.558 [info] Using settings sync service https://vscode-sync.trafficmanager.net/
2025-01-27 18:33:51.558 [info] Auto Sync is enabled.
2025-01-27 18:33:51.558 [info] Auto Sync: Suspended until auth token is available.
2025-01-27 18:33:54.677 [info] Auto Sync: Triggered by Interval
2025-01-27 18:33:54.678 [info] Sync started.
2025-01-27 18:33:56.054 [info] Settings: Updated remote settings
2025-01-27 18:33:56.398 [info] Settings: Updated last synchronized settings
2025-01-27 18:33:56.407 [info] Keybindings: No changes found during synchronizing keybindings.
2025-01-27 18:33:56.411 [info] Snippets: No changes found during synchronizing snippets.
2025-01-27 18:33:56.413 [info] Tasks: No changes found during synchronizing tasks.
2025-01-27 18:33:57.208 [info] GlobalState: Updated remote ui state. Updated: colorThemeData,commandPalette.mru.cache,commandPalette.mru.counter.
2025-01-27 18:33:57.394 [info] GlobalState: Updated last synchronized ui state
2025-01-27 18:33:57.452 [info] Extensions: No changes found during synchronizing extensions.
2025-01-27 18:33:57.454 [info] Profiles: No changes found during synchronizing profiles.
2025-01-27 18:33:57.457 [info] Sync done. Took 2787ms
2025-01-27 18:33:57.760 [info] Auto Sync: Triggered by Activity
2025-01-27 18:33:57.761 [info] Sync started.
2025-01-27 18:33:57.926 [info] Settings: No changes found during synchronizing settings.
2025-01-27 18:33:57.944 [info] Keybindings: No changes found during synchronizing keybindings.
2025-01-27 18:33:57.957 [info] Snippets: No changes found during synchronizing snippets.
2025-01-27 18:33:57.964 [info] Tasks: No changes found during synchronizing tasks.
2025-01-27 18:33:57.987 [info] GlobalState: No changes found during synchronizing ui state.
2025-01-27 18:33:58.113 [info] Extensions: No changes found during synchronizing extensions.
2025-01-27 18:33:58.118 [info] Profiles: No changes found during synchronizing profiles.
2025-01-27 18:33:58.122 [info] Sync done. Took 361ms
2025-01-27 18:34:11.201 [info] Auto Sync: Triggered by Activity
2025-01-27 18:34:11.202 [info] Sync started.
2025-01-27 18:34:11.389 [info] Settings: No changes found during synchronizing settings.
2025-01-27 18:34:11.392 [info] Keybindings: No changes found during synchronizing keybindings.
2025-01-27 18:34:11.395 [info] Snippets: No changes found during synchronizing snippets.
2025-01-27 18:34:11.399 [info] Tasks: No changes found during synchronizing tasks.
2025-01-27 18:34:11.403 [info] GlobalState: No changes found during synchronizing ui state.
2025-01-27 18:34:11.442 [info] Extensions: No changes found during synchronizing extensions.
2025-01-27 18:34:11.445 [info] Profiles: No changes found during synchronizing profiles.
2025-01-27 18:34:11.447 [info] Sync done. Took 246ms
2025-01-27 18:34:32.091 [info] Auto Sync: Triggered by Activity
2025-01-27 18:34:32.092 [info] Sync started.
2025-01-27 18:34:32.314 [info] Settings: No changes found during synchronizing settings.
2025-01-27 18:34:32.317 [info] Keybindings: No changes found during synchronizing keybindings.
2025-01-27 18:34:32.320 [info] Snippets: No changes found during synchronizing snippets.
2025-01-27 18:34:32.322 [info] Tasks: No changes found during synchronizing tasks.
2025-01-27 18:34:32.327 [info] GlobalState: No changes found during synchronizing ui state.
2025-01-27 18:34:32.379 [info] Extensions: No changes found during synchronizing extensions.
2025-01-27 18:34:32.380 [info] Profiles: No changes found during synchronizing profiles.
2025-01-27 18:34:32.381 [info] Sync done. Took 291ms
2025-01-27 18:34:38.891 [info] Auto Sync: Triggered by Activity
2025-01-27 18:34:38.891 [info] Sync started.
2025-01-27 18:34:39.289 [info] Settings: Updated remote settings
2025-01-27 18:34:39.293 [info] Settings: Updated last synchronized settings
2025-01-27 18:34:39.295 [info] Keybindings: No changes found during synchronizing keybindings.
2025-01-27 18:34:39.299 [info] Snippets: No changes found during synchronizing snippets.
2025-01-27 18:34:39.301 [info] Tasks: No changes found during synchronizing tasks.
2025-01-27 18:34:39.304 [info] GlobalState: No changes found during synchronizing ui state.
2025-01-27 18:34:39.351 [info] Extensions: No changes found during synchronizing extensions.
2025-01-27 18:34:39.353 [info] Profiles: No changes found during synchronizing profiles.
2025-01-27 18:34:39.355 [info] Sync done. Took 465ms
2025-01-27 18:35:06.794 [info] Auto Sync: Triggered by Activity
2025-01-27 18:35:06.795 [info] Sync started.
2025-01-27 18:35:07.023 [info] Settings: No changes found during synchronizing settings.
2025-01-27 18:35:07.026 [info] Keybindings: No changes found during synchronizing keybindings.
2025-01-27 18:35:07.029 [info] Snippets: No changes found during synchronizing snippets.
2025-01-27 18:35:07.033 [info] Tasks: No changes found during synchronizing tasks.
2025-01-27 18:35:07.037 [info] GlobalState: No changes found during synchronizing ui state.
2025-01-27 18:35:07.082 [info] Extensions: No changes found during synchronizing extensions.
2025-01-27 18:35:07.084 [info] Profiles: No changes found during synchronizing profiles.
2025-01-27 18:35:07.085 [info] Sync done. Took 291ms
2025-01-27 18:35:13.594 [info] Auto Sync: Triggered by Activity
2025-01-27 18:35:13.594 [info] Sync started.
2025-01-27 18:35:13.979 [info] Settings: Updated remote settings
2025-01-27 18:35:13.983 [info] Settings: Updated last synchronized settings
2025-01-27 18:35:13.985 [info] Keybindings: No changes found during synchronizing keybindings.
2025-01-27 18:35:13.988 [info] Snippets: No changes found during synchronizing snippets.
2025-01-27 18:35:13.990 [info] Tasks: No changes found during synchronizing tasks.
2025-01-27 18:35:13.994 [info] GlobalState: No changes found during synchronizing ui state.
2025-01-27 18:35:14.052 [info] Extensions: No changes found during synchronizing extensions.
2025-01-27 18:35:14.066 [info] Profiles: No changes found during synchronizing profiles.
2025-01-27 18:35:14.068 [info] Sync done. Took 474ms
2025-01-27 18:35:26.456 [info] Auto Sync: Triggered by Activity
2025-01-27 18:35:26.457 [info] Sync started.
2025-01-27 18:35:26.610 [info] Settings: No changes found during synchronizing settings.
2025-01-27 18:35:26.613 [info] Keybindings: No changes found during synchronizing keybindings.
2025-01-27 18:35:26.616 [info] Snippets: No changes found during synchronizing snippets.
2025-01-27 18:35:26.618 [info] Tasks: No changes found during synchronizing tasks.
2025-01-27 18:35:26.621 [info] GlobalState: No changes found during synchronizing ui state.
2025-01-27 18:35:26.659 [info] Extensions: No changes found during synchronizing extensions.
2025-01-27 18:35:26.660 [info] Profiles: No changes found during synchronizing profiles.
2025-01-27 18:35:26.661 [info] Sync done. Took 205ms
2025-01-27 18:35:44.604 [info] Auto Sync: Triggered by Activity
2025-01-27 18:35:44.605 [info] Sync started.
2025-01-27 18:35:44.813 [info] Settings: No changes found during synchronizing settings.
2025-01-27 18:35:44.840 [info] Keybindings: No changes found during synchronizing keybindings.
2025-01-27 18:35:44.887 [info] Snippets: No changes found during synchronizing snippets.
2025-01-27 18:35:44.892 [info] Tasks: No changes found during synchronizing tasks.
2025-01-27 18:35:44.901 [info] GlobalState: No changes found during synchronizing ui state.
2025-01-27 18:35:44.958 [info] Extensions: No changes found during synchronizing extensions.
2025-01-27 18:35:44.962 [info] Profiles: No changes found during synchronizing profiles.
2025-01-27 18:35:44.964 [info] Sync done. Took 367ms
2025-01-27 18:35:50.626 [info] Auto Sync: Triggered by Activity
2025-01-27 18:35:50.627 [info] Sync started.
2025-01-27 18:35:50.978 [info] Settings: Updated remote settings
2025-01-27 18:35:50.985 [info] Settings: Updated last synchronized settings
2025-01-27 18:35:50.988 [info] Keybindings: No changes found during synchronizing keybindings.
2025-01-27 18:35:50.991 [info] Snippets: No changes found during synchronizing snippets.
2025-01-27 18:35:50.995 [info] Tasks: No changes found during synchronizing tasks.
2025-01-27 18:35:51.001 [info] GlobalState: No changes found during synchronizing ui state.
2025-01-27 18:35:51.092 [info] Extensions: No changes found during synchronizing extensions.
2025-01-27 18:35:51.095 [info] Profiles: No changes found during synchronizing profiles.
2025-01-27 18:35:51.096 [info] Sync done. Took 471ms
2025-01-27 18:36:38.351 [info] Auto Sync: Triggered by Activity
2025-01-27 18:36:38.351 [info] Sync started.
2025-01-27 18:36:38.574 [info] Settings: No changes found during synchronizing settings.
2025-01-27 18:36:38.577 [info] Keybindings: No changes found during synchronizing keybindings.
2025-01-27 18:36:38.580 [info] Snippets: No changes found during synchronizing snippets.
2025-01-27 18:36:38.582 [info] Tasks: No changes found during synchronizing tasks.
2025-01-27 18:36:38.586 [info] GlobalState: No changes found during synchronizing ui state.
2025-01-27 18:36:38.627 [info] Extensions: No changes found during synchronizing extensions.
2025-01-27 18:36:38.628 [info] Profiles: No changes found during synchronizing profiles.
2025-01-27 18:36:38.630 [info] Sync done. Took 280ms
2025-01-27 18:37:12.877 [info] Auto Sync: Triggered by Activity
2025-01-27 18:37:12.877 [info] Sync started.
2025-01-27 18:37:13.278 [info] Settings: No changes found during synchronizing settings.
2025-01-27 18:37:13.281 [info] Keybindings: No changes found during synchronizing keybindings.
2025-01-27 18:37:13.284 [info] Snippets: No changes found during synchronizing snippets.
2025-01-27 18:37:13.286 [info] Tasks: No changes found during synchronizing tasks.
2025-01-27 18:37:13.289 [info] GlobalState: No changes found during synchronizing ui state.
2025-01-27 18:37:13.330 [info] Extensions: No changes found during synchronizing extensions.
2025-01-27 18:37:13.331 [info] Profiles: No changes found during synchronizing profiles.
2025-01-27 18:37:13.332 [info] Sync done. Took 457ms
2025-01-27 18:37:30.920 [info] Auto Sync: Triggered by Activity
2025-01-27 18:37:30.920 [info] Sync started.
2025-01-27 18:37:31.100 [info] Settings: No changes found during synchronizing settings.
2025-01-27 18:37:31.102 [info] Keybindings: No changes found during synchronizing keybindings.
2025-01-27 18:37:31.105 [info] Snippets: No changes found during synchronizing snippets.
2025-01-27 18:37:31.107 [info] Tasks: No changes found during synchronizing tasks.
2025-01-27 18:37:31.111 [info] GlobalState: No changes found during synchronizing ui state.
2025-01-27 18:37:31.153 [info] Extensions: No changes found during synchronizing extensions.
2025-01-27 18:37:31.154 [info] Profiles: No changes found during synchronizing profiles.
2025-01-27 18:37:31.155 [info] Sync done. Took 238ms
2025-01-27 18:37:55.846 [info] Auto Sync: Triggered by Activity
2025-01-27 18:37:55.846 [info] Sync started.
2025-01-27 18:37:55.996 [error] LocalInvalidContent (UserDataSyncError) syncResource:settings operationId:unknown: Unable to sync settings as there are errors/warning in settings file.
    at La.Vb (file:///opt/visual-studio-code/resources/app/out/vs/code/electron-utility/sharedProcess/sharedProcessMain.js:105:95232)
    at La.qb (file:///opt/visual-studio-code/resources/app/out/vs/code/electron-utility/sharedProcess/sharedProcessMain.js:105:91118)
    at async La.eb (file:///opt/visual-studio-code/resources/app/out/vs/code/electron-utility/sharedProcess/sharedProcessMain.js:105:38169)
2025-01-27 18:37:55.996 [error] settings: Unable to sync settings as there are errors/warning in settings file.
2025-01-27 18:37:55.998 [info] Keybindings: No changes found during synchronizing keybindings.
2025-01-27 18:37:56.000 [info] Snippets: No changes found during synchronizing snippets.
2025-01-27 18:37:56.003 [info] Tasks: No changes found during synchronizing tasks.
2025-01-27 18:37:56.008 [info] GlobalState: No changes found during synchronizing ui state.
2025-01-27 18:37:56.063 [info] Extensions: No changes found during synchronizing extensions.
2025-01-27 18:37:56.064 [info] Profiles: No changes found during synchronizing profiles.
2025-01-27 18:37:56.065 [info] Sync done. Took 220ms
2025-01-27 18:37:59.560 [info] Auto Sync: Triggered by Activity
2025-01-27 18:37:59.560 [info] Sync started.
2025-01-27 18:37:59.771 [error] LocalInvalidContent (UserDataSyncError) syncResource:settings operationId:unknown: Unable to sync settings as there are errors/warning in settings file.
    at La.Vb (file:///opt/visual-studio-code/resources/app/out/vs/code/electron-utility/sharedProcess/sharedProcessMain.js:105:95232)
    at La.qb (file:///opt/visual-studio-code/resources/app/out/vs/code/electron-utility/sharedProcess/sharedProcessMain.js:105:91118)
    at async La.eb (file:///opt/visual-studio-code/resources/app/out/vs/code/electron-utility/sharedProcess/sharedProcessMain.js:105:38169)
2025-01-27 18:37:59.771 [error] settings: Unable to sync settings as there are errors/warning in settings file.
2025-01-27 18:37:59.772 [info] Keybindings: No changes found during synchronizing keybindings.
2025-01-27 18:37:59.775 [info] Snippets: No changes found during synchronizing snippets.
2025-01-27 18:37:59.776 [info] Tasks: No changes found during synchronizing tasks.
2025-01-27 18:37:59.779 [info] GlobalState: No changes found during synchronizing ui state.
2025-01-27 18:37:59.822 [info] Extensions: No changes found during synchronizing extensions.
2025-01-27 18:37:59.823 [info] Profiles: No changes found during synchronizing profiles.
2025-01-27 18:37:59.824 [info] Sync done. Took 266ms
2025-01-27 18:38:04.994 [info] Auto Sync: Triggered by Activity
2025-01-27 18:38:04.995 [info] Sync started.
2025-01-27 18:38:05.197 [error] LocalInvalidContent (UserDataSyncError) syncResource:settings operationId:unknown: Unable to sync settings as there are errors/warning in settings file.
    at La.Vb (file:///opt/visual-studio-code/resources/app/out/vs/code/electron-utility/sharedProcess/sharedProcessMain.js:105:95232)
    at La.qb (file:///opt/visual-studio-code/resources/app/out/vs/code/electron-utility/sharedProcess/sharedProcessMain.js:105:91118)
    at async La.eb (file:///opt/visual-studio-code/resources/app/out/vs/code/electron-utility/sharedProcess/sharedProcessMain.js:105:38169)
2025-01-27 18:38:05.198 [error] settings: Unable to sync settings as there are errors/warning in settings file.
2025-01-27 18:38:05.201 [info] Keybindings: No changes found during synchronizing keybindings.
2025-01-27 18:38:05.203 [info] Snippets: No changes found during synchronizing snippets.
2025-01-27 18:38:05.205 [info] Tasks: No changes found during synchronizing tasks.
2025-01-27 18:38:05.208 [info] GlobalState: No changes found during synchronizing ui state.
2025-01-27 18:38:05.244 [info] Extensions: No changes found during synchronizing extensions.
2025-01-27 18:38:05.245 [info] Profiles: No changes found during synchronizing profiles.
2025-01-27 18:38:05.246 [info] Sync done. Took 253ms
2025-01-27 18:38:19.401 [info] Auto Sync: Triggered by Activity
2025-01-27 18:38:19.402 [info] Sync started.
2025-01-27 18:38:19.738 [info] Settings: Updated remote settings
2025-01-27 18:38:19.741 [info] Settings: Updated last synchronized settings
2025-01-27 18:38:19.744 [info] Keybindings: No changes found during synchronizing keybindings.
2025-01-27 18:38:19.747 [info] Snippets: No changes found during synchronizing snippets.
2025-01-27 18:38:19.749 [info] Tasks: No changes found during synchronizing tasks.
2025-01-27 18:38:19.753 [info] GlobalState: No changes found during synchronizing ui state.
2025-01-27 18:38:19.798 [info] Extensions: No changes found during synchronizing extensions.
2025-01-27 18:38:19.801 [info] Profiles: No changes found during synchronizing profiles.
2025-01-27 18:38:19.803 [info] Sync done. Took 403ms
2025-01-27 18:38:31.954 [info] Auto Sync: Triggered by Activity
2025-01-27 18:38:31.954 [info] Sync started.
2025-01-27 18:38:32.332 [info] Settings: Updated remote settings
2025-01-27 18:38:32.336 [info] Settings: Updated last synchronized settings
2025-01-27 18:38:32.338 [info] Keybindings: No changes found during synchronizing keybindings.
2025-01-27 18:38:32.341 [info] Snippets: No changes found during synchronizing snippets.
2025-01-27 18:38:32.343 [info] Tasks: No changes found during synchronizing tasks.
2025-01-27 18:38:32.346 [info] GlobalState: No changes found during synchronizing ui state.
2025-01-27 18:38:32.395 [info] Extensions: No changes found during synchronizing extensions.
2025-01-27 18:38:32.397 [info] Profiles: No changes found during synchronizing profiles.
2025-01-27 18:38:32.398 [info] Sync done. Took 446ms
2025-01-27 18:38:39.421 [info] Auto Sync: Triggered by Activity
2025-01-27 18:38:39.422 [info] Sync started.
2025-01-27 18:38:39.779 [info] Settings: Updated remote settings
2025-01-27 18:38:39.783 [info] Settings: Updated last synchronized settings
2025-01-27 18:38:39.786 [info] Keybindings: No changes found during synchronizing keybindings.
2025-01-27 18:38:39.788 [info] Snippets: No changes found during synchronizing snippets.
2025-01-27 18:38:39.792 [info] Tasks: No changes found during synchronizing tasks.
2025-01-27 18:38:39.796 [info] GlobalState: No changes found during synchronizing ui state.
2025-01-27 18:38:39.868 [info] Extensions: No changes found during synchronizing extensions.
2025-01-27 18:38:39.870 [info] Profiles: No changes found during synchronizing profiles.
2025-01-27 18:38:39.873 [info] Sync done. Took 452ms
2025-01-27 18:38:42.472 [info] Auto Sync: Triggered by Activity
2025-01-27 18:38:42.473 [info] Sync started.
2025-01-27 18:38:42.907 [info] Settings: Updated remote settings
2025-01-27 18:38:42.911 [info] Settings: Updated last synchronized settings
2025-01-27 18:38:42.913 [info] Keybindings: No changes found during synchronizing keybindings.
2025-01-27 18:38:42.916 [info] Snippets: No changes found during synchronizing snippets.
2025-01-27 18:38:42.918 [info] Tasks: No changes found during synchronizing tasks.
2025-01-27 18:38:42.921 [info] GlobalState: No changes found during synchronizing ui state.
2025-01-27 18:38:42.958 [info] Extensions: No changes found during synchronizing extensions.
2025-01-27 18:38:42.959 [info] Profiles: No changes found during synchronizing profiles.
2025-01-27 18:38:42.960 [info] Sync done. Took 489ms
2025-01-27 18:38:54.991 [info] Auto Sync: Triggered by Activity
2025-01-27 18:38:54.991 [info] Sync started.
2025-01-27 18:38:55.373 [info] Settings: Updated remote settings
2025-01-27 18:38:55.377 [info] Settings: Updated last synchronized settings
2025-01-27 18:38:55.381 [info] Keybindings: No changes found during synchronizing keybindings.
2025-01-27 18:38:55.383 [info] Snippets: No changes found during synchronizing snippets.
2025-01-27 18:38:55.385 [info] Tasks: No changes found during synchronizing tasks.
2025-01-27 18:38:55.388 [info] GlobalState: No changes found during synchronizing ui state.
2025-01-27 18:38:55.426 [info] Extensions: No changes found during synchronizing extensions.
2025-01-27 18:38:55.426 [info] Profiles: No changes found during synchronizing profiles.
2025-01-27 18:38:55.428 [info] Sync done. Took 437ms
2025-01-27 18:38:58.877 [info] Auto Sync: Triggered by Activity
2025-01-27 18:38:58.877 [info] Sync started.
2025-01-27 18:38:59.265 [info] Settings: Updated remote settings
2025-01-27 18:38:59.268 [info] Settings: Updated last synchronized settings
2025-01-27 18:38:59.271 [info] Keybindings: No changes found during synchronizing keybindings.
2025-01-27 18:38:59.273 [info] Snippets: No changes found during synchronizing snippets.
2025-01-27 18:38:59.275 [info] Tasks: No changes found during synchronizing tasks.
2025-01-27 18:38:59.278 [info] GlobalState: No changes found during synchronizing ui state.
2025-01-27 18:38:59.327 [info] Extensions: No changes found during synchronizing extensions.
2025-01-27 18:38:59.328 [info] Profiles: No changes found during synchronizing profiles.
2025-01-27 18:38:59.330 [info] Sync done. Took 455ms
2025-01-27 18:39:06.402 [info] Auto Sync: Triggered by Activity
2025-01-27 18:39:06.402 [info] Sync started.
2025-01-27 18:39:06.749 [info] Settings: Updated remote settings
2025-01-27 18:39:06.754 [info] Settings: Updated last synchronized settings
2025-01-27 18:39:06.757 [info] Keybindings: No changes found during synchronizing keybindings.
2025-01-27 18:39:06.761 [info] Snippets: No changes found during synchronizing snippets.
2025-01-27 18:39:06.765 [info] Tasks: No changes found during synchronizing tasks.
2025-01-27 18:39:06.768 [info] GlobalState: No changes found during synchronizing ui state.
2025-01-27 18:39:06.810 [info] Extensions: No changes found during synchronizing extensions.
2025-01-27 18:39:06.810 [info] Profiles: No changes found during synchronizing profiles.
2025-01-27 18:39:06.812 [info] Sync done. Took 411ms
2025-01-27 18:39:09.464 [info] Auto Sync: Triggered by Activity
2025-01-27 18:39:09.464 [info] Sync started.
2025-01-27 18:39:09.914 [info] Settings: Updated remote settings
2025-01-27 18:39:09.918 [info] Settings: Updated last synchronized settings
2025-01-27 18:39:09.920 [info] Keybindings: No changes found during synchronizing keybindings.
2025-01-27 18:39:09.922 [info] Snippets: No changes found during synchronizing snippets.
2025-01-27 18:39:09.924 [info] Tasks: No changes found during synchronizing tasks.
2025-01-27 18:39:09.928 [info] GlobalState: No changes found during synchronizing ui state.
2025-01-27 18:39:09.968 [info] Extensions: No changes found during synchronizing extensions.
2025-01-27 18:39:09.969 [info] Profiles: No changes found during synchronizing profiles.
2025-01-27 18:39:09.971 [info] Sync done. Took 508ms
2025-01-27 18:39:34.945 [info] Auto Sync: Triggered by Activity
2025-01-27 18:39:34.945 [info] Sync started.
2025-01-27 18:39:35.210 [info] Settings: No changes found during synchronizing settings.
2025-01-27 18:39:35.212 [info] Keybindings: No changes found during synchronizing keybindings.
2025-01-27 18:39:35.214 [info] Snippets: No changes found during synchronizing snippets.
2025-01-27 18:39:35.217 [info] Tasks: No changes found during synchronizing tasks.
2025-01-27 18:39:35.220 [info] GlobalState: No changes found during synchronizing ui state.
2025-01-27 18:39:35.262 [info] Extensions: No changes found during synchronizing extensions.
2025-01-27 18:39:35.263 [info] Profiles: No changes found during synchronizing profiles.
2025-01-27 18:39:35.264 [info] Sync done. Took 321ms
2025-01-27 18:39:39.182 [info] Auto Sync: Triggered by Activity
2025-01-27 18:39:39.182 [info] Sync started.
2025-01-27 18:39:39.624 [info] Settings: Updated remote settings
2025-01-27 18:39:39.627 [info] Settings: Updated last synchronized settings
2025-01-27 18:39:39.630 [info] Keybindings: No changes found during synchronizing keybindings.
2025-01-27 18:39:39.632 [info] Snippets: No changes found during synchronizing snippets.
2025-01-27 18:39:39.634 [info] Tasks: No changes found during synchronizing tasks.
2025-01-27 18:39:39.638 [info] GlobalState: No changes found during synchronizing ui state.
2025-01-27 18:39:39.682 [info] Extensions: No changes found during synchronizing extensions.
2025-01-27 18:39:39.684 [info] Profiles: No changes found during synchronizing profiles.
2025-01-27 18:39:39.687 [info] Sync done. Took 506ms
2025-01-27 18:39:44.375 [info] Auto Sync: Triggered by Activity
2025-01-27 18:39:44.376 [info] Sync started.
2025-01-27 18:39:44.751 [info] Settings: Updated remote settings
2025-01-27 18:39:44.755 [info] Settings: Updated last synchronized settings
2025-01-27 18:39:44.757 [info] Keybindings: No changes found during synchronizing keybindings.
2025-01-27 18:39:44.760 [info] Snippets: No changes found during synchronizing snippets.
2025-01-27 18:39:44.762 [info] Tasks: No changes found during synchronizing tasks.
2025-01-27 18:39:44.765 [info] GlobalState: No changes found during synchronizing ui state.
2025-01-27 18:39:44.802 [info] Extensions: No changes found during synchronizing extensions.
2025-01-27 18:39:44.804 [info] Profiles: No changes found during synchronizing profiles.
2025-01-27 18:39:44.806 [info] Sync done. Took 432ms
2025-01-27 18:39:57.030 [info] Auto Sync: Triggered by Activity
2025-01-27 18:39:57.030 [info] Sync started.
2025-01-27 18:39:57.429 [info] Settings: Updated remote settings
2025-01-27 18:39:57.432 [info] Settings: Updated last synchronized settings
2025-01-27 18:39:57.434 [info] Keybindings: No changes found during synchronizing keybindings.
2025-01-27 18:39:57.437 [info] Snippets: No changes found during synchronizing snippets.
2025-01-27 18:39:57.438 [info] Tasks: No changes found during synchronizing tasks.
2025-01-27 18:39:57.441 [info] GlobalState: No changes found during synchronizing ui state.
2025-01-27 18:39:57.480 [info] Extensions: No changes found during synchronizing extensions.
2025-01-27 18:39:57.482 [info] Profiles: No changes found during synchronizing profiles.
2025-01-27 18:39:57.483 [info] Sync done. Took 454ms
2025-01-27 18:40:09.722 [info] Auto Sync: Triggered by Activity
2025-01-27 18:40:09.722 [info] Sync started.
2025-01-27 18:40:09.877 [info] Settings: No changes found during synchronizing settings.
2025-01-27 18:40:09.880 [info] Keybindings: No changes found during synchronizing keybindings.
2025-01-27 18:40:09.883 [info] Snippets: No changes found during synchronizing snippets.
2025-01-27 18:40:09.885 [info] Tasks: No changes found during synchronizing tasks.
2025-01-27 18:40:09.888 [info] GlobalState: No changes found during synchronizing ui state.
2025-01-27 18:40:09.935 [info] Extensions: No changes found during synchronizing extensions.
2025-01-27 18:40:09.936 [info] Profiles: No changes found during synchronizing profiles.
2025-01-27 18:40:09.937 [info] Sync done. Took 216ms
2025-01-27 18:40:13.197 [info] Auto Sync: Triggered by Activity
2025-01-27 18:40:13.197 [info] Sync started.
2025-01-27 18:40:13.643 [info] Settings: Updated remote settings
2025-01-27 18:40:13.647 [info] Settings: Updated last synchronized settings
2025-01-27 18:40:13.649 [info] Keybindings: No changes found during synchronizing keybindings.
2025-01-27 18:40:13.652 [info] Snippets: No changes found during synchronizing snippets.
2025-01-27 18:40:13.654 [info] Tasks: No changes found during synchronizing tasks.
2025-01-27 18:40:13.657 [info] GlobalState: No changes found during synchronizing ui state.
2025-01-27 18:40:13.710 [info] Extensions: No changes found during synchronizing extensions.
2025-01-27 18:40:13.711 [info] Profiles: No changes found during synchronizing profiles.
2025-01-27 18:40:13.713 [info] Sync done. Took 517ms
2025-01-27 18:40:18.941 [info] Auto Sync: Triggered by Activity
2025-01-27 18:40:18.941 [info] Sync started.
2025-01-27 18:40:19.346 [info] Settings: Updated remote settings
2025-01-27 18:40:19.350 [info] Settings: Updated last synchronized settings
2025-01-27 18:40:19.353 [info] Keybindings: No changes found during synchronizing keybindings.
2025-01-27 18:40:19.356 [info] Snippets: No changes found during synchronizing snippets.
2025-01-27 18:40:19.360 [info] Tasks: No changes found during synchronizing tasks.
2025-01-27 18:40:19.364 [info] GlobalState: No changes found during synchronizing ui state.
2025-01-27 18:40:19.425 [info] Extensions: No changes found during synchronizing extensions.
2025-01-27 18:40:19.427 [info] Profiles: No changes found during synchronizing profiles.
2025-01-27 18:40:19.428 [info] Sync done. Took 489ms
2025-01-27 18:40:52.564 [info] Auto Sync: Triggered by Activity
2025-01-27 18:40:52.564 [info] Sync started.
2025-01-27 18:40:52.930 [info] Settings: Updated remote settings
2025-01-27 18:40:52.933 [info] Settings: Updated last synchronized settings
2025-01-27 18:40:52.936 [info] Keybindings: No changes found during synchronizing keybindings.
2025-01-27 18:40:52.938 [info] Snippets: No changes found during synchronizing snippets.
2025-01-27 18:40:52.941 [info] Tasks: No changes found during synchronizing tasks.
2025-01-27 18:40:52.944 [info] GlobalState: No changes found during synchronizing ui state.
2025-01-27 18:40:52.981 [info] Extensions: No changes found during synchronizing extensions.
2025-01-27 18:40:52.982 [info] Profiles: No changes found during synchronizing profiles.
2025-01-27 18:40:52.984 [info] Sync done. Took 420ms
2025-01-27 18:40:55.941 [info] Auto Sync: Triggered by Activity
2025-01-27 18:40:55.941 [info] Sync started.
2025-01-27 18:40:56.323 [info] Settings: Updated remote settings
2025-01-27 18:40:56.327 [info] Settings: Updated last synchronized settings
2025-01-27 18:40:56.329 [info] Keybindings: No changes found during synchronizing keybindings.
2025-01-27 18:40:56.332 [info] Snippets: No changes found during synchronizing snippets.
2025-01-27 18:40:56.333 [info] Tasks: No changes found during synchronizing tasks.
2025-01-27 18:40:56.337 [info] GlobalState: No changes found during synchronizing ui state.
2025-01-27 18:40:56.387 [info] Extensions: No changes found during synchronizing extensions.
2025-01-27 18:40:56.389 [info] Profiles: No changes found during synchronizing profiles.
2025-01-27 18:40:56.390 [info] Sync done. Took 450ms
2025-01-27 18:40:59.902 [info] Auto Sync: Triggered by Activity
2025-01-27 18:40:59.902 [info] Sync started.
2025-01-27 18:41:00.304 [info] Settings: Updated remote settings
2025-01-27 18:41:00.308 [info] Settings: Updated last synchronized settings
2025-01-27 18:41:00.310 [info] Keybindings: No changes found during synchronizing keybindings.
2025-01-27 18:41:00.314 [info] Snippets: No changes found during synchronizing snippets.
2025-01-27 18:41:00.316 [info] Tasks: No changes found during synchronizing tasks.
2025-01-27 18:41:00.319 [info] GlobalState: No changes found during synchronizing ui state.
2025-01-27 18:41:00.358 [info] Extensions: No changes found during synchronizing extensions.
2025-01-27 18:41:00.361 [info] Profiles: No changes found during synchronizing profiles.
2025-01-27 18:41:00.362 [info] Sync done. Took 462ms
2025-01-27 18:41:18.846 [info] Auto Sync: Triggered by Activity
2025-01-27 18:41:18.846 [info] Sync started.
2025-01-27 18:41:19.253 [info] Settings: Updated remote settings
2025-01-27 18:41:19.257 [info] Settings: Updated last synchronized settings
2025-01-27 18:41:19.260 [info] Keybindings: No changes found during synchronizing keybindings.
2025-01-27 18:41:19.262 [info] Snippets: No changes found during synchronizing snippets.
2025-01-27 18:41:19.264 [info] Tasks: No changes found during synchronizing tasks.
2025-01-27 18:41:19.267 [info] GlobalState: No changes found during synchronizing ui state.
2025-01-27 18:41:19.305 [info] Extensions: No changes found during synchronizing extensions.
2025-01-27 18:41:19.306 [info] Profiles: No changes found during synchronizing profiles.
2025-01-27 18:41:19.307 [info] Sync done. Took 462ms
2025-01-27 18:41:22.550 [info] Auto Sync: Triggered by Activity
2025-01-27 18:41:22.550 [info] Sync started.
2025-01-27 18:41:22.937 [info] Settings: Updated remote settings
2025-01-27 18:41:22.942 [info] Settings: Updated last synchronized settings
2025-01-27 18:41:22.945 [info] Keybindings: No changes found during synchronizing keybindings.
2025-01-27 18:41:22.948 [info] Snippets: No changes found during synchronizing snippets.
2025-01-27 18:41:22.949 [info] Tasks: No changes found during synchronizing tasks.
2025-01-27 18:41:22.953 [info] GlobalState: No changes found during synchronizing ui state.
2025-01-27 18:41:22.995 [info] Extensions: No changes found during synchronizing extensions.
2025-01-27 18:41:22.997 [info] Profiles: No changes found during synchronizing profiles.
2025-01-27 18:41:22.998 [info] Sync done. Took 451ms
2025-01-27 18:41:37.334 [info] Auto Sync: Triggered by Activity
2025-01-27 18:41:37.334 [info] Sync started.
2025-01-27 18:41:37.780 [info] Settings: Updated remote settings
2025-01-27 18:41:37.783 [info] Settings: Updated last synchronized settings
2025-01-27 18:41:37.785 [info] Keybindings: No changes found during synchronizing keybindings.
2025-01-27 18:41:37.788 [info] Snippets: No changes found during synchronizing snippets.
2025-01-27 18:41:37.790 [info] Tasks: No changes found during synchronizing tasks.
2025-01-27 18:41:37.793 [info] GlobalState: No changes found during synchronizing ui state.
2025-01-27 18:41:37.833 [info] Extensions: No changes found during synchronizing extensions.
2025-01-27 18:41:37.835 [info] Profiles: No changes found during synchronizing profiles.
2025-01-27 18:41:37.836 [info] Sync done. Took 503ms
2025-01-27 18:41:59.735 [info] Auto Sync: Triggered by Activity
2025-01-27 18:41:59.735 [info] Sync started.
2025-01-27 18:42:00.182 [info] Settings: Updated remote settings
2025-01-27 18:42:00.186 [info] Settings: Updated last synchronized settings
2025-01-27 18:42:00.188 [info] Keybindings: No changes found during synchronizing keybindings.
2025-01-27 18:42:00.192 [info] Snippets: No changes found during synchronizing snippets.
2025-01-27 18:42:00.194 [info] Tasks: No changes found during synchronizing tasks.
2025-01-27 18:42:00.197 [info] GlobalState: No changes found during synchronizing ui state.
2025-01-27 18:42:00.256 [info] Extensions: No changes found during synchronizing extensions.
2025-01-27 18:42:00.257 [info] Profiles: No changes found during synchronizing profiles.
2025-01-27 18:42:00.259 [info] Sync done. Took 525ms
2025-01-27 18:43:08.550 [info] Auto Sync: Triggered by Activity
2025-01-27 18:43:08.550 [info] Sync started.
2025-01-27 18:43:08.711 [info] Settings: No changes found during synchronizing settings.
2025-01-27 18:43:08.717 [info] Keybindings: No changes found during synchronizing keybindings.
2025-01-27 18:43:08.719 [info] Snippets: No changes found during synchronizing snippets.
2025-01-27 18:43:08.721 [info] Tasks: No changes found during synchronizing tasks.
2025-01-27 18:43:08.725 [info] GlobalState: No changes found during synchronizing ui state.
2025-01-27 18:43:08.778 [info] Extensions: No changes found during synchronizing extensions.
2025-01-27 18:43:08.779 [info] Profiles: No changes found during synchronizing profiles.
2025-01-27 18:43:08.780 [info] Sync done. Took 231ms
2025-01-27 18:43:13.377 [info] Auto Sync: Triggered by Activity
2025-01-27 18:43:13.377 [info] Sync started.
2025-01-27 18:43:13.640 [info] Settings: No changes found during synchronizing settings.
2025-01-27 18:43:13.643 [info] Keybindings: No changes found during synchronizing keybindings.
2025-01-27 18:43:13.646 [info] Snippets: No changes found during synchronizing snippets.
2025-01-27 18:43:13.647 [info] Tasks: No changes found during synchronizing tasks.
2025-01-27 18:43:13.855 [info] GlobalState: Updated remote ui state. Updated: workbench.explorer.views.state.hidden.
2025-01-27 18:43:13.859 [info] GlobalState: Updated last synchronized ui state
2025-01-27 18:43:13.903 [info] Extensions: No changes found during synchronizing extensions.
2025-01-27 18:43:13.904 [info] Profiles: No changes found during synchronizing profiles.
2025-01-27 18:43:13.905 [info] Sync done. Took 530ms
2025-01-27 18:43:39.779 [info] Auto Sync: Triggered by Activity
2025-01-27 18:43:39.779 [info] Sync started.
2025-01-27 18:43:39.950 [info] Settings: No changes found during synchronizing settings.
2025-01-27 18:43:39.955 [info] Keybindings: No changes found during synchronizing keybindings.
2025-01-27 18:43:39.958 [info] Snippets: No changes found during synchronizing snippets.
2025-01-27 18:43:39.960 [info] Tasks: No changes found during synchronizing tasks.
2025-01-27 18:43:39.963 [info] GlobalState: No changes found during synchronizing ui state.
2025-01-27 18:43:40.025 [info] Extensions: No changes found during synchronizing extensions.
2025-01-27 18:43:40.026 [info] Profiles: No changes found during synchronizing profiles.
2025-01-27 18:43:40.027 [info] Sync done. Took 248ms
2025-01-27 18:44:10.131 [info] Auto Sync: Triggered by Activity
2025-01-27 18:44:10.131 [info] Sync started.
2025-01-27 18:44:10.278 [info] Settings: No changes found during synchronizing settings.
2025-01-27 18:44:10.281 [info] Keybindings: No changes found during synchronizing keybindings.
2025-01-27 18:44:10.283 [info] Snippets: No changes found during synchronizing snippets.
2025-01-27 18:44:10.285 [info] Tasks: No changes found during synchronizing tasks.
2025-01-27 18:44:10.289 [info] GlobalState: No changes found during synchronizing ui state.
2025-01-27 18:44:10.338 [info] Extensions: No changes found during synchronizing extensions.
2025-01-27 18:44:10.344 [info] Profiles: No changes found during synchronizing profiles.
2025-01-27 18:44:10.344 [info] Sync done. Took 214ms
2025-01-27 18:44:23.771 [info] Auto Sync: Triggered by Activity
2025-01-27 18:44:23.771 [info] Sync started.
2025-01-27 18:44:24.127 [info] Settings: Updated remote settings
2025-01-27 18:44:24.131 [info] Settings: Updated last synchronized settings
2025-01-27 18:44:24.133 [info] Keybindings: No changes found during synchronizing keybindings.
2025-01-27 18:44:24.136 [info] Snippets: No changes found during synchronizing snippets.
2025-01-27 18:44:24.137 [info] Tasks: No changes found during synchronizing tasks.
2025-01-27 18:44:24.141 [info] GlobalState: No changes found during synchronizing ui state.
2025-01-27 18:44:24.186 [info] Extensions: No changes found during synchronizing extensions.
2025-01-27 18:44:24.189 [info] Profiles: No changes found during synchronizing profiles.
2025-01-27 18:44:24.191 [info] Sync done. Took 420ms
2025-01-27 18:44:57.306 [info] Auto Sync: Triggered by Activity
2025-01-27 18:44:57.307 [info] Sync started.
2025-01-27 18:44:57.573 [info] Settings: No changes found during synchronizing settings.
2025-01-27 18:44:57.578 [info] Keybindings: No changes found during synchronizing keybindings.
2025-01-27 18:44:57.582 [info] Snippets: No changes found during synchronizing snippets.
2025-01-27 18:44:57.585 [info] Tasks: No changes found during synchronizing tasks.
2025-01-27 18:44:57.592 [info] GlobalState: No changes found during synchronizing ui state.
2025-01-27 18:44:57.643 [info] Extensions: No changes found during synchronizing extensions.
2025-01-27 18:44:57.644 [info] Profiles: No changes found during synchronizing profiles.
2025-01-27 18:44:57.645 [info] Sync done. Took 340ms
2025-01-27 18:45:03.713 [info] Auto Sync: Triggered by Activity
2025-01-27 18:45:03.714 [info] Sync started.
2025-01-27 18:45:03.918 [error] LocalInvalidContent (UserDataSyncError) syncResource:settings operationId:unknown: Unable to sync settings as there are errors/warning in settings file.
    at La.Vb (file:///opt/visual-studio-code/resources/app/out/vs/code/electron-utility/sharedProcess/sharedProcessMain.js:105:95232)
    at La.qb (file:///opt/visual-studio-code/resources/app/out/vs/code/electron-utility/sharedProcess/sharedProcessMain.js:105:91118)
    at async La.eb (file:///opt/visual-studio-code/resources/app/out/vs/code/electron-utility/sharedProcess/sharedProcessMain.js:105:38169)
2025-01-27 18:45:03.918 [error] settings: Unable to sync settings as there are errors/warning in settings file.
2025-01-27 18:45:03.920 [info] Keybindings: No changes found during synchronizing keybindings.
2025-01-27 18:45:03.922 [info] Snippets: No changes found during synchronizing snippets.
2025-01-27 18:45:03.924 [info] Tasks: No changes found during synchronizing tasks.
2025-01-27 18:45:04.158 [info] GlobalState: Updated remote ui state. Updated: colorThemeData.
2025-01-27 18:45:04.162 [info] GlobalState: Updated last synchronized ui state
2025-01-27 18:45:04.203 [info] Extensions: No changes found during synchronizing extensions.
2025-01-27 18:45:04.204 [info] Profiles: No changes found during synchronizing profiles.
2025-01-27 18:45:04.205 [info] Sync done. Took 494ms
2025-01-27 18:45:17.132 [info] Auto Sync: Triggered by Activity
2025-01-27 18:45:17.132 [info] Sync started.
2025-01-27 18:45:17.943 [info] Settings: Updated remote settings
2025-01-27 18:45:17.948 [info] Settings: Updated last synchronized settings
2025-01-27 18:45:17.950 [info] Keybindings: No changes found during synchronizing keybindings.
2025-01-27 18:45:17.953 [info] Snippets: No changes found during synchronizing snippets.
2025-01-27 18:45:17.955 [info] Tasks: No changes found during synchronizing tasks.
2025-01-27 18:45:18.183 [info] GlobalState: Updated remote ui state. Updated: colorThemeData.
2025-01-27 18:45:18.186 [info] GlobalState: Updated last synchronized ui state
2025-01-27 18:45:18.230 [info] Extensions: No changes found during synchronizing extensions.
2025-01-27 18:45:18.231 [info] Profiles: No changes found during synchronizing profiles.
2025-01-27 18:45:18.233 [info] Sync done. Took 1102ms
2025-01-27 18:45:29.548 [info] Auto Sync: Triggered by Activity
2025-01-27 18:45:29.548 [info] Sync started.
2025-01-27 18:45:29.928 [info] Settings: Updated remote settings
2025-01-27 18:45:29.933 [info] Settings: Updated last synchronized settings
2025-01-27 18:45:29.935 [info] Keybindings: No changes found during synchronizing keybindings.
2025-01-27 18:45:29.938 [info] Snippets: No changes found during synchronizing snippets.
2025-01-27 18:45:29.940 [info] Tasks: No changes found during synchronizing tasks.
2025-01-27 18:45:30.171 [info] GlobalState: Updated remote ui state. Updated: workbench.activityBar.location.
2025-01-27 18:45:30.175 [info] GlobalState: Updated last synchronized ui state
2025-01-27 18:45:30.220 [info] Extensions: No changes found during synchronizing extensions.
2025-01-27 18:45:30.221 [info] Profiles: No changes found during synchronizing profiles.
2025-01-27 18:45:30.222 [info] Sync done. Took 676ms
2025-01-27 18:45:36.181 [info] Auto Sync: Triggered by Activity
2025-01-27 18:45:36.181 [info] Sync started.
2025-01-27 18:45:36.583 [info] Settings: Updated remote settings
2025-01-27 18:45:36.586 [info] Settings: Updated last synchronized settings
2025-01-27 18:45:36.589 [info] Keybindings: No changes found during synchronizing keybindings.
2025-01-27 18:45:36.592 [info] Snippets: No changes found during synchronizing snippets.
2025-01-27 18:45:36.594 [info] Tasks: No changes found during synchronizing tasks.
2025-01-27 18:45:36.597 [info] GlobalState: No changes found during synchronizing ui state.
2025-01-27 18:45:36.637 [info] Extensions: No changes found during synchronizing extensions.
2025-01-27 18:45:36.641 [info] Profiles: No changes found during synchronizing profiles.
2025-01-27 18:45:36.642 [info] Sync done. Took 461ms
2025-01-27 18:45:44.677 [info] Auto Sync: Triggered by Activity
2025-01-27 18:45:44.677 [info] Sync started.
2025-01-27 18:45:45.079 [info] Settings: Updated remote settings
2025-01-27 18:45:45.083 [info] Settings: Updated last synchronized settings
2025-01-27 18:45:45.085 [info] Keybindings: No changes found during synchronizing keybindings.
2025-01-27 18:45:45.087 [info] Snippets: No changes found during synchronizing snippets.
2025-01-27 18:45:45.089 [info] Tasks: No changes found during synchronizing tasks.
2025-01-27 18:45:45.092 [info] GlobalState: No changes found during synchronizing ui state.
2025-01-27 18:45:45.132 [info] Extensions: No changes found during synchronizing extensions.
2025-01-27 18:45:45.139 [info] Profiles: No changes found during synchronizing profiles.
2025-01-27 18:45:45.140 [info] Sync done. Took 465ms
2025-01-27 18:45:56.869 [info] Auto Sync: Triggered by Activity
2025-01-27 18:45:56.870 [info] Sync started.
2025-01-27 18:45:57.069 [info] Settings: No changes found during synchronizing settings.
2025-01-27 18:45:57.071 [info] Keybindings: No changes found during synchronizing keybindings.
2025-01-27 18:45:57.073 [info] Snippets: No changes found during synchronizing snippets.
2025-01-27 18:45:57.076 [info] Tasks: No changes found during synchronizing tasks.
2025-01-27 18:45:57.079 [info] GlobalState: No changes found during synchronizing ui state.
2025-01-27 18:45:57.119 [info] Extensions: No changes found during synchronizing extensions.
2025-01-27 18:45:57.122 [info] Profiles: No changes found during synchronizing profiles.
2025-01-27 18:45:57.124 [info] Sync done. Took 255ms
2025-01-27 18:46:06.188 [info] Auto Sync: Triggered by Activity
2025-01-27 18:46:06.188 [info] Sync started.
2025-01-27 18:46:06.548 [info] Settings: Updated remote settings
2025-01-27 18:46:06.552 [info] Settings: Updated last synchronized settings
2025-01-27 18:46:06.555 [info] Keybindings: No changes found during synchronizing keybindings.
2025-01-27 18:46:06.558 [info] Snippets: No changes found during synchronizing snippets.
2025-01-27 18:46:06.559 [info] Tasks: No changes found during synchronizing tasks.
2025-01-27 18:46:06.770 [info] GlobalState: Updated remote ui state. Updated: workbench.activityBar.location.
2025-01-27 18:46:06.774 [info] GlobalState: Updated last synchronized ui state
2025-01-27 18:46:06.817 [info] Extensions: No changes found during synchronizing extensions.
2025-01-27 18:46:06.818 [info] Profiles: No changes found during synchronizing profiles.
2025-01-27 18:46:06.819 [info] Sync done. Took 633ms
2025-01-27 18:46:08.964 [info] Auto Sync: Triggered by Activity
2025-01-27 18:46:08.964 [info] Sync started.
2025-01-27 18:46:09.369 [info] Settings: Updated remote settings
2025-01-27 18:46:09.372 [info] Settings: Updated last synchronized settings
2025-01-27 18:46:09.375 [info] Keybindings: No changes found during synchronizing keybindings.
2025-01-27 18:46:09.382 [info] Snippets: No changes found during synchronizing snippets.
2025-01-27 18:46:09.385 [info] Tasks: No changes found during synchronizing tasks.
2025-01-27 18:46:09.388 [info] GlobalState: No changes found during synchronizing ui state.
2025-01-27 18:46:09.430 [info] Extensions: No changes found during synchronizing extensions.
2025-01-27 18:46:09.431 [info] Profiles: No changes found during synchronizing profiles.
2025-01-27 18:46:09.432 [info] Sync done. Took 468ms
2025-01-27 18:46:22.791 [info] Auto Sync: Triggered by Activity
2025-01-27 18:46:22.792 [info] Sync started.
2025-01-27 18:46:22.974 [info] Settings: No changes found during synchronizing settings.
2025-01-27 18:46:22.978 [info] Keybindings: No changes found during synchronizing keybindings.
2025-01-27 18:46:22.980 [info] Snippets: No changes found during synchronizing snippets.
2025-01-27 18:46:22.982 [info] Tasks: No changes found during synchronizing tasks.
2025-01-27 18:46:22.985 [info] GlobalState: No changes found during synchronizing ui state.
2025-01-27 18:46:23.028 [info] Extensions: No changes found during synchronizing extensions.
2025-01-27 18:46:23.029 [info] Profiles: No changes found during synchronizing profiles.
2025-01-27 18:46:23.030 [info] Sync done. Took 239ms
2025-01-27 18:47:15.708 [info] Auto Sync: Triggered by Activity
2025-01-27 18:47:15.709 [info] Sync started.
2025-01-27 18:47:15.863 [info] Settings: No changes found during synchronizing settings.
2025-01-27 18:47:15.865 [info] Keybindings: No changes found during synchronizing keybindings.
2025-01-27 18:47:15.868 [info] Snippets: No changes found during synchronizing snippets.
2025-01-27 18:47:15.871 [info] Tasks: No changes found during synchronizing tasks.
2025-01-27 18:47:15.874 [info] GlobalState: No changes found during synchronizing ui state.
2025-01-27 18:47:15.930 [info] Extensions: No changes found during synchronizing extensions.
2025-01-27 18:47:15.943 [info] Profiles: No changes found during synchronizing profiles.
2025-01-27 18:47:15.945 [info] Sync done. Took 237ms
2025-01-27 18:47:34.008 [info] Auto Sync: Triggered by Activity
2025-01-27 18:47:34.008 [info] Sync started.
2025-01-27 18:47:34.178 [info] Settings: No changes found during synchronizing settings.
2025-01-27 18:47:34.366 [info] Keybindings: Updated remote keybindings
2025-01-27 18:47:34.370 [info] Keybindings: Updated last synchronized keybindings
2025-01-27 18:47:34.373 [info] Snippets: No changes found during synchronizing snippets.
2025-01-27 18:47:34.375 [info] Tasks: No changes found during synchronizing tasks.
2025-01-27 18:47:34.378 [info] GlobalState: No changes found during synchronizing ui state.
2025-01-27 18:47:34.423 [info] Extensions: No changes found during synchronizing extensions.
2025-01-27 18:47:34.424 [info] Profiles: No changes found during synchronizing profiles.
2025-01-27 18:47:34.426 [info] Sync done. Took 419ms
2025-01-27 18:47:42.791 [info] Auto Sync: Triggered by Activity
2025-01-27 18:47:42.792 [info] Sync started.
2025-01-27 18:47:42.953 [info] Settings: No changes found during synchronizing settings.
2025-01-27 18:47:43.148 [info] Keybindings: Updated remote keybindings
2025-01-27 18:47:43.152 [info] Keybindings: Updated last synchronized keybindings
2025-01-27 18:47:43.155 [info] Snippets: No changes found during synchronizing snippets.
2025-01-27 18:47:43.157 [info] Tasks: No changes found during synchronizing tasks.
2025-01-27 18:47:43.160 [info] GlobalState: No changes found during synchronizing ui state.
2025-01-27 18:47:43.203 [info] Extensions: No changes found during synchronizing extensions.
2025-01-27 18:47:43.204 [info] Profiles: No changes found during synchronizing profiles.
2025-01-27 18:47:43.206 [info] Sync done. Took 415ms
2025-01-27 18:47:54.354 [info] Auto Sync: Triggered by Activity
2025-01-27 18:47:54.354 [info] Sync started.
2025-01-27 18:47:54.528 [info] Settings: No changes found during synchronizing settings.
2025-01-27 18:47:54.531 [info] Keybindings: No changes found during synchronizing keybindings.
2025-01-27 18:47:54.533 [info] Snippets: No changes found during synchronizing snippets.
2025-01-27 18:47:54.535 [info] Tasks: No changes found during synchronizing tasks.
2025-01-27 18:47:54.538 [info] GlobalState: No changes found during synchronizing ui state.
2025-01-27 18:47:54.578 [info] Extensions: No changes found during synchronizing extensions.
2025-01-27 18:47:54.582 [info] Profiles: No changes found during synchronizing profiles.
2025-01-27 18:47:54.583 [info] Sync done. Took 230ms
2025-01-27 18:47:59.981 [info] Auto Sync: Triggered by Activity
2025-01-27 18:47:59.981 [info] Sync started.
2025-01-27 18:48:00.470 [info] Settings: Updated remote settings
2025-01-27 18:48:00.474 [info] Settings: Updated last synchronized settings
2025-01-27 18:48:00.761 [info] Keybindings: Updated remote keybindings
2025-01-27 18:48:00.765 [info] Keybindings: Updated last synchronized keybindings
2025-01-27 18:48:00.768 [info] Snippets: No changes found during synchronizing snippets.
2025-01-27 18:48:00.770 [info] Tasks: No changes found during synchronizing tasks.
2025-01-27 18:48:00.773 [info] GlobalState: No changes found during synchronizing ui state.
2025-01-27 18:48:00.824 [info] Extensions: No changes found during synchronizing extensions.
2025-01-27 18:48:00.836 [info] Profiles: No changes found during synchronizing profiles.
2025-01-27 18:48:00.838 [info] Sync done. Took 857ms
2025-01-27 18:48:03.190 [info] Auto Sync: Triggered by Activity
2025-01-27 18:48:03.190 [info] Sync started.
2025-01-27 18:48:03.631 [info] Settings: Updated remote settings
2025-01-27 18:48:03.635 [info] Settings: Updated last synchronized settings
2025-01-27 18:48:03.638 [info] Keybindings: No changes found during synchronizing keybindings.
2025-01-27 18:48:03.641 [info] Snippets: No changes found during synchronizing snippets.
2025-01-27 18:48:03.644 [info] Tasks: No changes found during synchronizing tasks.
2025-01-27 18:48:03.648 [info] GlobalState: No changes found during synchronizing ui state.
2025-01-27 18:48:03.693 [info] Extensions: No changes found during synchronizing extensions.
2025-01-27 18:48:03.695 [info] Profiles: No changes found during synchronizing profiles.
2025-01-27 18:48:03.696 [info] Sync done. Took 507ms
2025-01-27 18:48:09.225 [info] Auto Sync: Triggered by Activity
2025-01-27 18:48:09.225 [info] Sync started.
2025-01-27 18:48:09.714 [info] Settings: Updated remote settings
2025-01-27 18:48:09.717 [info] Settings: Updated last synchronized settings
2025-01-27 18:48:09.913 [info] Keybindings: Updated remote keybindings
2025-01-27 18:48:09.917 [info] Keybindings: Updated last synchronized keybindings
2025-01-27 18:48:09.919 [info] Snippets: No changes found during synchronizing snippets.
2025-01-27 18:48:09.921 [info] Tasks: No changes found during synchronizing tasks.
2025-01-27 18:48:09.924 [info] GlobalState: No changes found during synchronizing ui state.
2025-01-27 18:48:09.960 [info] Extensions: No changes found during synchronizing extensions.
2025-01-27 18:48:09.964 [info] Profiles: No changes found during synchronizing profiles.
2025-01-27 18:48:09.967 [info] Sync done. Took 742ms
2025-01-27 18:48:23.670 [info] Auto Sync: Triggered by Activity
2025-01-27 18:48:23.670 [info] Sync started.
2025-01-27 18:48:23.914 [info] Settings: No changes found during synchronizing settings.
2025-01-27 18:48:23.918 [info] Keybindings: No changes found during synchronizing keybindings.
2025-01-27 18:48:23.921 [info] Snippets: No changes found during synchronizing snippets.
2025-01-27 18:48:23.923 [info] Tasks: No changes found during synchronizing tasks.
2025-01-27 18:48:23.927 [info] GlobalState: No changes found during synchronizing ui state.
2025-01-27 18:48:23.975 [info] Extensions: No changes found during synchronizing extensions.
2025-01-27 18:48:23.977 [info] Profiles: No changes found during synchronizing profiles.
2025-01-27 18:48:23.978 [info] Sync done. Took 308ms
2025-01-27 18:48:50.981 [info] Auto Sync: Triggered by Activity
2025-01-27 18:48:50.981 [info] Sync started.
2025-01-27 18:48:51.152 [info] Settings: No changes found during synchronizing settings.
2025-01-27 18:48:51.155 [info] Keybindings: No changes found during synchronizing keybindings.
2025-01-27 18:48:51.157 [info] Snippets: No changes found during synchronizing snippets.
2025-01-27 18:48:51.159 [info] Tasks: No changes found during synchronizing tasks.
2025-01-27 18:48:51.163 [info] GlobalState: No changes found during synchronizing ui state.
2025-01-27 18:48:51.214 [info] Extensions: No changes found during synchronizing extensions.
2025-01-27 18:48:51.215 [info] Profiles: No changes found during synchronizing profiles.
2025-01-27 18:48:51.216 [info] Sync done. Took 236ms
2025-01-27 18:49:31.721 [info] Auto Sync: Triggered by Activity
2025-01-27 18:49:31.721 [info] Sync started.
2025-01-27 18:49:32.094 [info] Settings: Updated remote settings
2025-01-27 18:49:32.098 [info] Settings: Updated last synchronized settings
2025-01-27 18:49:32.104 [info] Keybindings: No changes found during synchronizing keybindings.
2025-01-27 18:49:32.108 [info] Snippets: No changes found during synchronizing snippets.
2025-01-27 18:49:32.110 [info] Tasks: No changes found during synchronizing tasks.
2025-01-27 18:49:32.114 [info] GlobalState: No changes found during synchronizing ui state.
2025-01-27 18:49:32.168 [info] Extensions: No changes found during synchronizing extensions.
2025-01-27 18:49:32.170 [info] Profiles: No changes found during synchronizing profiles.
2025-01-27 18:49:32.171 [info] Sync done. Took 453ms
2025-01-27 18:51:23.008 [info] Auto Sync: Triggered by Activity
2025-01-27 18:51:23.008 [info] Sync started.
2025-01-27 18:51:23.222 [info] Settings: No changes found during synchronizing settings.
2025-01-27 18:51:23.225 [info] Keybindings: No changes found during synchronizing keybindings.
2025-01-27 18:51:23.228 [info] Snippets: No changes found during synchronizing snippets.
2025-01-27 18:51:23.233 [info] Tasks: No changes found during synchronizing tasks.
2025-01-27 18:51:23.236 [info] GlobalState: No changes found during synchronizing ui state.
2025-01-27 18:51:23.290 [info] Extensions: No changes found during synchronizing extensions.
2025-01-27 18:51:23.292 [info] Profiles: No changes found during synchronizing profiles.
2025-01-27 18:51:23.295 [info] Sync done. Took 288ms
2025-01-27 18:51:26.507 [info] Auto Sync: Triggered by Activity
2025-01-27 18:51:26.507 [info] Sync started.
2025-01-27 18:51:26.904 [info] Settings: Updated remote settings
2025-01-27 18:51:26.908 [info] Settings: Updated last synchronized settings
2025-01-27 18:51:26.910 [info] Keybindings: No changes found during synchronizing keybindings.
2025-01-27 18:51:26.912 [info] Snippets: No changes found during synchronizing snippets.
2025-01-27 18:51:26.917 [info] Tasks: No changes found during synchronizing tasks.
2025-01-27 18:51:26.920 [info] GlobalState: No changes found during synchronizing ui state.
2025-01-27 18:51:26.987 [info] Extensions: No changes found during synchronizing extensions.
2025-01-27 18:51:26.990 [info] Profiles: No changes found during synchronizing profiles.
2025-01-27 18:51:26.992 [info] Sync done. Took 493ms
2025-01-27 18:51:29.044 [info] Auto Sync: Triggered by Activity
2025-01-27 18:51:29.045 [info] Sync started.
2025-01-27 18:51:29.456 [info] Settings: Updated remote settings
2025-01-27 18:51:29.459 [info] Settings: Updated last synchronized settings
2025-01-27 18:51:29.461 [info] Keybindings: No changes found during synchronizing keybindings.
2025-01-27 18:51:29.464 [info] Snippets: No changes found during synchronizing snippets.
2025-01-27 18:51:29.465 [info] Tasks: No changes found during synchronizing tasks.
2025-01-27 18:51:29.468 [info] GlobalState: No changes found during synchronizing ui state.
2025-01-27 18:51:29.504 [info] Extensions: No changes found during synchronizing extensions.
2025-01-27 18:51:29.505 [info] Profiles: No changes found during synchronizing profiles.
2025-01-27 18:51:29.506 [info] Sync done. Took 463ms
2025-01-27 18:51:41.797 [info] Auto Sync: Triggered by Activity
2025-01-27 18:51:41.797 [info] Sync started.
2025-01-27 18:51:42.386 [info] Settings: Updated remote settings
2025-01-27 18:51:42.389 [info] Settings: Updated last synchronized settings
2025-01-27 18:51:42.392 [info] Keybindings: No changes found during synchronizing keybindings.
2025-01-27 18:51:42.394 [info] Snippets: No changes found during synchronizing snippets.
2025-01-27 18:51:42.397 [info] Tasks: No changes found during synchronizing tasks.
2025-01-27 18:51:42.400 [info] GlobalState: No changes found during synchronizing ui state.
2025-01-27 18:51:42.434 [info] Extensions: No changes found during synchronizing extensions.
2025-01-27 18:51:42.437 [info] Profiles: No changes found during synchronizing profiles.
2025-01-27 18:51:42.438 [info] Sync done. Took 642ms
2025-01-27 18:52:04.521 [info] Auto Sync: Triggered by Activity
2025-01-27 18:52:04.522 [info] Sync started.
2025-01-27 18:52:04.739 [info] Settings: No changes found during synchronizing settings.
2025-01-27 18:52:04.741 [info] Keybindings: No changes found during synchronizing keybindings.
2025-01-27 18:52:04.744 [info] Snippets: No changes found during synchronizing snippets.
2025-01-27 18:52:04.747 [info] Tasks: No changes found during synchronizing tasks.
2025-01-27 18:52:04.751 [info] GlobalState: No changes found during synchronizing ui state.
2025-01-27 18:52:04.796 [info] Extensions: No changes found during synchronizing extensions.
2025-01-27 18:52:04.798 [info] Profiles: No changes found during synchronizing profiles.
2025-01-27 18:52:04.800 [info] Sync done. Took 279ms
2025-01-27 18:52:07.426 [info] Auto Sync: Triggered by Activity
2025-01-27 18:52:07.426 [info] Sync started.
2025-01-27 18:52:07.861 [info] Settings: Updated remote settings
2025-01-27 18:52:07.864 [info] Settings: Updated last synchronized settings
2025-01-27 18:52:07.866 [info] Keybindings: No changes found during synchronizing keybindings.
2025-01-27 18:52:07.868 [info] Snippets: No changes found during synchronizing snippets.
2025-01-27 18:52:07.871 [info] Tasks: No changes found during synchronizing tasks.
2025-01-27 18:52:07.875 [info] GlobalState: No changes found during synchronizing ui state.
2025-01-27 18:52:07.926 [info] Extensions: No changes found during synchronizing extensions.
2025-01-27 18:52:07.927 [info] Profiles: No changes found during synchronizing profiles.
2025-01-27 18:52:07.928 [info] Sync done. Took 504ms
2025-01-27 18:52:15.433 [info] Auto Sync: Triggered by Activity
2025-01-27 18:52:15.433 [info] Sync started.
2025-01-27 18:52:15.853 [info] Settings: Updated remote settings
2025-01-27 18:52:15.856 [info] Settings: Updated last synchronized settings
2025-01-27 18:52:15.858 [info] Keybindings: No changes found during synchronizing keybindings.
2025-01-27 18:52:15.862 [info] Snippets: No changes found during synchronizing snippets.
2025-01-27 18:52:15.865 [info] Tasks: No changes found during synchronizing tasks.
2025-01-27 18:52:15.869 [info] GlobalState: No changes found during synchronizing ui state.
2025-01-27 18:52:15.928 [info] Extensions: No changes found during synchronizing extensions.
2025-01-27 18:52:15.929 [info] Profiles: No changes found during synchronizing profiles.
2025-01-27 18:52:15.931 [info] Sync done. Took 499ms
2025-01-27 18:52:18.444 [info] Auto Sync: Triggered by Activity
2025-01-27 18:52:18.444 [info] Sync started.
2025-01-27 18:52:18.929 [info] Settings: Updated remote settings
2025-01-27 18:52:18.976 [info] Settings: Updated last synchronized settings
2025-01-27 18:52:18.978 [info] Keybindings: No changes found during synchronizing keybindings.
2025-01-27 18:52:18.981 [info] Snippets: No changes found during synchronizing snippets.
2025-01-27 18:52:18.983 [info] Tasks: No changes found during synchronizing tasks.
2025-01-27 18:52:18.986 [info] GlobalState: No changes found during synchronizing ui state.
2025-01-27 18:52:19.019 [info] Extensions: No changes found during synchronizing extensions.
2025-01-27 18:52:19.020 [info] Profiles: No changes found during synchronizing profiles.
2025-01-27 18:52:19.021 [info] Sync done. Took 579ms
2025-01-27 18:52:31.655 [info] Auto Sync: Triggered by Activity
2025-01-27 18:52:31.656 [info] Sync started.
2025-01-27 18:52:31.814 [info] Settings: No changes found during synchronizing settings.
2025-01-27 18:52:31.818 [info] Keybindings: No changes found during synchronizing keybindings.
2025-01-27 18:52:31.820 [info] Snippets: No changes found during synchronizing snippets.
2025-01-27 18:52:31.822 [info] Tasks: No changes found during synchronizing tasks.
2025-01-27 18:52:31.826 [info] GlobalState: No changes found during synchronizing ui state.
2025-01-27 18:52:31.872 [info] Extensions: No changes found during synchronizing extensions.
2025-01-27 18:52:31.874 [info] Profiles: No changes found during synchronizing profiles.
2025-01-27 18:52:31.878 [info] Sync done. Took 223ms
2025-01-27 18:52:37.054 [info] Auto Sync: Triggered by Activity
2025-01-27 18:52:37.054 [info] Sync started.
2025-01-27 18:52:37.459 [info] Settings: Updated remote settings
2025-01-27 18:52:37.463 [info] Settings: Updated last synchronized settings
2025-01-27 18:52:37.468 [info] Keybindings: No changes found during synchronizing keybindings.
2025-01-27 18:52:37.470 [info] Snippets: No changes found during synchronizing snippets.
2025-01-27 18:52:37.472 [info] Tasks: No changes found during synchronizing tasks.
2025-01-27 18:52:37.475 [info] GlobalState: No changes found during synchronizing ui state.
2025-01-27 18:52:37.521 [info] Extensions: No changes found during synchronizing extensions.
2025-01-27 18:52:37.522 [info] Profiles: No changes found during synchronizing profiles.
2025-01-27 18:52:37.524 [info] Sync done. Took 471ms
2025-01-27 18:52:42.926 [info] Auto Sync: Triggered by Activity
2025-01-27 18:52:42.926 [info] Sync started.
2025-01-27 18:52:43.088 [info] Settings: No changes found during synchronizing settings.
2025-01-27 18:52:43.090 [info] Keybindings: No changes found during synchronizing keybindings.
2025-01-27 18:52:43.092 [info] Snippets: No changes found during synchronizing snippets.
2025-01-27 18:52:43.095 [info] Tasks: No changes found during synchronizing tasks.
2025-01-27 18:52:43.098 [info] GlobalState: No changes found during synchronizing ui state.
2025-01-27 18:52:43.141 [info] Extensions: No changes found during synchronizing extensions.
2025-01-27 18:52:43.152 [info] Profiles: No changes found during synchronizing profiles.
2025-01-27 18:52:43.154 [info] Sync done. Took 228ms
2025-01-27 18:52:53.791 [info] Auto Sync: Triggered by Activity
2025-01-27 18:52:53.792 [info] Sync started.
2025-01-27 18:52:54.163 [info] Settings: Updated remote settings
2025-01-27 18:52:54.166 [info] Settings: Updated last synchronized settings
2025-01-27 18:52:54.169 [info] Keybindings: No changes found during synchronizing keybindings.
2025-01-27 18:52:54.171 [info] Snippets: No changes found during synchronizing snippets.
2025-01-27 18:52:54.173 [info] Tasks: No changes found during synchronizing tasks.
2025-01-27 18:52:54.176 [info] GlobalState: No changes found during synchronizing ui state.
2025-01-27 18:52:54.208 [info] Extensions: No changes found during synchronizing extensions.
2025-01-27 18:52:54.210 [info] Profiles: No changes found during synchronizing profiles.
2025-01-27 18:52:54.212 [info] Sync done. Took 421ms
2025-01-27 18:52:59.907 [info] Auto Sync: Triggered by Activity
2025-01-27 18:52:59.908 [info] Sync started.
2025-01-27 18:53:00.287 [info] Settings: Updated remote settings
2025-01-27 18:53:00.291 [info] Settings: Updated last synchronized settings
2025-01-27 18:53:00.293 [info] Keybindings: No changes found during synchronizing keybindings.
2025-01-27 18:53:00.295 [info] Snippets: No changes found during synchronizing snippets.
2025-01-27 18:53:00.297 [info] Tasks: No changes found during synchronizing tasks.
2025-01-27 18:53:00.300 [info] GlobalState: No changes found during synchronizing ui state.
2025-01-27 18:53:00.334 [info] Extensions: No changes found during synchronizing extensions.
2025-01-27 18:53:00.337 [info] Profiles: No changes found during synchronizing profiles.
2025-01-27 18:53:00.338 [info] Sync done. Took 432ms
2025-01-27 18:53:15.092 [info] Auto Sync: Triggered by Activity
2025-01-27 18:53:15.093 [info] Sync started.
2025-01-27 18:53:15.351 [info] Settings: No changes found during synchronizing settings.
2025-01-27 18:53:15.353 [info] Keybindings: No changes found during synchronizing keybindings.
2025-01-27 18:53:15.356 [info] Snippets: No changes found during synchronizing snippets.
2025-01-27 18:53:15.358 [info] Tasks: No changes found during synchronizing tasks.
2025-01-27 18:53:15.363 [info] GlobalState: No changes found during synchronizing ui state.
2025-01-27 18:53:15.409 [info] Extensions: No changes found during synchronizing extensions.
2025-01-27 18:53:15.410 [info] Profiles: No changes found during synchronizing profiles.
2025-01-27 18:53:15.411 [info] Sync done. Took 320ms
2025-01-27 18:53:18.196 [info] Auto Sync: Triggered by Activity
2025-01-27 18:53:18.196 [info] Sync started.
2025-01-27 18:53:18.719 [info] Settings: Updated remote settings
2025-01-27 18:53:18.723 [info] Settings: Updated last synchronized settings
2025-01-27 18:53:18.726 [info] Keybindings: No changes found during synchronizing keybindings.
2025-01-27 18:53:18.729 [info] Snippets: No changes found during synchronizing snippets.
2025-01-27 18:53:18.731 [info] Tasks: No changes found during synchronizing tasks.
2025-01-27 18:53:18.734 [info] GlobalState: No changes found during synchronizing ui state.
2025-01-27 18:53:18.775 [info] Extensions: No changes found during synchronizing extensions.
2025-01-27 18:53:18.778 [info] Profiles: No changes found during synchronizing profiles.
2025-01-27 18:53:18.779 [info] Sync done. Took 583ms
2025-01-27 18:53:27.662 [info] Auto Sync: Triggered by Activity
2025-01-27 18:53:27.662 [info] Sync started.
2025-01-27 18:53:28.049 [info] Settings: Updated remote settings
2025-01-27 18:53:28.053 [info] Settings: Updated last synchronized settings
2025-01-27 18:53:28.054 [info] Keybindings: No changes found during synchronizing keybindings.
2025-01-27 18:53:28.057 [info] Snippets: No changes found during synchronizing snippets.
2025-01-27 18:53:28.059 [info] Tasks: No changes found during synchronizing tasks.
2025-01-27 18:53:28.062 [info] GlobalState: No changes found during synchronizing ui state.
2025-01-27 18:53:28.097 [info] Extensions: No changes found during synchronizing extensions.
2025-01-27 18:53:28.098 [info] Profiles: No changes found during synchronizing profiles.
2025-01-27 18:53:28.111 [info] Sync done. Took 449ms
2025-01-27 18:53:31.367 [info] Auto Sync: Triggered by Activity
2025-01-27 18:53:31.368 [info] Sync started.
2025-01-27 18:53:31.730 [info] Settings: Updated remote settings
2025-01-27 18:53:31.733 [info] Settings: Updated last synchronized settings
2025-01-27 18:53:31.736 [info] Keybindings: No changes found during synchronizing keybindings.
2025-01-27 18:53:31.738 [info] Snippets: No changes found during synchronizing snippets.
2025-01-27 18:53:31.740 [info] Tasks: No changes found during synchronizing tasks.
2025-01-27 18:53:31.744 [info] GlobalState: No changes found during synchronizing ui state.
2025-01-27 18:53:31.782 [info] Extensions: No changes found during synchronizing extensions.
2025-01-27 18:53:31.785 [info] Profiles: No changes found during synchronizing profiles.
2025-01-27 18:53:31.787 [info] Sync done. Took 420ms
2025-01-27 18:53:39.247 [info] Auto Sync: Triggered by Activity
2025-01-27 18:53:39.247 [info] Sync started.
2025-01-27 18:53:39.711 [info] Settings: Updated remote settings
2025-01-27 18:53:39.715 [info] Settings: Updated last synchronized settings
2025-01-27 18:53:39.717 [info] Keybindings: No changes found during synchronizing keybindings.
2025-01-27 18:53:39.719 [info] Snippets: No changes found during synchronizing snippets.
2025-01-27 18:53:39.722 [info] Tasks: No changes found during synchronizing tasks.
2025-01-27 18:53:39.725 [info] GlobalState: No changes found during synchronizing ui state.
2025-01-27 18:53:39.755 [info] Extensions: No changes found during synchronizing extensions.
2025-01-27 18:53:39.758 [info] Profiles: No changes found during synchronizing profiles.
2025-01-27 18:53:39.759 [info] Sync done. Took 513ms
2025-01-27 18:53:49.881 [info] Auto Sync: Triggered by Activity
2025-01-27 18:53:49.881 [info] Sync started.
2025-01-27 18:53:50.258 [info] Settings: Updated remote settings
2025-01-27 18:53:50.261 [info] Settings: Updated last synchronized settings
2025-01-27 18:53:50.264 [info] Keybindings: No changes found during synchronizing keybindings.
2025-01-27 18:53:50.266 [info] Snippets: No changes found during synchronizing snippets.
2025-01-27 18:53:50.268 [info] Tasks: No changes found during synchronizing tasks.
2025-01-27 18:53:50.272 [info] GlobalState: No changes found during synchronizing ui state.
2025-01-27 18:53:50.308 [info] Extensions: No changes found during synchronizing extensions.
2025-01-27 18:53:50.311 [info] Profiles: No changes found during synchronizing profiles.
2025-01-27 18:53:50.312 [info] Sync done. Took 433ms
2025-01-27 18:54:03.488 [info] Auto Sync: Triggered by Activity
2025-01-27 18:54:03.488 [info] Sync started.
2025-01-27 18:54:03.886 [info] Settings: Updated remote settings
2025-01-27 18:54:03.889 [info] Settings: Updated last synchronized settings
2025-01-27 18:54:03.892 [info] Keybindings: No changes found during synchronizing keybindings.
2025-01-27 18:54:03.894 [info] Snippets: No changes found during synchronizing snippets.
2025-01-27 18:54:03.896 [info] Tasks: No changes found during synchronizing tasks.
2025-01-27 18:54:03.899 [info] GlobalState: No changes found during synchronizing ui state.
2025-01-27 18:54:03.936 [info] Extensions: No changes found during synchronizing extensions.
2025-01-27 18:54:03.937 [info] Profiles: No changes found during synchronizing profiles.
2025-01-27 18:54:03.938 [info] Sync done. Took 452ms
2025-01-27 18:54:13.121 [info] Auto Sync: Triggered by Activity
2025-01-27 18:54:13.122 [info] Sync started.
2025-01-27 18:54:13.505 [info] Settings: Updated remote settings
2025-01-27 18:54:13.509 [info] Settings: Updated last synchronized settings
2025-01-27 18:54:13.511 [info] Keybindings: No changes found during synchronizing keybindings.
2025-01-27 18:54:13.513 [info] Snippets: No changes found during synchronizing snippets.
2025-01-27 18:54:13.515 [info] Tasks: No changes found during synchronizing tasks.
2025-01-27 18:54:13.518 [info] GlobalState: No changes found during synchronizing ui state.
2025-01-27 18:54:13.557 [info] Extensions: No changes found during synchronizing extensions.
2025-01-27 18:54:13.558 [info] Profiles: No changes found during synchronizing profiles.
2025-01-27 18:54:13.559 [info] Sync done. Took 439ms
2025-01-27 18:54:18.102 [info] Auto Sync: Triggered by Activity
2025-01-27 18:54:18.102 [info] Sync started.
2025-01-27 18:54:18.523 [info] Settings: Updated remote settings
2025-01-27 18:54:18.526 [info] Settings: Updated last synchronized settings
2025-01-27 18:54:18.529 [info] Keybindings: No changes found during synchronizing keybindings.
2025-01-27 18:54:18.532 [info] Snippets: No changes found during synchronizing snippets.
2025-01-27 18:54:18.534 [info] Tasks: No changes found during synchronizing tasks.
2025-01-27 18:54:18.538 [info] GlobalState: No changes found during synchronizing ui state.
2025-01-27 18:54:18.576 [info] Extensions: No changes found during synchronizing extensions.
2025-01-27 18:54:18.578 [info] Profiles: No changes found during synchronizing profiles.
2025-01-27 18:54:18.588 [info] Sync done. Took 486ms
2025-01-27 18:54:26.304 [info] Auto Sync: Triggered by Activity
2025-01-27 18:54:26.305 [info] Sync started.
2025-01-27 18:54:26.719 [info] Settings: Updated remote settings
2025-01-27 18:54:26.722 [info] Settings: Updated last synchronized settings
2025-01-27 18:54:26.725 [info] Keybindings: No changes found during synchronizing keybindings.
2025-01-27 18:54:26.728 [info] Snippets: No changes found during synchronizing snippets.
2025-01-27 18:54:26.730 [info] Tasks: No changes found during synchronizing tasks.
2025-01-27 18:54:26.734 [info] GlobalState: No changes found during synchronizing ui state.
2025-01-27 18:54:26.773 [info] Extensions: No changes found during synchronizing extensions.
2025-01-27 18:54:26.779 [info] Profiles: No changes found during synchronizing profiles.
2025-01-27 18:54:26.781 [info] Sync done. Took 478ms
2025-01-27 18:54:37.959 [info] Auto Sync: Triggered by Activity
2025-01-27 18:54:37.959 [info] Sync started.
2025-01-27 18:54:38.186 [info] Settings: No changes found during synchronizing settings.
2025-01-27 18:54:38.188 [info] Keybindings: No changes found during synchronizing keybindings.
2025-01-27 18:54:38.190 [info] Snippets: No changes found during synchronizing snippets.
2025-01-27 18:54:38.192 [info] Tasks: No changes found during synchronizing tasks.
2025-01-27 18:54:38.195 [info] GlobalState: No changes found during synchronizing ui state.
2025-01-27 18:54:38.226 [info] Extensions: No changes found during synchronizing extensions.
2025-01-27 18:54:38.227 [info] Profiles: No changes found during synchronizing profiles.
2025-01-27 18:54:38.228 [info] Sync done. Took 270ms
2025-01-27 18:54:50.169 [info] Auto Sync: Triggered by Activity
2025-01-27 18:54:50.169 [info] Sync started.
2025-01-27 18:54:50.581 [info] Settings: Updated remote settings
2025-01-27 18:54:50.585 [info] Settings: Updated last synchronized settings
2025-01-27 18:54:50.588 [info] Keybindings: No changes found during synchronizing keybindings.
2025-01-27 18:54:50.590 [info] Snippets: No changes found during synchronizing snippets.
2025-01-27 18:54:50.592 [info] Tasks: No changes found during synchronizing tasks.
2025-01-27 18:54:50.596 [info] GlobalState: No changes found during synchronizing ui state.
2025-01-27 18:54:50.635 [info] Extensions: No changes found during synchronizing extensions.
2025-01-27 18:54:50.638 [info] Profiles: No changes found during synchronizing profiles.
2025-01-27 18:54:50.639 [info] Sync done. Took 472ms
2025-01-27 18:54:53.838 [info] Auto Sync: Triggered by Activity
2025-01-27 18:54:53.838 [info] Sync started.
2025-01-27 18:54:54.366 [info] Settings: Updated remote settings
2025-01-27 18:54:54.369 [info] Settings: Updated last synchronized settings
2025-01-27 18:54:54.371 [info] Keybindings: No changes found during synchronizing keybindings.
2025-01-27 18:54:54.373 [info] Snippets: No changes found during synchronizing snippets.
2025-01-27 18:54:54.375 [info] Tasks: No changes found during synchronizing tasks.
2025-01-27 18:54:54.378 [info] GlobalState: No changes found during synchronizing ui state.
2025-01-27 18:54:54.418 [info] Extensions: No changes found during synchronizing extensions.
2025-01-27 18:54:54.422 [info] Profiles: No changes found during synchronizing profiles.
2025-01-27 18:54:54.423 [info] Sync done. Took 587ms
2025-01-27 18:54:59.662 [info] Auto Sync: Triggered by Activity
2025-01-27 18:54:59.662 [info] Sync started.
2025-01-27 18:55:00.095 [info] Settings: Updated remote settings
2025-01-27 18:55:00.098 [info] Settings: Updated last synchronized settings
2025-01-27 18:55:00.101 [info] Keybindings: No changes found during synchronizing keybindings.
2025-01-27 18:55:00.103 [info] Snippets: No changes found during synchronizing snippets.
2025-01-27 18:55:00.105 [info] Tasks: No changes found during synchronizing tasks.
2025-01-27 18:55:00.108 [info] GlobalState: No changes found during synchronizing ui state.
2025-01-27 18:55:00.146 [info] Extensions: No changes found during synchronizing extensions.
2025-01-27 18:55:00.147 [info] Profiles: No changes found during synchronizing profiles.
2025-01-27 18:55:00.149 [info] Sync done. Took 487ms
2025-01-27 18:55:11.322 [info] Auto Sync: Triggered by Activity
2025-01-27 18:55:11.322 [info] Sync started.
2025-01-27 18:55:11.771 [info] Settings: Updated remote settings
2025-01-27 18:55:11.774 [info] Settings: Updated last synchronized settings
2025-01-27 18:55:11.776 [info] Keybindings: No changes found during synchronizing keybindings.
2025-01-27 18:55:11.778 [info] Snippets: No changes found during synchronizing snippets.
2025-01-27 18:55:11.780 [info] Tasks: No changes found during synchronizing tasks.
2025-01-27 18:55:11.783 [info] GlobalState: No changes found during synchronizing ui state.
2025-01-27 18:55:11.817 [info] Extensions: No changes found during synchronizing extensions.
2025-01-27 18:55:11.818 [info] Profiles: No changes found during synchronizing profiles.
2025-01-27 18:55:11.819 [info] Sync done. Took 499ms
2025-01-27 18:55:40.395 [info] Auto Sync: Triggered by Activity
2025-01-27 18:55:40.395 [info] Sync started.
2025-01-27 18:55:40.759 [info] Settings: Updated remote settings
2025-01-27 18:55:40.762 [info] Settings: Updated last synchronized settings
2025-01-27 18:55:40.764 [info] Keybindings: No changes found during synchronizing keybindings.
2025-01-27 18:55:40.767 [info] Snippets: No changes found during synchronizing snippets.
2025-01-27 18:55:40.769 [info] Tasks: No changes found during synchronizing tasks.
2025-01-27 18:55:40.772 [info] GlobalState: No changes found during synchronizing ui state.
2025-01-27 18:55:40.809 [info] Extensions: No changes found during synchronizing extensions.
2025-01-27 18:55:40.813 [info] Profiles: No changes found during synchronizing profiles.
2025-01-27 18:55:40.814 [info] Sync done. Took 419ms
2025-01-27 18:55:55.183 [info] Auto Sync: Triggered by Activity
2025-01-27 18:55:55.183 [info] Sync started.
2025-01-27 18:55:55.412 [info] Settings: No changes found during synchronizing settings.
2025-01-27 18:55:55.415 [info] Keybindings: No changes found during synchronizing keybindings.
2025-01-27 18:55:55.417 [info] Snippets: No changes found during synchronizing snippets.
2025-01-27 18:55:55.420 [info] Tasks: No changes found during synchronizing tasks.
2025-01-27 18:55:55.424 [info] GlobalState: No changes found during synchronizing ui state.
2025-01-27 18:55:55.676 [info] Extensions: Updated remote extensions. Added: ["be5invis.vscode-custom-css"].
2025-01-27 18:55:55.680 [info] Extensions: Updated last synchronized extensions.
2025-01-27 18:55:55.684 [info] Profiles: No changes found during synchronizing profiles.
2025-01-27 18:55:55.686 [info] Sync done. Took 503ms
2025-01-27 18:56:11.244 [info] Auto Sync: Triggered by Activity
2025-01-27 18:56:11.245 [info] Sync started.
2025-01-27 18:56:11.486 [info] Settings: No changes found during synchronizing settings.
2025-01-27 18:56:11.489 [info] Keybindings: No changes found during synchronizing keybindings.
2025-01-27 18:56:11.491 [info] Snippets: No changes found during synchronizing snippets.
2025-01-27 18:56:11.493 [info] Tasks: No changes found during synchronizing tasks.
2025-01-27 18:56:11.496 [info] GlobalState: No changes found during synchronizing ui state.
2025-01-27 18:56:11.545 [info] Extensions: No changes found during synchronizing extensions.
2025-01-27 18:56:11.546 [info] Profiles: No changes found during synchronizing profiles.
2025-01-27 18:56:11.548 [info] Sync done. Took 304ms
2025-01-27 18:56:24.919 [info] Auto Sync: Triggered by Activity
2025-01-27 18:56:24.920 [info] Sync started.
2025-01-27 18:56:25.105 [info] Settings: No changes found during synchronizing settings.
2025-01-27 18:56:25.107 [info] Keybindings: No changes found during synchronizing keybindings.
2025-01-27 18:56:25.110 [info] Snippets: No changes found during synchronizing snippets.
2025-01-27 18:56:25.112 [info] Tasks: No changes found during synchronizing tasks.
2025-01-27 18:56:25.116 [info] GlobalState: No changes found during synchronizing ui state.
2025-01-27 18:56:25.157 [info] Extensions: No changes found during synchronizing extensions.
2025-01-27 18:56:25.158 [info] Profiles: No changes found during synchronizing profiles.
2025-01-27 18:56:25.160 [info] Sync done. Took 241ms
2025-01-27 18:56:47.368 [info] Auto Sync: Triggered by Activity
2025-01-27 18:56:47.369 [info] Sync started.
2025-01-27 18:56:47.607 [info] Settings: No changes found during synchronizing settings.
2025-01-27 18:56:47.610 [info] Keybindings: No changes found during synchronizing keybindings.
2025-01-27 18:56:47.615 [info] Snippets: No changes found during synchronizing snippets.
2025-01-27 18:56:47.621 [info] Tasks: No changes found during synchronizing tasks.
2025-01-27 18:56:47.627 [info] GlobalState: No changes found during synchronizing ui state.
2025-01-27 18:56:47.689 [info] Extensions: No changes found during synchronizing extensions.
2025-01-27 18:56:47.698 [info] Profiles: No changes found during synchronizing profiles.
2025-01-27 18:56:47.702 [info] Sync done. Took 334ms
