2025-01-27 18:21:21.027 [info] Reading sessions from keychain...
2025-01-27 18:21:21.027 [info] Getting sessions for all scopes...
2025-01-27 18:21:21.027 [info] Getting sessions for all scopes...
2025-01-27 18:21:21.027 [info] Got stored sessions!
2025-01-27 18:21:21.027 [info] Got 2 verified sessions.
2025-01-27 18:21:21.027 [info] Got 2 sessions for ...
2025-01-27 18:21:21.027 [info] Got 2 sessions for ...
2025-01-27 18:21:21.027 [info] Getting sessions for user:email...
2025-01-27 18:21:21.027 [info] Got 1 sessions for user:email...
2025-01-27 18:21:21.027 [info] Getting sessions for all scopes...
2025-01-27 18:21:21.027 [info] Got 2 sessions for ...
2025-01-27 18:21:21.027 [info] Getting sessions for all scopes...
2025-01-27 18:21:21.027 [info] Got 2 sessions for ...
2025-01-27 18:21:21.027 [info] Getting sessions for all scopes...
2025-01-27 18:21:21.027 [info] Got 2 sessions for ...
2025-01-27 18:21:21.027 [info] Getting sessions for all scopes...
2025-01-27 18:21:21.027 [info] Got 2 sessions for ...
2025-01-27 18:21:21.027 [info] Getting sessions for all scopes...
2025-01-27 18:21:21.027 [info] Got 2 sessions for ...
2025-01-27 18:21:21.509 [info] Getting sessions for all scopes...
2025-01-27 18:21:21.509 [info] Got 2 sessions for ...
2025-01-27 18:21:21.771 [info] Getting sessions for repo,workflow...
2025-01-27 18:21:21.771 [info] Got 1 sessions for repo,workflow...
2025-01-27 18:21:21.951 [info] Getting sessions for read:user,repo,user:email,workflow...
2025-01-27 18:21:21.951 [info] Got 0 sessions for read:user,repo,user:email,workflow...
2025-01-27 18:21:22.013 [info] Getting sessions for repo,workflow...
2025-01-27 18:21:22.013 [info] Got 1 sessions for repo,workflow...
2025-01-27 18:21:23.248 [info] Getting sessions for repo,workflow...
2025-01-27 18:21:23.248 [info] Got 1 sessions for repo,workflow...
2025-01-27 18:21:23.680 [info] Getting sessions for repo,workflow...
2025-01-27 18:21:23.680 [info] Got 1 sessions for repo,workflow...
2025-01-27 18:21:24.732 [info] Getting sessions for repo,workflow...
2025-01-27 18:21:24.732 [info] Got 1 sessions for repo,workflow...
2025-01-27 18:21:28.736 [info] Getting sessions for read:user,repo,user:email...
2025-01-27 18:21:28.736 [info] Got 0 sessions for read:user,repo,user:email...
2025-01-27 18:21:28.736 [info] Getting sessions for read:user,repo,user:email,workflow...
2025-01-27 18:21:28.736 [info] Got 0 sessions for read:user,repo,user:email,workflow...
2025-01-27 18:21:28.737 [info] Getting sessions for all scopes...
2025-01-27 18:21:28.737 [info] Got 2 sessions for ...
2025-01-27 18:21:28.737 [info] Getting sessions for all scopes...
2025-01-27 18:21:28.737 [info] Got 2 sessions for ...
2025-01-27 18:21:28.767 [info] Getting sessions for project,read:org,read:user,repo,user:email,workflow...
2025-01-27 18:21:28.767 [info] Got 0 sessions for project,read:org,read:user,repo,user:email,workflow...
2025-01-27 18:21:28.798 [info] Getting sessions for read:user...
2025-01-27 18:21:28.798 [info] Got 0 sessions for read:user...
2025-01-27 18:21:28.798 [info] Getting sessions for read:user,repo,user:email,workflow...
2025-01-27 18:21:28.798 [info] Got 0 sessions for read:user,repo,user:email,workflow...
2025-01-27 18:21:28.911 [info] Getting sessions for read:user,repo,user:email,workflow...
2025-01-27 18:21:28.911 [info] Got 0 sessions for read:user,repo,user:email,workflow...
2025-01-27 18:21:28.984 [info] Getting sessions for user:email...
2025-01-27 18:21:28.984 [info] Got 1 sessions for user:email...
2025-01-27 18:21:28.985 [info] Getting sessions for user:email...
2025-01-27 18:21:28.985 [info] Got 1 sessions for user:email...
2025-01-27 18:21:29.077 [info] Getting sessions for read:user,repo,user:email...
2025-01-27 18:21:29.077 [info] Got 0 sessions for read:user,repo,user:email...
2025-01-27 18:21:29.131 [info] Getting sessions for all scopes...
2025-01-27 18:21:29.131 [info] Got 2 sessions for ...
2025-01-27 18:21:29.131 [info] Getting sessions for all scopes...
2025-01-27 18:21:29.131 [info] Got 2 sessions for ...
2025-01-27 18:21:29.138 [info] Getting sessions for read:user,repo,user:email,workflow...
2025-01-27 18:21:29.138 [info] Got 0 sessions for read:user,repo,user:email,workflow...
2025-01-27 18:21:31.371 [info] Getting sessions for read:user,repo,user:email,workflow...
2025-01-27 18:21:31.371 [info] Got 0 sessions for read:user,repo,user:email,workflow...
2025-01-27 18:21:31.411 [info] Getting sessions for all scopes...
2025-01-27 18:21:31.411 [info] Got 2 sessions for ...
2025-01-27 18:21:31.422 [info] Getting sessions for all scopes...
2025-01-27 18:21:31.422 [info] Got 2 sessions for ...
2025-01-27 18:21:31.426 [info] Getting sessions for user:email...
2025-01-27 18:21:31.426 [info] Got 1 sessions for user:email...
2025-01-27 18:21:31.457 [info] Getting sessions for read:user,repo,user:email,workflow...
2025-01-27 18:21:31.457 [info] Got 0 sessions for read:user,repo,user:email,workflow...
2025-01-27 18:21:31.458 [info] Getting sessions for all scopes...
2025-01-27 18:21:31.458 [info] Got 2 sessions for ...
2025-01-27 18:21:31.459 [info] Getting sessions for read:user,repo,user:email,workflow...
2025-01-27 18:21:31.459 [info] Got 0 sessions for read:user,repo,user:email,workflow...
2025-01-27 18:21:31.462 [info] Getting sessions for user:email...
2025-01-27 18:21:31.462 [info] Got 1 sessions for user:email...
2025-01-27 18:21:31.802 [info] Getting sessions for read:user,repo,user:email,workflow...
2025-01-27 18:21:31.802 [info] Got 0 sessions for read:user,repo,user:email,workflow...
2025-01-27 18:21:31.804 [info] Getting sessions for read:user...
2025-01-27 18:21:31.804 [info] Got 0 sessions for read:user...
2025-01-27 18:21:31.810 [info] Getting sessions for user:email...
2025-01-27 18:21:31.810 [info] Got 1 sessions for user:email...
2025-01-27 18:21:32.296 [info] Getting sessions for all scopes...
2025-01-27 18:21:32.296 [info] Got 2 sessions for ...
2025-01-27 18:21:32.296 [info] Getting sessions for all scopes...
2025-01-27 18:21:32.296 [info] Got 2 sessions for ...
2025-01-27 18:21:32.317 [info] Getting sessions for read:user,repo,user:email,workflow...
2025-01-27 18:21:32.317 [info] Got 0 sessions for read:user,repo,user:email,workflow...
2025-01-27 18:21:32.319 [info] Getting sessions for user:email...
2025-01-27 18:21:32.319 [info] Got 1 sessions for user:email...
2025-01-27 18:21:32.323 [info] Getting sessions for all scopes...
2025-01-27 18:21:32.324 [info] Got 2 sessions for ...
2025-01-27 18:21:32.326 [info] Getting sessions for read:user,repo,user:email,workflow...
2025-01-27 18:21:32.326 [info] Got 0 sessions for read:user,repo,user:email,workflow...
2025-01-27 18:21:32.327 [info] Getting sessions for user:email...
2025-01-27 18:21:32.327 [info] Got 1 sessions for user:email...
2025-01-27 18:21:32.459 [info] Getting sessions for all scopes...
2025-01-27 18:21:32.459 [info] Got 2 sessions for ...
2025-01-27 18:21:32.465 [info] Getting sessions for read:user,repo,user:email,workflow...
2025-01-27 18:21:32.466 [info] Got 0 sessions for read:user,repo,user:email,workflow...
2025-01-27 18:21:32.479 [info] Getting sessions for read:user,repo,user:email,workflow...
2025-01-27 18:21:32.479 [info] Got 0 sessions for read:user,repo,user:email,workflow...
2025-01-27 18:21:32.479 [info] Getting sessions for read:user...
2025-01-27 18:21:32.479 [info] Got 0 sessions for read:user...
2025-01-27 18:21:32.482 [info] Getting sessions for user:email...
2025-01-27 18:21:32.482 [info] Got 1 sessions for user:email...
2025-01-27 18:21:32.483 [info] Getting sessions for user:email...
2025-01-27 18:21:32.483 [info] Got 1 sessions for user:email...
2025-01-27 18:21:32.502 [info] Getting sessions for all scopes...
2025-01-27 18:21:32.502 [info] Got 2 sessions for ...
2025-01-27 18:21:32.504 [info] Getting sessions for read:user,repo,user:email,workflow...
2025-01-27 18:21:32.504 [info] Got 0 sessions for read:user,repo,user:email,workflow...
2025-01-27 18:21:32.506 [info] Getting sessions for all scopes...
2025-01-27 18:21:32.506 [info] Got 2 sessions for ...
2025-01-27 18:21:32.507 [info] Getting sessions for read:user,repo,user:email,workflow...
2025-01-27 18:21:32.507 [info] Got 0 sessions for read:user,repo,user:email,workflow...
2025-01-27 18:21:33.552 [info] Getting sessions for all scopes...
2025-01-27 18:21:33.553 [info] Got 2 sessions for ...
2025-01-27 18:21:33.561 [info] Getting sessions for read:user,repo,user:email,workflow...
2025-01-27 18:21:33.561 [info] Got 0 sessions for read:user,repo,user:email,workflow...
2025-01-27 18:21:33.563 [info] Getting sessions for user:email...
2025-01-27 18:21:33.563 [info] Got 1 sessions for user:email...
2025-01-27 18:26:00.626 [info] Getting sessions for user:email...
2025-01-27 18:26:00.626 [info] Got 1 sessions for user:email...
2025-01-27 18:26:00.632 [info] Getting sessions for user:email...
2025-01-27 18:26:00.632 [info] Got 1 sessions for user:email...
2025-01-27 18:26:07.565 [info] Logging in with 'any' account...
2025-01-27 18:26:07.565 [info] Logging in for the following scopes: read:user repo user:email workflow
2025-01-27 18:26:07.683 [info] Trying without local server... (read:user repo user:email workflow)
2025-01-27 18:26:13.295 [info] Exchanging code for token...
2025-01-27 18:26:13.710 [info] Token exchange success!
2025-01-27 18:26:13.712 [info] Getting user info...
2025-01-27 18:26:14.023 [info] Got account info!
2025-01-27 18:26:14.024 [info] Storing 3 sessions...
2025-01-27 18:26:14.027 [info] Reading sessions from keychain...
2025-01-27 18:26:14.027 [info] Stored 3 sessions!
2025-01-27 18:26:14.027 [info] Login success!
2025-01-27 18:26:14.028 [info] Getting sessions for all scopes...
2025-01-27 18:26:14.031 [info] Getting sessions for user:email...
2025-01-27 18:26:14.031 [info] Got stored sessions!
2025-01-27 18:26:14.031 [info] Got 3 verified sessions.
2025-01-27 18:26:14.031 [info] Got 3 sessions for ...
2025-01-27 18:26:14.031 [info] Got 1 sessions for user:email...
2025-01-27 18:26:14.034 [info] Getting sessions for all scopes...
2025-01-27 18:26:14.034 [info] Got 3 sessions for ...
2025-01-27 18:26:14.035 [info] Getting sessions for user:email...
2025-01-27 18:26:14.035 [info] Got 1 sessions for user:email...
2025-01-27 18:26:14.039 [info] Getting sessions for read:user,repo,user:email,workflow...
2025-01-27 18:26:14.039 [info] Got 1 sessions for read:user,repo,user:email,workflow...
2025-01-27 18:26:14.039 [info] Getting sessions for all scopes...
2025-01-27 18:26:14.039 [info] Got 3 sessions for ...
2025-01-27 18:26:14.039 [info] Getting sessions for all scopes...
2025-01-27 18:26:14.039 [info] Got 3 sessions for ...
2025-01-27 18:26:14.040 [info] Getting sessions for project,read:org,read:user,repo,user:email,workflow...
2025-01-27 18:26:14.040 [info] Got 0 sessions for project,read:org,read:user,repo,user:email,workflow...
2025-01-27 18:26:14.040 [info] Getting sessions for read:user,repo,user:email,workflow...
2025-01-27 18:26:14.040 [info] Got 1 sessions for read:user,repo,user:email,workflow...
2025-01-27 18:26:14.040 [info] Getting sessions for read:user,repo,user:email...
2025-01-27 18:26:14.040 [info] Got 0 sessions for read:user,repo,user:email...
2025-01-27 18:26:14.129 [info] Getting sessions for read:user,repo,user:email,workflow...
2025-01-27 18:26:14.129 [info] Got 1 sessions for read:user,repo,user:email,workflow...
2025-01-27 18:26:14.129 [info] Getting sessions for read:user,repo,user:email,workflow...
2025-01-27 18:26:14.129 [info] Got 1 sessions for read:user,repo,user:email,workflow...
2025-01-27 18:26:14.212 [info] Getting sessions for read:user,repo,user:email...
2025-01-27 18:26:14.212 [info] Got 0 sessions for read:user,repo,user:email...
2025-01-27 18:26:14.218 [info] Getting sessions for all scopes...
2025-01-27 18:26:14.218 [info] Got 3 sessions for ...
2025-01-27 18:26:14.253 [info] Getting sessions for read:user,repo,user:email,workflow...
2025-01-27 18:26:14.253 [info] Got 1 sessions for read:user,repo,user:email,workflow...
2025-01-27 18:26:14.266 [info] Getting sessions for all scopes...
2025-01-27 18:26:14.266 [info] Got 3 sessions for ...
2025-01-27 18:26:14.269 [info] Getting sessions for read:user,repo,user:email,workflow...
2025-01-27 18:26:14.269 [info] Got 1 sessions for read:user,repo,user:email,workflow...
2025-01-27 18:26:14.535 [info] Getting sessions for read:user,repo,user:email,workflow...
2025-01-27 18:26:14.535 [info] Got 1 sessions for read:user,repo,user:email,workflow...
2025-01-27 18:26:14.591 [info] Getting sessions for read:user,repo,user:email,workflow...
2025-01-27 18:26:14.591 [info] Got 1 sessions for read:user,repo,user:email,workflow...
2025-01-27 18:26:14.848 [info] Getting sessions for all scopes...
2025-01-27 18:26:14.848 [info] Got 3 sessions for ...
2025-01-27 18:26:14.848 [info] Getting sessions for all scopes...
2025-01-27 18:26:14.848 [info] Got 3 sessions for ...
2025-01-27 18:26:14.849 [info] Getting sessions for read:user,repo,user:email,workflow...
2025-01-27 18:26:14.849 [info] Got 1 sessions for read:user,repo,user:email,workflow...
2025-01-27 18:26:14.852 [info] Getting sessions for all scopes...
2025-01-27 18:26:14.852 [info] Got 3 sessions for ...
2025-01-27 18:26:14.853 [info] Getting sessions for read:user,repo,user:email,workflow...
2025-01-27 18:26:14.853 [info] Got 1 sessions for read:user,repo,user:email,workflow...
2025-01-27 18:26:14.857 [info] Getting sessions for all scopes...
2025-01-27 18:26:14.857 [info] Got 3 sessions for ...
2025-01-27 18:26:14.858 [info] Getting sessions for read:user,repo,user:email,workflow...
2025-01-27 18:26:14.858 [info] Got 1 sessions for read:user,repo,user:email,workflow...
