2025-01-27 18:57:05.552 [info] [main] Log level: Info
2025-01-27 18:57:05.552 [info] [main] Validating found git in: "git"
2025-01-27 18:57:05.552 [info] [main] Using git "2.48.1" from "git"
2025-01-27 18:57:05.552 [info] [Model][doInitialScan] Initial repository scan started
2025-01-27 18:57:05.552 [info] > git rev-parse --show-toplevel [83ms]
2025-01-27 18:57:05.552 [info] > git rev-parse --git-dir --git-common-dir [28ms]
2025-01-27 18:57:05.552 [info] [Model][openRepository] Opened repository: /home/felipe/blackhole/notas
2025-01-27 18:57:05.555 [info] > git rev-parse --show-toplevel [25ms]
2025-01-27 18:57:05.555 [info] fatal: not a git repository (or any of the parent directories): .git
2025-01-27 18:57:05.556 [info] > git config --get commit.template [39ms]
2025-01-27 18:57:05.591 [info] > git rev-parse --show-toplevel [16ms]
2025-01-27 18:57:05.605 [info] > git for-each-ref --format=%(refname)%00%(upstream:short)%00%(objectname)%00%(upstream:track)%00%(upstream:remotename)%00%(upstream:remoteref) refs/heads/main refs/remotes/main [17ms]
2025-01-27 18:57:05.607 [info] > git rev-parse --show-toplevel [5ms]
2025-01-27 18:57:05.612 [info] [Model][doInitialScan] Initial repository scan completed - repositories (1), closed repositories (0), parent repositories (0), unsafe repositories (0)
2025-01-27 18:57:05.654 [info] > git status -z -uall [13ms]
2025-01-27 18:57:05.654 [info] > git for-each-ref --sort -committerdate --format %(refname) %(objectname) %(*objectname) [4ms]
2025-01-27 18:57:05.703 [info] > git for-each-ref --format=%(refname)%00%(upstream:short)%00%(objectname)%00%(upstream:track)%00%(upstream:remotename)%00%(upstream:remoteref) refs/heads/main refs/remotes/main [29ms]
2025-01-27 18:57:05.742 [info] > git config --local branch.main.vscode-merge-base [28ms]
2025-01-27 18:57:05.742 [warning] [Git][config] git config failed: Failed to execute git
2025-01-27 18:57:05.754 [info] > git config --get commit.template [52ms]
2025-01-27 18:57:06.891 [info] > git reflog main --grep-reflog=branch: Created from *. [1138ms]
2025-01-27 18:57:06.891 [info] warning: refname 'main' is ambiguous.
2025-01-27 18:57:06.899 [info] > git fetch [1215ms]
2025-01-27 18:57:07.536 [info] > git check-ignore -v -z --stdin [606ms]
2025-01-27 18:57:07.538 [info] > git symbolic-ref --short refs/remotes/origin/HEAD [640ms]
2025-01-27 18:57:07.538 [info] fatal: ref refs/remotes/origin/HEAD is not a symbolic ref
2025-01-27 18:57:07.538 [warning] [Repository][getDefaultBranch] Failed to get default branch details: Failed to execute git.
2025-01-27 18:57:07.594 [info] > git merge-base refs/heads/main refs/remotes/main/main [48ms]
2025-01-27 18:57:07.603 [info] > git config --get commit.template [68ms]
2025-01-27 18:57:07.603 [info] > git for-each-ref --format=%(refname)%00%(upstream:short)%00%(objectname)%00%(upstream:track)%00%(upstream:remotename)%00%(upstream:remoteref) refs/heads/main refs/remotes/main [76ms]
2025-01-27 18:57:07.639 [info] > git diff --name-status -z --diff-filter=ADMR 821d8ce675238aeadefa3f9f18111d518e460f50...refs/remotes/main/main [36ms]
2025-01-27 18:57:07.702 [info] > git for-each-ref --format=%(refname)%00%(upstream:short)%00%(objectname)%00%(upstream:track)%00%(upstream:remotename)%00%(upstream:remoteref) refs/heads/main refs/remotes/main [12ms]
2025-01-27 18:57:07.802 [info] > git status -z -uall [32ms]
2025-01-27 18:57:07.805 [info] > git for-each-ref --sort -committerdate --format %(refname) %(objectname) %(*objectname) [13ms]
2025-01-27 18:57:07.881 [info] > git config --get commit.template [13ms]
2025-01-27 18:57:07.882 [info] > git for-each-ref --format=%(refname)%00%(upstream:short)%00%(objectname)%00%(upstream:track)%00%(upstream:remotename)%00%(upstream:remoteref) refs/heads/main refs/remotes/main [2ms]
2025-01-27 18:57:07.941 [info] > git status -z -uall [49ms]
2025-01-27 18:57:07.950 [info] > git for-each-ref --sort -committerdate --format %(refname) %(objectname) %(*objectname) [47ms]
2025-01-27 18:57:08.111 [info] > git config --get commit.template [9ms]
2025-01-27 18:57:08.112 [info] > git for-each-ref --format=%(refname)%00%(upstream:short)%00%(objectname)%00%(upstream:track)%00%(upstream:remotename)%00%(upstream:remoteref) refs/heads/main refs/remotes/main [2ms]
2025-01-27 18:57:08.136 [info] > git status -z -uall [14ms]
2025-01-27 18:57:08.136 [info] > git for-each-ref --sort -committerdate --format %(refname) %(objectname) %(*objectname) [6ms]
2025-01-27 18:58:10.543 [info] > git show --textconv :exemplos/kubernetes/app-variaveis-ambiente/k8s/deployment.yaml [28ms]
2025-01-27 18:58:10.544 [info] > git ls-files --stage -- /home/felipe/blackhole/notas/exemplos/kubernetes/app-variaveis-ambiente/k8s/deployment.yaml [5ms]
2025-01-27 18:58:10.568 [info] > git cat-file -s 47b12ca468727ce740772472e07c113f31bfb076 [3ms]
2025-01-27 18:58:11.600 [info] > git blame --root --incremental 821d8ce675238aeadefa3f9f18111d518e460f50 -- /home/felipe/blackhole/notas/exemplos/kubernetes/app-variaveis-ambiente/k8s/deployment.yaml [233ms]
