2025-01-27 18:21:21.741 [info] [main] Log level: Info
2025-01-27 18:21:21.741 [info] [main] Validating found git in: "git"
2025-01-27 18:21:21.741 [info] [main] Using git "2.48.1" from "git"
2025-01-27 18:21:21.741 [info] [Model][doInitialScan] Initial repository scan started
2025-01-27 18:21:21.741 [info] > git rev-parse --show-toplevel [50ms]
2025-01-27 18:21:21.741 [info] > git rev-parse --git-dir --git-common-dir [3ms]
2025-01-27 18:21:21.741 [info] [Model][openRepository] Opened repository: /home/felipe/blackhole/notas
2025-01-27 18:21:21.773 [info] > git rev-parse --show-toplevel [4ms]
2025-01-27 18:21:21.774 [info] > git config --get commit.template [12ms]
2025-01-27 18:21:21.811 [info] > git rev-parse --show-toplevel [25ms]
2025-01-27 18:21:21.817 [info] [Model][doInitialScan] Initial repository scan completed - repositories (1), closed repositories (0), parent repositories (0), unsafe repositories (0)
2025-01-27 18:21:21.822 [info] > git for-each-ref --format=%(refname)%00%(upstream:short)%00%(objectname)%00%(upstream:track)%00%(upstream:remotename)%00%(upstream:remoteref) refs/heads/main refs/remotes/main [13ms]
2025-01-27 18:21:21.857 [info] > git status -z -uall [16ms]
2025-01-27 18:21:21.862 [info] > git for-each-ref --sort -committerdate --format %(refname) %(objectname) %(*objectname) [9ms]
2025-01-27 18:21:21.899 [info] > git for-each-ref --format=%(refname)%00%(upstream:short)%00%(objectname)%00%(upstream:track)%00%(upstream:remotename)%00%(upstream:remoteref) refs/heads/main refs/remotes/main [18ms]
2025-01-27 18:21:21.920 [info] > git config --local branch.main.vscode-merge-base [6ms]
2025-01-27 18:21:21.921 [warning] [Git][config] git config failed: Failed to execute git
2025-01-27 18:21:21.931 [info] > git config --get commit.template [33ms]
2025-01-27 18:21:21.971 [info] > git for-each-ref --format=%(refname)%00%(upstream:short)%00%(objectname)%00%(upstream:track)%00%(upstream:remotename)%00%(upstream:remoteref) refs/heads/main refs/remotes/main [21ms]
2025-01-27 18:21:21.972 [info] > git reflog main --grep-reflog=branch: Created from *. [41ms]
2025-01-27 18:21:21.972 [info] warning: refname 'main' is ambiguous.
2025-01-27 18:21:22.015 [info] > git symbolic-ref --short refs/remotes/origin/HEAD [29ms]
2025-01-27 18:21:22.015 [info] fatal: ref refs/remotes/origin/HEAD is not a symbolic ref
2025-01-27 18:21:22.015 [warning] [Repository][getDefaultBranch] Failed to get default branch details: Failed to execute git.
2025-01-27 18:21:22.028 [info] > git merge-base refs/heads/main refs/remotes/main/main [2ms]
2025-01-27 18:21:22.070 [info] > git status -z -uall [11ms]
2025-01-27 18:21:22.070 [info] > git diff --name-status -z --diff-filter=ADMR 821d8ce675238aeadefa3f9f18111d518e460f50...refs/remotes/main/main [33ms]
2025-01-27 18:21:22.075 [info] > git for-each-ref --sort -committerdate --format %(refname) %(objectname) %(*objectname) [6ms]
2025-01-27 18:21:22.400 [info] > git check-ignore -v -z --stdin [3ms]
2025-01-27 18:21:22.630 [info] > git fetch [924ms]
2025-01-27 18:21:22.643 [info] > git config --get commit.template [2ms]
2025-01-27 18:21:22.654 [info] > git for-each-ref --format=%(refname)%00%(upstream:short)%00%(objectname)%00%(upstream:track)%00%(upstream:remotename)%00%(upstream:remoteref) refs/heads/main refs/remotes/main [2ms]
2025-01-27 18:21:22.675 [info] > git status -z -uall [12ms]
2025-01-27 18:21:22.676 [info] > git for-each-ref --sort -committerdate --format %(refname) %(objectname) %(*objectname) [2ms]
2025-01-27 18:21:23.450 [info] > git config --get commit.template [2ms]
2025-01-27 18:21:23.461 [info] > git for-each-ref --format=%(refname)%00%(upstream:short)%00%(objectname)%00%(upstream:track)%00%(upstream:remotename)%00%(upstream:remoteref) refs/heads/main refs/remotes/main [3ms]
2025-01-27 18:21:23.484 [info] > git status -z -uall [14ms]
2025-01-27 18:21:23.485 [info] > git for-each-ref --sort -committerdate --format %(refname) %(objectname) %(*objectname) [3ms]
2025-01-27 18:21:29.054 [info] > git config --get commit.template [33ms]
2025-01-27 18:21:29.126 [info] > git for-each-ref --format=%(refname)%00%(upstream:short)%00%(objectname)%00%(upstream:track)%00%(upstream:remotename)%00%(upstream:remoteref) refs/heads/main refs/remotes/main [15ms]
2025-01-27 18:21:29.173 [info] > git status -z -uall [19ms]
2025-01-27 18:21:31.340 [info] > git for-each-ref --sort -committerdate --format %(refname) %(objectname) %(*objectname) [2170ms]
2025-01-27 18:21:31.405 [info] > git config --local branch.main.github-pr-owner-number [2180ms]
2025-01-27 18:21:31.405 [warning] [Git][config] git config failed: Failed to execute git
2025-01-27 18:22:43.781 [info] > git log --format=%H%n%aN%n%aE%n%at%n%ct%n%P%n%D%n%B -z --shortstat --diff-merges=first-parent -n50 --skip=0 --topo-order --decorate=full --stdin [127ms]
2025-01-27 18:23:51.963 [info] > git check-ignore -v -z --stdin [121ms]
2025-01-27 18:23:51.964 [info] > git show --textconv :notes/kubernetes.md [51ms]
2025-01-27 18:23:51.965 [info] > git ls-files --stage -- /home/felipe/blackhole/notas/notes/kubernetes.md [4ms]
2025-01-27 18:23:52.227 [info] > git cat-file -s 3d5beda2f0f0434797a433d2e3b08f03e13e5252 [213ms]
2025-01-27 18:23:52.517 [info] > git blame --root --incremental 821d8ce675238aeadefa3f9f18111d518e460f50 -- /home/felipe/blackhole/notas/notes/kubernetes.md [11ms]
2025-01-27 18:24:00.246 [info] > git show --textconv :exemplos/kubernetes/app-variaveis-ambiente/k8s/deployment.yaml [49ms]
2025-01-27 18:24:00.257 [info] > git ls-files --stage -- /home/felipe/blackhole/notas/exemplos/kubernetes/app-variaveis-ambiente/k8s/deployment.yaml [15ms]
2025-01-27 18:24:00.313 [info] > git cat-file -s 47b12ca468727ce740772472e07c113f31bfb076 [9ms]
2025-01-27 18:24:01.679 [info] > git blame --root --incremental 821d8ce675238aeadefa3f9f18111d518e460f50 -- /home/felipe/blackhole/notas/exemplos/kubernetes/app-variaveis-ambiente/k8s/deployment.yaml [887ms]
2025-01-27 18:24:04.443 [info] > git show --textconv :notes/kubernetes.md [37ms]
2025-01-27 18:24:04.443 [info] > git ls-files --stage -- /home/felipe/blackhole/notas/notes/kubernetes.md [3ms]
2025-01-27 18:24:04.492 [info] > git cat-file -s 3d5beda2f0f0434797a433d2e3b08f03e13e5252 [17ms]
2025-01-27 18:24:42.172 [info] > git fetch [872ms]
2025-01-27 18:24:42.223 [info] > git config --get commit.template [23ms]
2025-01-27 18:24:42.223 [info] > git for-each-ref --format=%(refname)%00%(upstream:short)%00%(objectname)%00%(upstream:track)%00%(upstream:remotename)%00%(upstream:remoteref) refs/heads/main refs/remotes/main [2ms]
2025-01-27 18:24:42.270 [info] > git status -z -uall [24ms]
2025-01-27 18:24:42.271 [info] > git for-each-ref --sort -committerdate --format %(refname) %(objectname) %(*objectname) [2ms]
2025-01-27 18:24:43.395 [info] > git ls-files --stage -- /home/felipe/blackhole/notas/notes/kubernetes.md [3ms]
2025-01-27 18:24:43.417 [info] > git cat-file -s 3d5beda2f0f0434797a433d2e3b08f03e13e5252 [2ms]
2025-01-27 18:24:43.441 [info] > git show --textconv :notes/kubernetes.md [2ms]
2025-01-27 18:25:25.101 [info] > git show --textconv :notes/kubernetes.md [111ms]
2025-01-27 18:25:25.108 [info] > git ls-files --stage -- /home/felipe/blackhole/notas/notes/kubernetes.md [46ms]
2025-01-27 18:25:25.206 [info] > git cat-file -s 3d5beda2f0f0434797a433d2e3b08f03e13e5252 [26ms]
2025-01-27 18:25:31.979 [info] > git show --textconv :notes/kubernetes.md [40ms]
2025-01-27 18:25:31.980 [info] > git ls-files --stage -- /home/felipe/blackhole/notas/notes/kubernetes.md [4ms]
2025-01-27 18:25:32.036 [info] > git cat-file -s 3d5beda2f0f0434797a433d2e3b08f03e13e5252 [18ms]
2025-01-27 18:27:16.308 [info] > git show --textconv :exemplos/kubernetes/app-variaveis-ambiente/k8s/deployment.yaml [50ms]
2025-01-27 18:27:16.308 [info] > git ls-files --stage -- /home/felipe/blackhole/notas/exemplos/kubernetes/app-variaveis-ambiente/k8s/deployment.yaml [4ms]
2025-01-27 18:27:16.339 [info] > git cat-file -s 47b12ca468727ce740772472e07c113f31bfb076 [3ms]
2025-01-27 18:27:43.219 [info] > git fetch [915ms]
2025-01-27 18:27:43.276 [info] > git config --get commit.template [25ms]
2025-01-27 18:27:43.276 [info] > git for-each-ref --format=%(refname)%00%(upstream:short)%00%(objectname)%00%(upstream:track)%00%(upstream:remotename)%00%(upstream:remoteref) refs/heads/main refs/remotes/main [2ms]
2025-01-27 18:27:43.330 [info] > git status -z -uall [27ms]
2025-01-27 18:27:43.331 [info] > git for-each-ref --sort -committerdate --format %(refname) %(objectname) %(*objectname) [4ms]
2025-01-27 18:27:44.454 [info] > git ls-files --stage -- /home/felipe/blackhole/notas/exemplos/kubernetes/app-variaveis-ambiente/k8s/deployment.yaml [1ms]
2025-01-27 18:27:44.477 [info] > git cat-file -s 47b12ca468727ce740772472e07c113f31bfb076 [1ms]
2025-01-27 18:27:44.502 [info] > git show --textconv :exemplos/kubernetes/app-variaveis-ambiente/k8s/deployment.yaml [2ms]
