2025-01-28 08:44:04.595 [info] [main] Log level: Info
2025-01-28 08:44:04.595 [info] [main] Validating found git in: "git"
2025-01-28 08:44:04.595 [info] [main] Using git "2.48.1" from "git"
2025-01-28 08:44:04.595 [info] [Model][doInitialScan] Initial repository scan started
2025-01-28 08:44:04.595 [info] > git rev-parse --show-toplevel [162ms]
2025-01-28 08:44:04.595 [info] > git rev-parse --git-dir --git-common-dir [13ms]
2025-01-28 08:44:04.595 [info] [Model][openRepository] Opened repository: /home/felipe/blackhole/notas
2025-01-28 08:44:04.633 [info] > git rev-parse --show-toplevel [11ms]
2025-01-28 08:44:04.633 [info] > git config --get commit.template [25ms]
2025-01-28 08:44:04.666 [info] > git rev-parse --show-toplevel [18ms]
2025-01-28 08:44:04.678 [info] > git for-each-ref --format=%(refname)%00%(upstream:short)%00%(objectname)%00%(upstream:track)%00%(upstream:remotename)%00%(upstream:remoteref) refs/heads/main refs/remotes/main [16ms]
2025-01-28 08:44:04.689 [info] > git rev-parse --show-toplevel [12ms]
2025-01-28 08:44:04.709 [info] > git rev-parse --show-toplevel [3ms]
2025-01-28 08:44:04.713 [info] [Model][doInitialScan] Initial repository scan completed - repositories (1), closed repositories (0), parent repositories (0), unsafe repositories (0)
2025-01-28 08:44:04.745 [info] > git status -z -uall [15ms]
2025-01-28 08:44:04.752 [info] > git for-each-ref --sort -committerdate --format %(refname) %(objectname) %(*objectname) [11ms]
2025-01-28 08:44:04.816 [info] > git for-each-ref --format=%(refname)%00%(upstream:short)%00%(objectname)%00%(upstream:track)%00%(upstream:remotename)%00%(upstream:remoteref) refs/heads/main refs/remotes/main [33ms]
2025-01-28 08:44:04.830 [info] > git config --local branch.main.vscode-merge-base [3ms]
2025-01-28 08:44:04.830 [warning] [Git][config] git config failed: Failed to execute git
2025-01-28 08:44:04.839 [info] > git config --get commit.template [27ms]
2025-01-28 08:44:04.867 [info] > git for-each-ref --format=%(refname)%00%(upstream:short)%00%(objectname)%00%(upstream:track)%00%(upstream:remotename)%00%(upstream:remoteref) refs/heads/main refs/remotes/main [12ms]
2025-01-28 08:44:04.896 [info] > git status -z -uall [16ms]
2025-01-28 08:44:04.896 [info] > git for-each-ref --sort -committerdate --format %(refname) %(objectname) %(*objectname) [4ms]
2025-01-28 08:44:04.920 [info] > git for-each-ref --format=%(refname)%00%(upstream:short)%00%(objectname)%00%(upstream:track)%00%(upstream:remotename)%00%(upstream:remoteref) refs/heads/main refs/remotes/main [6ms]
2025-01-28 08:44:05.004 [info] > git config --local branch.main.vscode-merge-base [65ms]
2025-01-28 08:44:05.004 [warning] [Git][config] git config failed: Failed to execute git
2025-01-28 08:44:05.027 [info] > git reflog main --grep-reflog=branch: Created from *. [8ms]
2025-01-28 08:44:05.027 [info] warning: refname 'main' is ambiguous.
2025-01-28 08:44:05.038 [info] > git reflog main --grep-reflog=branch: Created from *. [199ms]
2025-01-28 08:44:05.038 [info] warning: refname 'main' is ambiguous.
2025-01-28 08:44:05.050 [info] > git symbolic-ref --short refs/remotes/origin/HEAD [2ms]
2025-01-28 08:44:05.050 [info] fatal: ref refs/remotes/origin/HEAD is not a symbolic ref
2025-01-28 08:44:05.050 [warning] [Repository][getDefaultBranch] Failed to get default branch details: Failed to execute git.
2025-01-28 08:44:05.077 [info] > git symbolic-ref --short refs/remotes/origin/HEAD [40ms]
2025-01-28 08:44:05.077 [info] fatal: ref refs/remotes/origin/HEAD is not a symbolic ref
2025-01-28 08:44:05.077 [warning] [Repository][getDefaultBranch] Failed to get default branch details: Failed to execute git.
2025-01-28 08:44:05.174 [info] > git merge-base refs/heads/main refs/remotes/main/main [78ms]
2025-01-28 08:44:05.187 [info] > git merge-base refs/heads/main refs/remotes/main/main [113ms]
2025-01-28 08:44:05.216 [info] > git check-ignore -v -z --stdin [10ms]
2025-01-28 08:44:05.220 [info] > git diff --name-status -z --diff-filter=ADMR 821d8ce675238aeadefa3f9f18111d518e460f50...refs/remotes/main/main [24ms]
2025-01-28 08:44:05.221 [info] > git diff --name-status -z --diff-filter=ADMR 821d8ce675238aeadefa3f9f18111d518e460f50...refs/remotes/main/main [34ms]
2025-01-28 08:44:05.303 [info] > git show --textconv :notes/kubernetes.md [70ms]
2025-01-28 08:44:05.303 [info] > git show --textconv :exemplos/kubernetes/deployment.yaml [49ms]
2025-01-28 08:44:05.304 [info] > git ls-files --stage -- /home/felipe/blackhole/notas/exemplos/kubernetes/deployment.yaml [41ms]
2025-01-28 08:44:05.306 [info] > git ls-files --stage -- /home/felipe/blackhole/notas/notes/kubernetes.md [61ms]
2025-01-28 08:44:05.361 [info] > git cat-file -s 3d5beda2f0f0434797a433d2e3b08f03e13e5252 [39ms]
2025-01-28 08:44:05.805 [info] > git blame --root --incremental 821d8ce675238aeadefa3f9f18111d518e460f50 -- /home/felipe/blackhole/notas/exemplos/kubernetes/deployment.yaml [89ms]
2025-01-28 08:44:05.805 [info] fatal: no such path exemplos/kubernetes/deployment.yaml in 821d8ce675238aeadefa3f9f18111d518e460f50
2025-01-28 08:44:05.806 [info] > git fetch [1221ms]
2025-01-28 08:44:05.835 [info] > git config --get commit.template [7ms]
2025-01-28 08:44:05.901 [info] > git for-each-ref --format=%(refname)%00%(upstream:short)%00%(objectname)%00%(upstream:track)%00%(upstream:remotename)%00%(upstream:remoteref) refs/heads/main refs/remotes/main [4ms]
2025-01-28 08:44:06.047 [info] > git config --get commit.template [42ms]
2025-01-28 08:44:06.063 [info] > git for-each-ref --format=%(refname)%00%(upstream:short)%00%(objectname)%00%(upstream:track)%00%(upstream:remotename)%00%(upstream:remoteref) refs/heads/main refs/remotes/main [2ms]
2025-01-28 08:44:06.086 [info] > git status -z -uall [12ms]
2025-01-28 08:44:06.088 [info] > git for-each-ref --sort -committerdate --format %(refname) %(objectname) %(*objectname) [4ms]
2025-01-28 08:44:09.587 [info] > git ls-files --stage -- /home/felipe/blackhole/notas/exemplos/kubernetes/deployment.yaml [813ms]
2025-01-28 08:44:09.588 [info] > git ls-files --stage -- /home/felipe/blackhole/notas/notes/kubernetes.md [834ms]
2025-01-28 08:44:09.638 [info] > git cat-file -s 3d5beda2f0f0434797a433d2e3b08f03e13e5252 [31ms]
2025-01-28 08:44:09.728 [info] > git show --textconv :exemplos/kubernetes/deployment.yaml [69ms]
2025-01-28 08:44:09.786 [info] > git show --textconv :notes/kubernetes.md [9ms]
2025-01-28 08:44:12.333 [info] > git config --get commit.template [3ms]
2025-01-28 08:44:12.383 [info] > git for-each-ref --format=%(refname)%00%(upstream:short)%00%(objectname)%00%(upstream:track)%00%(upstream:remotename)%00%(upstream:remoteref) refs/heads/main refs/remotes/main [4ms]
2025-01-28 08:44:12.477 [info] > git status -z -uall [31ms]
2025-01-28 08:44:12.478 [info] > git for-each-ref --sort -committerdate --format %(refname) %(objectname) %(*objectname) [11ms]
2025-01-28 08:47:07.001 [info] > git fetch [927ms]
2025-01-28 08:47:07.023 [info] > git config --get commit.template [2ms]
2025-01-28 08:47:07.044 [info] > git for-each-ref --format=%(refname)%00%(upstream:short)%00%(objectname)%00%(upstream:track)%00%(upstream:remotename)%00%(upstream:remoteref) refs/heads/main refs/remotes/main [2ms]
2025-01-28 08:47:07.086 [info] > git status -z -uall [21ms]
2025-01-28 08:47:07.088 [info] > git for-each-ref --sort -committerdate --format %(refname) %(objectname) %(*objectname) [3ms]
2025-01-28 08:47:22.279 [info] > git ls-files --stage -- /home/felipe/blackhole/notas/notes/kubernetes.md [28ms]
2025-01-28 08:47:22.306 [info] > git ls-files --stage -- /home/felipe/blackhole/notas/exemplos/kubernetes/deployment.yaml [29ms]
2025-01-28 08:47:22.307 [info] > git cat-file -s 3d5beda2f0f0434797a433d2e3b08f03e13e5252 [2ms]
2025-01-28 08:47:22.380 [info] > git show --textconv :exemplos/kubernetes/deployment.yaml [33ms]
2025-01-28 08:47:22.381 [info] > git show --textconv :notes/kubernetes.md [3ms]
2025-01-28 08:50:08.022 [info] > git fetch [910ms]
2025-01-28 08:50:08.065 [info] > git config --get commit.template [20ms]
2025-01-28 08:50:08.066 [info] > git for-each-ref --format=%(refname)%00%(upstream:short)%00%(objectname)%00%(upstream:track)%00%(upstream:remotename)%00%(upstream:remoteref) refs/heads/main refs/remotes/main [2ms]
2025-01-28 08:50:08.109 [info] > git status -z -uall [22ms]
2025-01-28 08:50:08.110 [info] > git for-each-ref --sort -committerdate --format %(refname) %(objectname) %(*objectname) [2ms]
2025-01-28 08:50:12.829 [info] > git ls-files --stage -- /home/felipe/blackhole/notas/notes/kubernetes.md [32ms]
2025-01-28 08:50:12.854 [info] > git ls-files --stage -- /home/felipe/blackhole/notas/exemplos/kubernetes/deployment.yaml [26ms]
2025-01-28 08:50:12.856 [info] > git cat-file -s 3d5beda2f0f0434797a433d2e3b08f03e13e5252 [3ms]
2025-01-28 08:50:12.921 [info] > git show --textconv :exemplos/kubernetes/deployment.yaml [33ms]
2025-01-28 08:50:12.923 [info] > git show --textconv :notes/kubernetes.md [5ms]
2025-01-28 08:51:05.424 [info] > git config --get commit.template [20ms]
2025-01-28 08:51:05.425 [info] > git for-each-ref --format=%(refname)%00%(upstream:short)%00%(objectname)%00%(upstream:track)%00%(upstream:remotename)%00%(upstream:remoteref) refs/heads/main refs/remotes/main [1ms]
2025-01-28 08:51:05.466 [info] > git status -z -uall [21ms]
2025-01-28 08:51:05.467 [info] > git for-each-ref --sort -committerdate --format %(refname) %(objectname) %(*objectname) [2ms]
2025-01-28 08:56:37.037 [info] > git fetch [883ms]
2025-01-28 08:56:37.065 [info] > git config --get commit.template [2ms]
2025-01-28 08:56:37.089 [info] > git for-each-ref --format=%(refname)%00%(upstream:short)%00%(objectname)%00%(upstream:track)%00%(upstream:remotename)%00%(upstream:remoteref) refs/heads/main refs/remotes/main [3ms]
2025-01-28 08:56:37.138 [info] > git status -z -uall [25ms]
2025-01-28 08:56:37.140 [info] > git for-each-ref --sort -committerdate --format %(refname) %(objectname) %(*objectname) [4ms]
2025-01-28 08:56:38.292 [info] > git ls-files --stage -- /home/felipe/blackhole/notas/notes/kubernetes.md [24ms]
2025-01-28 08:56:38.314 [info] > git ls-files --stage -- /home/felipe/blackhole/notas/exemplos/kubernetes/deployment.yaml [23ms]
2025-01-28 08:56:38.315 [info] > git cat-file -s 3d5beda2f0f0434797a433d2e3b08f03e13e5252 [2ms]
2025-01-28 08:56:38.358 [info] > git show --textconv :exemplos/kubernetes/deployment.yaml [23ms]
2025-01-28 08:56:38.359 [info] > git show --textconv :notes/kubernetes.md [3ms]
2025-01-28 08:59:46.775 [info] > git fetch [857ms]
2025-01-28 08:59:46.816 [info] > git config --get commit.template [21ms]
2025-01-28 08:59:46.817 [info] > git for-each-ref --format=%(refname)%00%(upstream:short)%00%(objectname)%00%(upstream:track)%00%(upstream:remotename)%00%(upstream:remoteref) refs/heads/main refs/remotes/main [2ms]
2025-01-28 08:59:46.860 [info] > git status -z -uall [24ms]
2025-01-28 08:59:46.860 [info] > git for-each-ref --sort -committerdate --format %(refname) %(objectname) %(*objectname) [2ms]
2025-01-28 09:00:29.096 [info] > git ls-files --stage -- /home/felipe/blackhole/notas/notes/kubernetes.md [41ms]
2025-01-28 09:00:29.151 [info] > git config --get commit.template [127ms]
2025-01-28 09:00:29.187 [info] > git ls-files --stage -- /home/felipe/blackhole/notas/exemplos/kubernetes/deployment.yaml [95ms]
2025-01-28 09:00:29.189 [info] > git for-each-ref --format=%(refname)%00%(upstream:short)%00%(objectname)%00%(upstream:track)%00%(upstream:remotename)%00%(upstream:remoteref) refs/heads/main refs/remotes/main [3ms]
2025-01-28 09:00:29.190 [info] > git cat-file -s 3d5beda2f0f0434797a433d2e3b08f03e13e5252 [39ms]
2025-01-28 09:00:29.246 [info] > git show --textconv :exemplos/kubernetes/deployment.yaml [26ms]
2025-01-28 09:00:29.306 [info] > git show --textconv :notes/kubernetes.md [60ms]
2025-01-28 09:00:29.308 [info] > git for-each-ref --sort -committerdate --format %(refname) %(objectname) %(*objectname) [2ms]
2025-01-28 09:00:29.363 [info] > git status -z -uall [82ms]
2025-01-28 09:02:54.066 [info] > git fetch [890ms]
2025-01-28 09:02:54.107 [info] > git config --get commit.template [20ms]
2025-01-28 09:02:54.108 [info] > git for-each-ref --format=%(refname)%00%(upstream:short)%00%(objectname)%00%(upstream:track)%00%(upstream:remotename)%00%(upstream:remoteref) refs/heads/main refs/remotes/main [1ms]
2025-01-28 09:02:54.151 [info] > git status -z -uall [22ms]
2025-01-28 09:02:54.154 [info] > git for-each-ref --sort -committerdate --format %(refname) %(objectname) %(*objectname) [3ms]
2025-01-28 09:04:00.118 [info] > git ls-files --stage -- /home/felipe/blackhole/notas/notes/kubernetes.md [47ms]
2025-01-28 09:04:00.162 [info] > git ls-files --stage -- /home/felipe/blackhole/notas/exemplos/kubernetes/deployment.yaml [45ms]
2025-01-28 09:04:00.165 [info] > git cat-file -s 3d5beda2f0f0434797a433d2e3b08f03e13e5252 [3ms]
2025-01-28 09:04:00.241 [info] > git show --textconv :exemplos/kubernetes/deployment.yaml [32ms]
2025-01-28 09:04:00.244 [info] > git show --textconv :notes/kubernetes.md [4ms]
2025-01-28 09:06:49.462 [info] > git fetch [974ms]
2025-01-28 09:06:49.513 [info] > git config --get commit.template [25ms]
2025-01-28 09:06:49.514 [info] > git for-each-ref --format=%(refname)%00%(upstream:short)%00%(objectname)%00%(upstream:track)%00%(upstream:remotename)%00%(upstream:remoteref) refs/heads/main refs/remotes/main [2ms]
2025-01-28 09:06:49.564 [info] > git status -z -uall [25ms]
2025-01-28 09:06:49.565 [info] > git for-each-ref --sort -committerdate --format %(refname) %(objectname) %(*objectname) [2ms]
2025-01-28 09:08:26.959 [info] > git ls-files --stage -- /home/felipe/blackhole/notas/notes/kubernetes.md [31ms]
2025-01-28 09:08:26.986 [info] > git ls-files --stage -- /home/felipe/blackhole/notas/exemplos/kubernetes/deployment.yaml [27ms]
2025-01-28 09:08:26.988 [info] > git cat-file -s 3d5beda2f0f0434797a433d2e3b08f03e13e5252 [2ms]
2025-01-28 09:08:27.077 [info] > git show --textconv :exemplos/kubernetes/deployment.yaml [43ms]
2025-01-28 09:08:27.079 [info] > git show --textconv :notes/kubernetes.md [4ms]
2025-01-28 09:10:59.270 [info] > git fetch [992ms]
2025-01-28 09:10:59.317 [info] > git config --get commit.template [23ms]
2025-01-28 09:10:59.318 [info] > git for-each-ref --format=%(refname)%00%(upstream:short)%00%(objectname)%00%(upstream:track)%00%(upstream:remotename)%00%(upstream:remoteref) refs/heads/main refs/remotes/main [2ms]
2025-01-28 09:10:59.371 [info] > git status -z -uall [28ms]
2025-01-28 09:10:59.373 [info] > git for-each-ref --sort -committerdate --format %(refname) %(objectname) %(*objectname) [4ms]
2025-01-28 09:13:02.479 [info] > git ls-files --stage -- /home/felipe/blackhole/notas/notes/kubernetes.md [37ms]
2025-01-28 09:13:02.513 [info] > git cat-file -s 3d5beda2f0f0434797a433d2e3b08f03e13e5252 [4ms]
2025-01-28 09:13:02.514 [info] > git ls-files --stage -- /home/felipe/blackhole/notas/exemplos/kubernetes/deployment.yaml [36ms]
2025-01-28 09:13:02.594 [info] > git show --textconv :notes/kubernetes.md [41ms]
2025-01-28 09:13:02.596 [info] > git show --textconv :exemplos/kubernetes/deployment.yaml [3ms]
2025-01-28 09:17:35.128 [info] > git fetch [857ms]
2025-01-28 09:17:35.171 [info] > git config --get commit.template [21ms]
2025-01-28 09:17:35.172 [info] > git for-each-ref --format=%(refname)%00%(upstream:short)%00%(objectname)%00%(upstream:track)%00%(upstream:remotename)%00%(upstream:remoteref) refs/heads/main refs/remotes/main [1ms]
2025-01-28 09:17:35.217 [info] > git status -z -uall [23ms]
2025-01-28 09:17:35.219 [info] > git for-each-ref --sort -committerdate --format %(refname) %(objectname) %(*objectname) [4ms]
2025-01-28 09:17:50.676 [info] > git ls-files --stage -- /home/felipe/blackhole/notas/notes/kubernetes.md [32ms]
2025-01-28 09:17:50.702 [info] > git ls-files --stage -- /home/felipe/blackhole/notas/exemplos/kubernetes/deployment.yaml [26ms]
2025-01-28 09:17:50.704 [info] > git cat-file -s 3d5beda2f0f0434797a433d2e3b08f03e13e5252 [4ms]
2025-01-28 09:17:50.771 [info] > git show --textconv :exemplos/kubernetes/deployment.yaml [30ms]
2025-01-28 09:17:50.774 [info] > git show --textconv :notes/kubernetes.md [5ms]
2025-01-28 09:22:15.271 [info] > git fetch [1665ms]
2025-01-28 09:22:15.324 [info] > git config --get commit.template [25ms]
2025-01-28 09:22:15.325 [info] > git for-each-ref --format=%(refname)%00%(upstream:short)%00%(objectname)%00%(upstream:track)%00%(upstream:remotename)%00%(upstream:remoteref) refs/heads/main refs/remotes/main [2ms]
2025-01-28 09:22:15.402 [info] > git status -z -uall [44ms]
2025-01-28 09:22:15.403 [info] > git for-each-ref --sort -committerdate --format %(refname) %(objectname) %(*objectname) [5ms]
2025-01-28 09:22:22.574 [info] > git ls-files --stage -- /home/felipe/blackhole/notas/notes/kubernetes.md [31ms]
2025-01-28 09:22:22.601 [info] > git ls-files --stage -- /home/felipe/blackhole/notas/exemplos/kubernetes/deployment.yaml [28ms]
2025-01-28 09:22:22.602 [info] > git cat-file -s 3d5beda2f0f0434797a433d2e3b08f03e13e5252 [3ms]
2025-01-28 09:22:22.663 [info] > git show --textconv :exemplos/kubernetes/deployment.yaml [28ms]
2025-01-28 09:22:22.664 [info] > git show --textconv :notes/kubernetes.md [3ms]
2025-01-28 09:25:16.280 [info] > git fetch [833ms]
2025-01-28 09:25:16.328 [info] > git config --get commit.template [24ms]
2025-01-28 09:25:16.329 [info] > git for-each-ref --format=%(refname)%00%(upstream:short)%00%(objectname)%00%(upstream:track)%00%(upstream:remotename)%00%(upstream:remoteref) refs/heads/main refs/remotes/main [2ms]
2025-01-28 09:25:16.376 [info] > git status -z -uall [24ms]
2025-01-28 09:25:16.377 [info] > git for-each-ref --sort -committerdate --format %(refname) %(objectname) %(*objectname) [2ms]
2025-01-28 09:25:37.373 [info] > git ls-files --stage -- /home/felipe/blackhole/notas/notes/kubernetes.md [27ms]
2025-01-28 09:25:37.400 [info] > git ls-files --stage -- /home/felipe/blackhole/notas/exemplos/kubernetes/deployment.yaml [28ms]
2025-01-28 09:25:37.401 [info] > git cat-file -s 3d5beda2f0f0434797a433d2e3b08f03e13e5252 [2ms]
2025-01-28 09:25:37.462 [info] > git show --textconv :exemplos/kubernetes/deployment.yaml [30ms]
2025-01-28 09:25:37.464 [info] > git show --textconv :notes/kubernetes.md [3ms]
2025-01-28 09:28:17.876 [info] > git fetch [852ms]
2025-01-28 09:28:17.933 [info] > git config --get commit.template [26ms]
2025-01-28 09:28:17.933 [info] > git for-each-ref --format=%(refname)%00%(upstream:short)%00%(objectname)%00%(upstream:track)%00%(upstream:remotename)%00%(upstream:remoteref) refs/heads/main refs/remotes/main [1ms]
2025-01-28 09:28:17.986 [info] > git status -z -uall [26ms]
2025-01-28 09:28:17.987 [info] > git for-each-ref --sort -committerdate --format %(refname) %(objectname) %(*objectname) [2ms]
2025-01-28 09:28:21.491 [info] > git ls-files --stage -- /home/felipe/blackhole/notas/notes/kubernetes.md [31ms]
2025-01-28 09:28:21.519 [info] > git ls-files --stage -- /home/felipe/blackhole/notas/exemplos/kubernetes/deployment.yaml [30ms]
2025-01-28 09:28:21.520 [info] > git cat-file -s 3d5beda2f0f0434797a433d2e3b08f03e13e5252 [2ms]
2025-01-28 09:28:21.574 [info] > git show --textconv :exemplos/kubernetes/deployment.yaml [29ms]
2025-01-28 09:28:21.575 [info] > git show --textconv :notes/kubernetes.md [2ms]
2025-01-28 09:28:29.760 [info] > git blame --root --incremental 821d8ce675238aeadefa3f9f18111d518e460f50 -- /home/felipe/blackhole/notas/notes/kubernetes.md [17ms]
