2025-01-27 18:19:22.247 [info] Reading sessions from keychain...
2025-01-27 18:19:22.247 [info] Getting sessions for all scopes...
2025-01-27 18:19:22.247 [info] Getting sessions for all scopes...
2025-01-27 18:19:22.247 [info] Getting sessions for all scopes...
2025-01-27 18:19:22.247 [info] Getting sessions for all scopes...
2025-01-27 18:19:22.247 [info] Getting sessions for all scopes...
2025-01-27 18:19:22.247 [info] Getting sessions for all scopes...
2025-01-27 18:19:22.247 [info] Getting sessions for all scopes...
2025-01-27 18:19:22.247 [info] Getting sessions for all scopes...
2025-01-27 18:19:22.247 [info] Got stored sessions!
2025-01-27 18:19:22.247 [info] Got 2 verified sessions.
2025-01-27 18:19:22.247 [info] Got 2 sessions for ...
2025-01-27 18:19:22.247 [info] Got 2 sessions for ...
2025-01-27 18:19:22.247 [info] Got 2 sessions for ...
2025-01-27 18:19:22.247 [info] Got 2 sessions for ...
2025-01-27 18:19:22.247 [info] Got 2 sessions for ...
2025-01-27 18:19:22.247 [info] Got 2 sessions for ...
2025-01-27 18:19:22.247 [info] Got 2 sessions for ...
2025-01-27 18:19:22.247 [info] Got 2 sessions for ...
2025-01-27 18:19:26.963 [info] Getting sessions for user:email...
2025-01-27 18:19:26.963 [info] Got 1 sessions for user:email...
2025-01-27 18:19:27.025 [info] Getting sessions for all scopes...
2025-01-27 18:19:27.025 [info] Got 2 sessions for ...
