2025-01-27 18:33:54.618 [info] [main] Log level: Info
2025-01-27 18:33:54.619 [info] [main] Validating found git in: "git"
2025-01-27 18:33:54.619 [info] [main] Using git "2.48.1" from "git"
2025-01-27 18:33:54.619 [info] [Model][doInitialScan] Initial repository scan started
2025-01-27 18:33:54.619 [info] > git rev-parse --show-toplevel [23ms]
2025-01-27 18:33:54.619 [info] > git rev-parse --git-dir --git-common-dir [185ms]
2025-01-27 18:33:54.619 [info] [Model][openRepository] Opened repository: /home/felipe/blackhole/notas
2025-01-27 18:33:54.623 [info] > git rev-parse --show-toplevel [43ms]
2025-01-27 18:33:54.624 [info] > git config --get commit.template [56ms]
2025-01-27 18:33:55.960 [info] > git for-each-ref --format=%(refname)%00%(upstream:short)%00%(objectname)%00%(upstream:track)%00%(upstream:remotename)%00%(upstream:remoteref) refs/heads/main refs/remotes/main [1300ms]
2025-01-27 18:33:55.961 [info] > git fetch [1423ms]
2025-01-27 18:33:55.962 [info] > git rev-parse --show-toplevel [1323ms]
2025-01-27 18:33:55.968 [info] [Model][doInitialScan] Initial repository scan completed - repositories (1), closed repositories (0), parent repositories (0), unsafe repositories (0)
2025-01-27 18:33:56.871 [info] > git check-ignore -v -z --stdin [221ms]
2025-01-27 18:33:56.873 [info] > git show --textconv :exemplos/kubernetes/app-variaveis-ambiente/k8s/deployment.yaml [16ms]
2025-01-27 18:33:56.874 [info] > git config --get commit.template [234ms]
2025-01-27 18:33:56.882 [info] > git ls-files --stage -- /home/felipe/blackhole/notas/exemplos/kubernetes/app-variaveis-ambiente/k8s/deployment.yaml [14ms]
2025-01-27 18:33:56.932 [info] > git cat-file -s 47b12ca468727ce740772472e07c113f31bfb076 [42ms]
2025-01-27 18:33:56.946 [info] > git for-each-ref --format=%(refname)%00%(upstream:short)%00%(objectname)%00%(upstream:track)%00%(upstream:remotename)%00%(upstream:remoteref) refs/heads/main refs/remotes/main [24ms]
2025-01-27 18:33:56.946 [info] > git for-each-ref --format=%(refname)%00%(upstream:short)%00%(objectname)%00%(upstream:track)%00%(upstream:remotename)%00%(upstream:remoteref) refs/heads/main refs/remotes/main [40ms]
2025-01-27 18:33:56.962 [info] > git config --local branch.main.vscode-merge-base [6ms]
2025-01-27 18:33:56.963 [warning] [Git][config] git config failed: Failed to execute git
2025-01-27 18:33:56.972 [info] > git config --get commit.template [29ms]
2025-01-27 18:33:56.990 [info] > git reflog main --grep-reflog=branch: Created from *. [18ms]
2025-01-27 18:33:56.990 [info] warning: refname 'main' is ambiguous.
2025-01-27 18:33:57.012 [info] > git blame --root --incremental 821d8ce675238aeadefa3f9f18111d518e460f50 -- /home/felipe/blackhole/notas/exemplos/kubernetes/app-variaveis-ambiente/k8s/deployment.yaml [25ms]
2025-01-27 18:33:57.040 [info] > git for-each-ref --format=%(refname)%00%(upstream:short)%00%(objectname)%00%(upstream:track)%00%(upstream:remotename)%00%(upstream:remoteref) refs/heads/main refs/remotes/main [29ms]
2025-01-27 18:33:57.040 [info] > git symbolic-ref --short refs/remotes/origin/HEAD [37ms]
2025-01-27 18:33:57.040 [info] fatal: ref refs/remotes/origin/HEAD is not a symbolic ref
2025-01-27 18:33:57.040 [warning] [Repository][getDefaultBranch] Failed to get default branch details: Failed to execute git.
2025-01-27 18:33:57.079 [info] > git merge-base refs/heads/main refs/remotes/main/main [28ms]
2025-01-27 18:33:57.092 [info] > git for-each-ref --format=%(refname)%00%(upstream:short)%00%(objectname)%00%(upstream:track)%00%(upstream:remotename)%00%(upstream:remoteref) refs/heads/main refs/remotes/main [54ms]
2025-01-27 18:33:57.202 [info] > git config --local branch.main.vscode-merge-base [93ms]
2025-01-27 18:33:57.202 [warning] [Git][config] git config failed: Failed to execute git
2025-01-27 18:33:57.219 [info] > git diff --name-status -z --diff-filter=ADMR 821d8ce675238aeadefa3f9f18111d518e460f50...refs/remotes/main/main [128ms]
2025-01-27 18:33:57.954 [info] > git reflog main --grep-reflog=branch: Created from *. [734ms]
2025-01-27 18:33:57.954 [info] warning: refname 'main' is ambiguous.
2025-01-27 18:33:58.121 [info] > git status -z -uall [34ms]
2025-01-27 18:33:58.123 [info] > git symbolic-ref --short refs/remotes/origin/HEAD [143ms]
2025-01-27 18:33:58.123 [info] fatal: ref refs/remotes/origin/HEAD is not a symbolic ref
2025-01-27 18:33:58.123 [warning] [Repository][getDefaultBranch] Failed to get default branch details: Failed to execute git.
2025-01-27 18:33:58.269 [info] > git for-each-ref --sort -committerdate --format %(refname) %(objectname) %(*objectname) [150ms]
2025-01-27 18:33:58.428 [info] > git config --get commit.template [102ms]
2025-01-27 18:33:58.595 [info] > git for-each-ref --format=%(refname)%00%(upstream:short)%00%(objectname)%00%(upstream:track)%00%(upstream:remotename)%00%(upstream:remoteref) refs/heads/main refs/remotes/main [18ms]
2025-01-27 18:33:58.685 [info] > git status -z -uall [61ms]
2025-01-27 18:33:58.694 [info] > git for-each-ref --sort -committerdate --format %(refname) %(objectname) %(*objectname) [42ms]
2025-01-27 18:33:58.834 [info] > git config --get commit.template [8ms]
2025-01-27 18:33:58.893 [info] > git for-each-ref --format=%(refname)%00%(upstream:short)%00%(objectname)%00%(upstream:track)%00%(upstream:remotename)%00%(upstream:remoteref) refs/heads/main refs/remotes/main [5ms]
2025-01-27 18:33:58.928 [info] > git status -z -uall [17ms]
2025-01-27 18:33:58.939 [info] > git for-each-ref --sort -committerdate --format %(refname) %(objectname) %(*objectname) [12ms]
2025-01-27 18:35:42.555 [info] > git show --textconv :exemplos/kubernetes/app-variaveis-ambiente/k8s/deployment.yaml [30ms]
2025-01-27 18:35:42.560 [info] > git ls-files --stage -- /home/felipe/blackhole/notas/exemplos/kubernetes/app-variaveis-ambiente/k8s/deployment.yaml [9ms]
2025-01-27 18:35:42.593 [info] > git cat-file -s 47b12ca468727ce740772472e07c113f31bfb076 [6ms]
2025-01-27 18:35:44.856 [info] > git show --textconv :notes/kubernetes.md [55ms]
2025-01-27 18:35:44.857 [info] > git ls-files --stage -- /home/felipe/blackhole/notas/notes/kubernetes.md [11ms]
2025-01-27 18:35:44.928 [info] > git cat-file -s 3d5beda2f0f0434797a433d2e3b08f03e13e5252 [26ms]
2025-01-27 18:35:45.120 [info] > git blame --root --incremental 821d8ce675238aeadefa3f9f18111d518e460f50 -- /home/felipe/blackhole/notas/notes/kubernetes.md [9ms]
2025-01-27 18:35:49.954 [info] > git show --textconv :notes/kubernetes.md [31ms]
2025-01-27 18:35:49.954 [info] > git ls-files --stage -- /home/felipe/blackhole/notas/notes/kubernetes.md [4ms]
2025-01-27 18:35:49.987 [info] > git cat-file -s 3d5beda2f0f0434797a433d2e3b08f03e13e5252 [8ms]
2025-01-27 18:37:05.911 [info] > git fetch [981ms]
2025-01-27 18:37:05.954 [info] > git config --get commit.template [21ms]
2025-01-27 18:37:05.954 [info] > git for-each-ref --format=%(refname)%00%(upstream:short)%00%(objectname)%00%(upstream:track)%00%(upstream:remotename)%00%(upstream:remoteref) refs/heads/main refs/remotes/main [2ms]
2025-01-27 18:37:05.995 [info] > git status -z -uall [21ms]
2025-01-27 18:37:05.997 [info] > git for-each-ref --sort -committerdate --format %(refname) %(objectname) %(*objectname) [3ms]
2025-01-27 18:40:07.985 [info] > git fetch [943ms]
2025-01-27 18:40:08.024 [info] > git config --get commit.template [2ms]
2025-01-27 18:40:08.057 [info] > git for-each-ref --format=%(refname)%00%(upstream:short)%00%(objectname)%00%(upstream:track)%00%(upstream:remotename)%00%(upstream:remoteref) refs/heads/main refs/remotes/main [5ms]
2025-01-27 18:40:08.109 [info] > git status -z -uall [25ms]
2025-01-27 18:40:08.110 [info] > git for-each-ref --sort -committerdate --format %(refname) %(objectname) %(*objectname) [2ms]
2025-01-27 18:43:09.027 [info] > git fetch [893ms]
2025-01-27 18:43:09.073 [info] > git config --get commit.template [22ms]
2025-01-27 18:43:09.074 [info] > git for-each-ref --format=%(refname)%00%(upstream:short)%00%(objectname)%00%(upstream:track)%00%(upstream:remotename)%00%(upstream:remoteref) refs/heads/main refs/remotes/main [2ms]
2025-01-27 18:43:09.118 [info] > git status -z -uall [23ms]
2025-01-27 18:43:09.120 [info] > git for-each-ref --sort -committerdate --format %(refname) %(objectname) %(*objectname) [3ms]
2025-01-27 18:43:20.945 [info] > git show --textconv :notes/kubernetes.md [32ms]
2025-01-27 18:43:20.946 [info] > git ls-files --stage -- /home/felipe/blackhole/notas/notes/kubernetes.md [3ms]
2025-01-27 18:43:20.975 [info] > git cat-file -s 3d5beda2f0f0434797a433d2e3b08f03e13e5252 [2ms]
2025-01-27 18:43:22.777 [info] > git show --textconv :exemplos/kubernetes/app-variaveis-ambiente/k8s/deployment.yaml [41ms]
2025-01-27 18:43:22.777 [info] > git ls-files --stage -- /home/felipe/blackhole/notas/exemplos/kubernetes/app-variaveis-ambiente/k8s/deployment.yaml [3ms]
2025-01-27 18:43:22.818 [info] > git cat-file -s 47b12ca468727ce740772472e07c113f31bfb076 [4ms]
2025-01-27 18:43:23.231 [info] > git show --textconv :notes/kubernetes.md [38ms]
2025-01-27 18:43:23.231 [info] > git ls-files --stage -- /home/felipe/blackhole/notas/notes/kubernetes.md [3ms]
2025-01-27 18:43:23.278 [info] > git cat-file -s 3d5beda2f0f0434797a433d2e3b08f03e13e5252 [8ms]
2025-01-27 18:45:13.654 [info] > git fetch [1059ms]
2025-01-27 18:45:13.713 [info] > git config --get commit.template [28ms]
2025-01-27 18:45:13.714 [info] > git for-each-ref --format=%(refname)%00%(upstream:short)%00%(objectname)%00%(upstream:track)%00%(upstream:remotename)%00%(upstream:remoteref) refs/heads/main refs/remotes/main [2ms]
2025-01-27 18:45:13.777 [info] > git status -z -uall [35ms]
2025-01-27 18:45:13.778 [info] > git for-each-ref --sort -committerdate --format %(refname) %(objectname) %(*objectname) [3ms]
2025-01-27 18:45:19.673 [info] > git ls-files --stage -- /home/felipe/blackhole/notas/notes/kubernetes.md [2ms]
2025-01-27 18:45:19.709 [info] > git cat-file -s 3d5beda2f0f0434797a433d2e3b08f03e13e5252 [4ms]
2025-01-27 18:45:19.752 [info] > git show --textconv :notes/kubernetes.md [2ms]
2025-01-27 18:48:14.797 [info] > git fetch [980ms]
2025-01-27 18:48:14.843 [info] > git config --get commit.template [22ms]
2025-01-27 18:48:14.843 [info] > git for-each-ref --format=%(refname)%00%(upstream:short)%00%(objectname)%00%(upstream:track)%00%(upstream:remotename)%00%(upstream:remoteref) refs/heads/main refs/remotes/main [2ms]
2025-01-27 18:48:14.886 [info] > git status -z -uall [23ms]
2025-01-27 18:48:14.888 [info] > git for-each-ref --sort -committerdate --format %(refname) %(objectname) %(*objectname) [3ms]
2025-01-27 18:51:20.965 [info] > git fetch [877ms]
2025-01-27 18:51:21.022 [info] > git config --get commit.template [29ms]
2025-01-27 18:51:21.023 [info] > git for-each-ref --format=%(refname)%00%(upstream:short)%00%(objectname)%00%(upstream:track)%00%(upstream:remotename)%00%(upstream:remoteref) refs/heads/main refs/remotes/main [2ms]
2025-01-27 18:51:21.079 [info] > git status -z -uall [29ms]
2025-01-27 18:51:21.080 [info] > git for-each-ref --sort -committerdate --format %(refname) %(objectname) %(*objectname) [4ms]
2025-01-27 18:52:24.807 [info] > git show --textconv :notes/kubernetes.md [29ms]
2025-01-27 18:52:24.808 [info] > git ls-files --stage -- /home/felipe/blackhole/notas/notes/kubernetes.md [3ms]
2025-01-27 18:52:24.831 [info] > git cat-file -s 3d5beda2f0f0434797a433d2e3b08f03e13e5252 [2ms]
2025-01-27 18:52:31.573 [info] > git show --textconv :exemplos/kubernetes/app-variaveis-ambiente/k8s/deployment.yaml [25ms]
2025-01-27 18:52:31.574 [info] > git ls-files --stage -- /home/felipe/blackhole/notas/exemplos/kubernetes/app-variaveis-ambiente/k8s/deployment.yaml [3ms]
2025-01-27 18:52:31.598 [info] > git cat-file -s 47b12ca468727ce740772472e07c113f31bfb076 [2ms]
2025-01-27 18:54:22.011 [info] > git fetch [906ms]
2025-01-27 18:54:22.054 [info] > git config --get commit.template [21ms]
2025-01-27 18:54:22.055 [info] > git for-each-ref --format=%(refname)%00%(upstream:short)%00%(objectname)%00%(upstream:track)%00%(upstream:remotename)%00%(upstream:remoteref) refs/heads/main refs/remotes/main [1ms]
2025-01-27 18:54:22.098 [info] > git status -z -uall [22ms]
2025-01-27 18:54:22.099 [info] > git for-each-ref --sort -committerdate --format %(refname) %(objectname) %(*objectname) [2ms]
2025-01-27 18:54:23.223 [info] > git ls-files --stage -- /home/felipe/blackhole/notas/exemplos/kubernetes/app-variaveis-ambiente/k8s/deployment.yaml [1ms]
2025-01-27 18:54:23.245 [info] > git cat-file -s 47b12ca468727ce740772472e07c113f31bfb076 [1ms]
2025-01-27 18:54:23.269 [info] > git show --textconv :exemplos/kubernetes/app-variaveis-ambiente/k8s/deployment.yaml [2ms]
2025-01-27 18:56:39.092 [info] > git rev-parse --show-toplevel [3ms]
2025-01-27 18:56:39.092 [info] fatal: not a git repository (or any of the parent directories): .git
