2025-01-27 18:57:04.589 [info] Reading sessions from keychain...
2025-01-27 18:57:04.589 [info] Getting sessions for all scopes...
2025-01-27 18:57:04.589 [info] Getting sessions for all scopes...
2025-01-27 18:57:04.589 [info] Getting sessions for all scopes...
2025-01-27 18:57:04.589 [info] Getting sessions for all scopes...
2025-01-27 18:57:04.589 [info] Getting sessions for all scopes...
2025-01-27 18:57:04.589 [info] Getting sessions for all scopes...
2025-01-27 18:57:04.589 [info] Getting sessions for all scopes...
2025-01-27 18:57:04.589 [info] Got stored sessions!
2025-01-27 18:57:04.589 [info] Got 3 verified sessions.
2025-01-27 18:57:04.589 [info] Got 3 sessions for ...
2025-01-27 18:57:04.589 [info] Got 3 sessions for ...
2025-01-27 18:57:04.589 [info] Got 3 sessions for ...
2025-01-27 18:57:04.589 [info] Got 3 sessions for ...
2025-01-27 18:57:04.589 [info] Got 3 sessions for ...
2025-01-27 18:57:04.589 [info] Got 3 sessions for ...
2025-01-27 18:57:04.589 [info] Got 3 sessions for ...
2025-01-27 18:57:05.130 [info] Getting sessions for all scopes...
2025-01-27 18:57:05.130 [info] Got 3 sessions for ...
2025-01-27 18:57:05.372 [info] Getting sessions for user:email...
2025-01-27 18:57:05.372 [info] Got 1 sessions for user:email...
2025-01-27 18:57:05.551 [info] Getting sessions for repo,workflow...
2025-01-27 18:57:05.551 [info] Got 1 sessions for repo,workflow...
2025-01-27 18:57:06.932 [info] Getting sessions for read:user,repo,user:email,workflow...
2025-01-27 18:57:06.932 [info] Got 1 sessions for read:user,repo,user:email,workflow...
2025-01-27 18:57:07.512 [info] Getting sessions for all scopes...
2025-01-27 18:57:07.512 [info] Got 3 sessions for ...
2025-01-27 18:57:07.559 [info] Getting sessions for repo,workflow...
2025-01-27 18:57:07.559 [info] Got 1 sessions for repo,workflow...
2025-01-27 18:57:07.635 [info] Getting sessions for all scopes...
2025-01-27 18:57:07.635 [info] Got 3 sessions for ...
2025-01-27 18:57:07.635 [info] Getting sessions for all scopes...
2025-01-27 18:57:07.635 [info] Got 3 sessions for ...
2025-01-27 18:57:07.714 [info] Getting sessions for read:user,repo,user:email,workflow...
2025-01-27 18:57:07.714 [info] Got 1 sessions for read:user,repo,user:email,workflow...
2025-01-27 18:57:07.954 [info] Getting sessions for all scopes...
2025-01-27 18:57:07.954 [info] Got 3 sessions for ...
2025-01-27 18:57:08.033 [info] Getting sessions for all scopes...
2025-01-27 18:57:08.034 [info] Got 3 sessions for ...
2025-01-27 18:57:08.044 [info] Getting sessions for read:user,repo,user:email,workflow...
2025-01-27 18:57:08.044 [info] Got 1 sessions for read:user,repo,user:email,workflow...
2025-01-27 18:57:08.044 [info] Getting sessions for read:user,repo,user:email,workflow...
2025-01-27 18:57:08.044 [info] Got 1 sessions for read:user,repo,user:email,workflow...
2025-01-27 18:57:08.092 [info] Getting sessions for repo,workflow...
2025-01-27 18:57:08.092 [info] Got 1 sessions for repo,workflow...
2025-01-27 18:57:08.093 [info] Getting sessions for all scopes...
2025-01-27 18:57:08.093 [info] Got 3 sessions for ...
2025-01-27 18:57:08.111 [info] Getting sessions for read:user,repo,user:email,workflow...
2025-01-27 18:57:08.112 [info] Got 1 sessions for read:user,repo,user:email,workflow...
2025-01-27 18:57:08.146 [info] Getting sessions for repo,workflow...
2025-01-27 18:57:08.146 [info] Got 1 sessions for repo,workflow...
2025-01-27 18:57:08.516 [info] Getting sessions for repo,workflow...
2025-01-27 18:57:08.516 [info] Got 1 sessions for repo,workflow...
2025-01-27 18:57:08.837 [info] Getting sessions for all scopes...
2025-01-27 18:57:08.837 [info] Got 3 sessions for ...
2025-01-27 18:57:08.837 [info] Getting sessions for all scopes...
2025-01-27 18:57:08.838 [info] Got 3 sessions for ...
2025-01-27 18:57:08.857 [info] Getting sessions for read:user,repo,user:email,workflow...
2025-01-27 18:57:08.857 [info] Got 1 sessions for read:user,repo,user:email,workflow...
2025-01-27 18:57:08.859 [info] Getting sessions for all scopes...
2025-01-27 18:57:08.859 [info] Got 3 sessions for ...
2025-01-27 18:57:08.861 [info] Getting sessions for read:user,repo,user:email,workflow...
2025-01-27 18:57:08.861 [info] Got 1 sessions for read:user,repo,user:email,workflow...
2025-01-27 18:57:08.958 [info] Getting sessions for all scopes...
2025-01-27 18:57:08.958 [info] Got 3 sessions for ...
2025-01-27 18:57:10.567 [info] Getting sessions for read:user,repo,user:email,workflow...
2025-01-27 18:57:10.567 [info] Got 1 sessions for read:user,repo,user:email,workflow...
2025-01-27 18:57:10.629 [info] Getting sessions for read:user,repo,user:email,workflow...
2025-01-27 18:57:10.629 [info] Got 1 sessions for read:user,repo,user:email,workflow...
2025-01-27 18:57:13.744 [info] Getting sessions for read:user,repo,user:email,workflow...
2025-01-27 18:57:13.744 [info] Got 1 sessions for read:user,repo,user:email,workflow...
2025-01-27 18:57:14.081 [info] Getting sessions for read:user,repo,user:email,workflow...
2025-01-27 18:57:14.082 [info] Got 1 sessions for read:user,repo,user:email,workflow...
2025-01-27 19:12:10.634 [info] Getting sessions for all scopes...
2025-01-27 19:12:10.634 [info] Got 3 sessions for ...
2025-01-27 19:12:10.636 [info] Getting sessions for read:user,repo,user:email,workflow...
2025-01-27 19:12:10.636 [info] Got 1 sessions for read:user,repo,user:email,workflow...
2025-01-27 19:12:10.637 [info] Getting sessions for all scopes...
2025-01-27 19:12:10.638 [info] Got 3 sessions for ...
2025-01-27 19:12:10.638 [info] Getting sessions for read:user,repo,user:email,workflow...
2025-01-27 19:12:10.638 [info] Got 1 sessions for read:user,repo,user:email,workflow...
2025-01-27 19:22:08.826 [info] Getting sessions for all scopes...
2025-01-27 19:22:08.826 [info] Got 3 sessions for ...
2025-01-27 19:22:08.827 [info] Getting sessions for read:user,repo,user:email,workflow...
2025-01-27 19:22:08.827 [info] Got 1 sessions for read:user,repo,user:email,workflow...
2025-01-27 19:22:09.933 [info] Getting sessions for all scopes...
2025-01-27 19:22:09.933 [info] Got 3 sessions for ...
2025-01-27 19:22:09.933 [info] Getting sessions for all scopes...
2025-01-27 19:22:09.933 [info] Got 3 sessions for ...
2025-01-27 19:22:09.934 [info] Getting sessions for read:user,repo,user:email,workflow...
2025-01-27 19:22:09.934 [info] Got 1 sessions for read:user,repo,user:email,workflow...
2025-01-27 19:22:09.935 [info] Getting sessions for all scopes...
2025-01-27 19:22:09.935 [info] Got 3 sessions for ...
2025-01-27 19:22:09.936 [info] Getting sessions for read:user,repo,user:email,workflow...
2025-01-27 19:22:09.936 [info] Got 1 sessions for read:user,repo,user:email,workflow...
2025-01-27 19:22:09.940 [info] Getting sessions for all scopes...
2025-01-27 19:22:09.941 [info] Got 3 sessions for ...
2025-01-27 19:22:09.941 [info] Getting sessions for read:user,repo,user:email,workflow...
2025-01-27 19:22:09.941 [info] Got 1 sessions for read:user,repo,user:email,workflow...
2025-01-27 19:22:13.246 [info] Getting sessions for read:user,repo,user:email,workflow...
2025-01-27 19:22:13.246 [info] Got 1 sessions for read:user,repo,user:email,workflow...
