2025-01-27 18:57:05.578 [info] read schema from vscode: vscode://schemas/settings/user
2025-01-27 18:57:07.498 [info] schema change detected vscode://schemas/settings/user
2025-01-27 18:57:07.506 [info] schema change detected vscode://schemas/settings/user
2025-01-27 18:57:07.513 [info] schema change detected vscode://schemas/settings/user
2025-01-27 18:57:07.639 [info] read schema from vscode: vscode://schemas/keybindings
2025-01-27 18:57:07.804 [info] cancelled
2025-01-27 18:57:09.978 [info] schema change detected vscode://schemas/keybindings
2025-01-27 18:57:10.564 [info] schema change detected vscode://schemas/settings/user
2025-01-27 18:57:10.718 [info] cancelled
2025-01-27 18:57:10.724 [info] read schema from vscode: vscode://schemas/settings/user
2025-01-27 18:57:12.850 [info] schema change detected vscode://schemas/keybindings
2025-01-27 18:57:12.851 [info] schema change detected vscode://schemas/settings/user
2025-01-27 18:57:12.961 [info] read schema from vscode: vscode://schemas/settings/resourceLanguage
2025-01-27 18:57:12.962 [info] read schema from vscode: vscode://schemas/ignoredSettings
2025-01-27 18:57:12.977 [info] read schema from vscode: vscode://schemas/launch
2025-01-27 18:57:12.984 [info] read schema from vscode: vscode://schemas/token-styling
2025-01-27 18:57:12.985 [info] read schema from vscode: vscode://schemas/textmate-colors
2025-01-27 18:57:12.986 [info] read schema from vscode: vscode://schemas/workbench-colors
2025-01-27 18:57:13.317 [info] cancelled
2025-01-27 18:57:13.319 [info] read schema from vscode: vscode://schemas/settings/user
2025-01-27 18:57:18.046 [info] schema change detected vscode://schemas/launch
2025-01-27 18:57:18.048 [info] read schema from vscode: vscode://schemas/settings/user
2025-01-27 18:57:18.159 [info] read schema from vscode: vscode://schemas/launch
2025-01-27 18:58:12.918 [info] schema change detected vscode://schemas/keybindings
2025-01-27 18:58:12.972 [info] schema change detected vscode://schemas/settings/user
