2025-01-27 18:29:26.303 [info] Reading sessions from keychain...
2025-01-27 18:29:26.303 [info] Getting sessions for all scopes...
2025-01-27 18:29:26.303 [info] Getting sessions for all scopes...
2025-01-27 18:29:26.303 [info] Getting sessions for all scopes...
2025-01-27 18:29:26.303 [info] Got stored sessions!
2025-01-27 18:29:26.303 [info] Got 3 verified sessions.
2025-01-27 18:29:26.303 [info] Got 3 sessions for ...
2025-01-27 18:29:26.303 [info] Got 3 sessions for ...
2025-01-27 18:29:26.303 [info] Got 3 sessions for ...
2025-01-27 18:29:26.303 [info] Getting sessions for all scopes...
2025-01-27 18:29:26.303 [info] Got 3 sessions for ...
2025-01-27 18:29:26.303 [info] Getting sessions for all scopes...
2025-01-27 18:29:26.303 [info] Got 3 sessions for ...
2025-01-27 18:29:26.303 [info] Getting sessions for all scopes...
2025-01-27 18:29:26.303 [info] Got 3 sessions for ...
2025-01-27 18:29:26.303 [info] Getting sessions for all scopes...
2025-01-27 18:29:26.303 [info] Got 3 sessions for ...
2025-01-27 18:29:26.303 [info] Getting sessions for all scopes...
2025-01-27 18:29:26.303 [info] Got 3 sessions for ...
2025-01-27 18:29:27.292 [info] Getting sessions for user:email...
2025-01-27 18:29:27.292 [info] Got 1 sessions for user:email...
2025-01-27 18:29:28.604 [info] Getting sessions for repo,workflow...
2025-01-27 18:29:28.604 [info] Got 1 sessions for repo,workflow...
2025-01-27 18:29:28.832 [info] Getting sessions for repo,workflow...
2025-01-27 18:29:28.832 [info] Got 1 sessions for repo,workflow...
2025-01-27 18:29:28.998 [info] Getting sessions for read:user,repo,user:email,workflow...
2025-01-27 18:29:28.998 [info] Got 1 sessions for read:user,repo,user:email,workflow...
2025-01-27 18:29:29.362 [info] Getting sessions for repo,workflow...
2025-01-27 18:29:29.362 [info] Got 1 sessions for repo,workflow...
2025-01-27 18:29:29.420 [info] Getting sessions for repo,workflow...
2025-01-27 18:29:29.420 [info] Got 1 sessions for repo,workflow...
2025-01-27 18:29:29.503 [info] Getting sessions for read:user,repo,user:email,workflow...
2025-01-27 18:29:29.503 [info] Got 1 sessions for read:user,repo,user:email,workflow...
2025-01-27 18:29:29.806 [info] Getting sessions for repo,workflow...
2025-01-27 18:29:29.806 [info] Got 1 sessions for repo,workflow...
2025-01-27 18:29:32.662 [info] Getting sessions for read:user,repo,user:email,workflow...
2025-01-27 18:29:32.662 [info] Got 1 sessions for read:user,repo,user:email,workflow...
2025-01-27 18:29:32.662 [info] Getting sessions for all scopes...
2025-01-27 18:29:32.662 [info] Got 3 sessions for ...
2025-01-27 18:29:32.662 [info] Getting sessions for all scopes...
2025-01-27 18:29:32.662 [info] Got 3 sessions for ...
2025-01-27 18:29:32.684 [info] Getting sessions for read:user,repo,user:email,workflow...
2025-01-27 18:29:32.684 [info] Got 1 sessions for read:user,repo,user:email,workflow...
2025-01-27 18:29:34.772 [info] Getting sessions for all scopes...
2025-01-27 18:29:34.772 [info] Got 3 sessions for ...
2025-01-27 18:29:34.864 [info] Getting sessions for read:user,repo,user:email,workflow...
2025-01-27 18:29:34.864 [info] Got 1 sessions for read:user,repo,user:email,workflow...
2025-01-27 18:29:34.872 [info] Getting sessions for all scopes...
2025-01-27 18:29:34.872 [info] Got 3 sessions for ...
2025-01-27 18:29:34.879 [info] Getting sessions for read:user,repo,user:email,workflow...
2025-01-27 18:29:34.879 [info] Got 1 sessions for read:user,repo,user:email,workflow...
2025-01-27 18:29:34.983 [info] Getting sessions for all scopes...
2025-01-27 18:29:34.983 [info] Got 3 sessions for ...
2025-01-27 18:29:35.061 [info] Getting sessions for read:user,repo,user:email,workflow...
2025-01-27 18:29:35.061 [info] Got 1 sessions for read:user,repo,user:email,workflow...
2025-01-27 18:29:35.073 [info] Getting sessions for all scopes...
2025-01-27 18:29:35.073 [info] Got 3 sessions for ...
2025-01-27 18:29:35.092 [info] Getting sessions for read:user,repo,user:email,workflow...
2025-01-27 18:29:35.092 [info] Got 1 sessions for read:user,repo,user:email,workflow...
2025-01-27 18:29:35.199 [info] Getting sessions for read:user,repo,user:email,workflow...
2025-01-27 18:29:35.199 [info] Got 1 sessions for read:user,repo,user:email,workflow...
2025-01-27 18:29:35.492 [info] Getting sessions for all scopes...
2025-01-27 18:29:35.492 [info] Got 3 sessions for ...
2025-01-27 18:29:35.492 [info] Getting sessions for all scopes...
2025-01-27 18:29:35.492 [info] Got 3 sessions for ...
2025-01-27 18:29:35.510 [info] Getting sessions for read:user,repo,user:email,workflow...
2025-01-27 18:29:35.510 [info] Got 1 sessions for read:user,repo,user:email,workflow...
2025-01-27 18:29:35.512 [info] Getting sessions for all scopes...
2025-01-27 18:29:35.512 [info] Got 3 sessions for ...
2025-01-27 18:29:35.514 [info] Getting sessions for read:user,repo,user:email,workflow...
2025-01-27 18:29:35.514 [info] Got 1 sessions for read:user,repo,user:email,workflow...
2025-01-27 18:29:35.590 [info] Getting sessions for all scopes...
2025-01-27 18:29:35.590 [info] Got 3 sessions for ...
2025-01-27 18:29:35.594 [info] Getting sessions for read:user,repo,user:email,workflow...
2025-01-27 18:29:35.594 [info] Got 1 sessions for read:user,repo,user:email,workflow...
2025-01-27 18:29:35.779 [info] Getting sessions for read:user,repo,user:email,workflow...
2025-01-27 18:29:35.779 [info] Got 1 sessions for read:user,repo,user:email,workflow...
2025-01-27 18:29:36.604 [info] Getting sessions for all scopes...
2025-01-27 18:29:36.604 [info] Got 3 sessions for ...
2025-01-27 18:29:36.606 [info] Getting sessions for read:user,repo,user:email,workflow...
2025-01-27 18:29:36.606 [info] Got 1 sessions for read:user,repo,user:email,workflow...
2025-01-27 18:29:38.469 [info] Getting sessions for all scopes...
2025-01-27 18:29:38.469 [info] Got 3 sessions for ...
2025-01-27 18:31:02.277 [info] Getting sessions for all scopes...
2025-01-27 18:31:02.277 [info] Got 3 sessions for ...
2025-01-27 18:31:02.278 [info] Getting sessions for read:user,repo,user:email,workflow...
2025-01-27 18:31:02.278 [info] Got 1 sessions for read:user,repo,user:email,workflow...
