2025-01-27 18:19:32.329 [info] Reading sessions from keychain...
2025-01-27 18:19:32.330 [info] Getting sessions for all scopes...
2025-01-27 18:19:32.330 [info] Getting sessions for all scopes...
2025-01-27 18:19:32.330 [info] Got stored sessions!
2025-01-27 18:19:32.330 [info] Got 2 verified sessions.
2025-01-27 18:19:32.330 [info] Got 2 sessions for ...
2025-01-27 18:19:32.330 [info] Got 2 sessions for ...
2025-01-27 18:19:32.330 [info] Getting sessions for all scopes...
2025-01-27 18:19:32.330 [info] Got 2 sessions for ...
2025-01-27 18:19:32.330 [info] Getting sessions for all scopes...
2025-01-27 18:19:32.330 [info] Got 2 sessions for ...
2025-01-27 18:19:32.330 [info] Getting sessions for all scopes...
2025-01-27 18:19:32.330 [info] Got 2 sessions for ...
2025-01-27 18:19:32.330 [info] Getting sessions for all scopes...
2025-01-27 18:19:32.330 [info] Got 2 sessions for ...
2025-01-27 18:19:32.330 [info] Getting sessions for all scopes...
2025-01-27 18:19:32.330 [info] Got 2 sessions for ...
2025-01-27 18:19:32.330 [info] Getting sessions for all scopes...
2025-01-27 18:19:32.330 [info] Got 2 sessions for ...
2025-01-27 18:19:34.641 [info] Getting sessions for user:email...
2025-01-27 18:19:34.641 [info] Got 1 sessions for user:email...
2025-01-27 18:19:35.569 [info] Getting sessions for repo,workflow...
2025-01-27 18:19:35.569 [info] Got 1 sessions for repo,workflow...
2025-01-27 18:19:35.719 [info] Getting sessions for read:user,repo,user:email,workflow...
2025-01-27 18:19:35.719 [info] Got 0 sessions for read:user,repo,user:email,workflow...
2025-01-27 18:19:35.911 [info] Getting sessions for repo,workflow...
2025-01-27 18:19:35.911 [info] Got 1 sessions for repo,workflow...
2025-01-27 18:19:37.114 [info] Getting sessions for repo,workflow...
2025-01-27 18:19:37.114 [info] Got 1 sessions for repo,workflow...
2025-01-27 18:19:37.312 [info] Getting sessions for repo,workflow...
2025-01-27 18:19:37.312 [info] Got 1 sessions for repo,workflow...
2025-01-27 18:19:37.333 [info] Getting sessions for all scopes...
2025-01-27 18:19:37.333 [info] Got 2 sessions for ...
2025-01-27 18:19:37.724 [info] Getting sessions for repo,workflow...
2025-01-27 18:19:37.724 [info] Got 1 sessions for repo,workflow...
2025-01-27 18:19:42.499 [info] Getting sessions for read:user,repo,user:email...
2025-01-27 18:19:42.499 [info] Got 0 sessions for read:user,repo,user:email...
2025-01-27 18:19:42.500 [info] Getting sessions for read:user,repo,user:email,workflow...
2025-01-27 18:19:42.500 [info] Got 0 sessions for read:user,repo,user:email,workflow...
2025-01-27 18:19:42.525 [info] Getting sessions for all scopes...
2025-01-27 18:19:42.525 [info] Got 2 sessions for ...
2025-01-27 18:19:42.526 [info] Getting sessions for all scopes...
2025-01-27 18:19:42.526 [info] Got 2 sessions for ...
2025-01-27 18:19:42.572 [info] Getting sessions for project,read:org,read:user,repo,user:email,workflow...
2025-01-27 18:19:42.572 [info] Got 0 sessions for project,read:org,read:user,repo,user:email,workflow...
2025-01-27 18:19:42.622 [info] Getting sessions for read:user...
2025-01-27 18:19:42.622 [info] Got 0 sessions for read:user...
2025-01-27 18:19:42.622 [info] Getting sessions for read:user,repo,user:email,workflow...
2025-01-27 18:19:42.622 [info] Got 0 sessions for read:user,repo,user:email,workflow...
2025-01-27 18:19:42.831 [info] Getting sessions for read:user,repo,user:email,workflow...
2025-01-27 18:19:42.831 [info] Got 0 sessions for read:user,repo,user:email,workflow...
2025-01-27 18:19:42.970 [info] Getting sessions for user:email...
2025-01-27 18:19:42.970 [info] Got 1 sessions for user:email...
2025-01-27 18:19:42.970 [info] Getting sessions for user:email...
2025-01-27 18:19:42.970 [info] Got 1 sessions for user:email...
2025-01-27 18:19:43.073 [info] Getting sessions for read:user,repo,user:email...
2025-01-27 18:19:43.074 [info] Got 0 sessions for read:user,repo,user:email...
2025-01-27 18:19:43.218 [info] Getting sessions for all scopes...
2025-01-27 18:19:43.218 [info] Got 2 sessions for ...
2025-01-27 18:19:43.219 [info] Getting sessions for all scopes...
2025-01-27 18:19:43.219 [info] Got 2 sessions for ...
2025-01-27 18:19:43.290 [info] Getting sessions for read:user,repo,user:email,workflow...
2025-01-27 18:19:43.290 [info] Got 0 sessions for read:user,repo,user:email,workflow...
2025-01-27 18:19:45.603 [info] Getting sessions for read:user,repo,user:email,workflow...
2025-01-27 18:19:45.603 [info] Got 0 sessions for read:user,repo,user:email,workflow...
2025-01-27 18:19:45.652 [info] Getting sessions for all scopes...
2025-01-27 18:19:45.652 [info] Got 2 sessions for ...
2025-01-27 18:19:45.765 [info] Getting sessions for user:email...
2025-01-27 18:19:45.765 [info] Got 1 sessions for user:email...
2025-01-27 18:19:45.767 [info] Getting sessions for read:user,repo,user:email,workflow...
2025-01-27 18:19:45.767 [info] Got 0 sessions for read:user,repo,user:email,workflow...
2025-01-27 18:19:45.808 [info] Getting sessions for all scopes...
2025-01-27 18:19:45.808 [info] Got 2 sessions for ...
2025-01-27 18:19:45.818 [info] Getting sessions for read:user,repo,user:email,workflow...
2025-01-27 18:19:45.818 [info] Got 0 sessions for read:user,repo,user:email,workflow...
2025-01-27 18:19:45.820 [info] Getting sessions for user:email...
2025-01-27 18:19:45.820 [info] Got 1 sessions for user:email...
2025-01-27 18:19:46.023 [info] Getting sessions for read:user,repo,user:email,workflow...
2025-01-27 18:19:46.023 [info] Got 0 sessions for read:user,repo,user:email,workflow...
2025-01-27 18:19:46.024 [info] Getting sessions for read:user...
2025-01-27 18:19:46.024 [info] Got 0 sessions for read:user...
2025-01-27 18:19:46.027 [info] Getting sessions for user:email...
2025-01-27 18:19:46.027 [info] Got 1 sessions for user:email...
2025-01-27 18:19:46.375 [info] Getting sessions for all scopes...
2025-01-27 18:19:46.375 [info] Got 2 sessions for ...
2025-01-27 18:19:46.376 [info] Getting sessions for all scopes...
2025-01-27 18:19:46.376 [info] Got 2 sessions for ...
2025-01-27 18:19:46.420 [info] Getting sessions for read:user,repo,user:email,workflow...
2025-01-27 18:19:46.420 [info] Got 0 sessions for read:user,repo,user:email,workflow...
2025-01-27 18:19:46.444 [info] Getting sessions for user:email...
2025-01-27 18:19:46.444 [info] Got 1 sessions for user:email...
2025-01-27 18:19:46.447 [info] Getting sessions for all scopes...
2025-01-27 18:19:46.447 [info] Got 2 sessions for ...
2025-01-27 18:19:46.449 [info] Getting sessions for read:user,repo,user:email,workflow...
2025-01-27 18:19:46.449 [info] Got 0 sessions for read:user,repo,user:email,workflow...
2025-01-27 18:19:46.450 [info] Getting sessions for user:email...
2025-01-27 18:19:46.450 [info] Got 1 sessions for user:email...
2025-01-27 18:19:46.579 [info] Getting sessions for all scopes...
2025-01-27 18:19:46.579 [info] Got 2 sessions for ...
2025-01-27 18:19:46.785 [info] Getting sessions for all scopes...
2025-01-27 18:19:46.785 [info] Got 2 sessions for ...
2025-01-27 18:19:46.786 [info] Getting sessions for read:user,repo,user:email,workflow...
2025-01-27 18:19:46.786 [info] Got 0 sessions for read:user,repo,user:email,workflow...
2025-01-27 18:19:46.789 [info] Getting sessions for read:user,repo,user:email,workflow...
2025-01-27 18:19:46.789 [info] Got 0 sessions for read:user,repo,user:email,workflow...
2025-01-27 18:19:46.793 [info] Getting sessions for read:user...
2025-01-27 18:19:46.793 [info] Got 0 sessions for read:user...
2025-01-27 18:19:46.794 [info] Getting sessions for user:email...
2025-01-27 18:19:46.794 [info] Got 1 sessions for user:email...
2025-01-27 18:19:46.794 [info] Getting sessions for all scopes...
2025-01-27 18:19:46.794 [info] Got 2 sessions for ...
2025-01-27 18:19:46.806 [info] Getting sessions for user:email...
2025-01-27 18:19:46.806 [info] Got 1 sessions for user:email...
2025-01-27 18:19:46.806 [info] Getting sessions for read:user,repo,user:email,workflow...
2025-01-27 18:19:46.807 [info] Got 0 sessions for read:user,repo,user:email,workflow...
2025-01-27 18:19:47.604 [info] Getting sessions for all scopes...
2025-01-27 18:19:47.604 [info] Got 2 sessions for ...
2025-01-27 18:19:47.677 [info] Getting sessions for read:user,repo,user:email,workflow...
2025-01-27 18:19:47.678 [info] Got 0 sessions for read:user,repo,user:email,workflow...
2025-01-27 18:19:47.680 [info] Getting sessions for user:email...
2025-01-27 18:19:47.680 [info] Got 1 sessions for user:email...
