2025-01-27 18:29:25.324 [info] Deleted uninstalled extension from disk atzinescandia.theplumup /home/felipe/.vscode/extensions/atzinescandia.theplumup-0.0.4
2025-01-27 18:29:25.335 [info] Deleted uninstalled extension from disk jamesmaj.easy-icons /home/felipe/.vscode/extensions/jamesmaj.easy-icons-0.3.1
2025-01-27 18:29:25.338 [info] Deleted uninstalled extension from disk ecmel.vscode-html-css /home/felipe/.vscode/extensions/ecmel.vscode-html-css-2.0.13
2025-01-27 18:29:25.408 [info] Deleted uninstalled extension from disk dbaeumer.vscode-eslint /home/felipe/.vscode/extensions/dbaeumer.vscode-eslint-3.0.10
2025-01-27 18:29:25.448 [info] Deleted uninstalled extension from disk ms-dotnettools.vscode-dotnet-runtime /home/felipe/.vscode/extensions/ms-dotnettools.vscode-dotnet-runtime-2.2.5
2025-01-27 18:29:25.538 [error] [uncaught exception in sharedProcess]: Error: ENOENT: no such file or directory, stat '/home/felipe/.vscode/extensions/dbaeumer.vscode-eslint-3.0.10.1ed7d2b2.vsctmp': EntryNotFound (FileSystemError): Error: ENOENT: no such file or directory, stat '/home/felipe/.vscode/extensions/dbaeumer.vscode-eslint-3.0.10.1ed7d2b2.vsctmp'
    at Gm.create (file:///opt/visual-studio-code/resources/app/out/vs/code/electron-utility/sharedProcess/sharedProcessMain.js:35:39624)
    at xs (file:///opt/visual-studio-code/resources/app/out/vs/code/electron-utility/sharedProcess/sharedProcessMain.js:35:39731)
    at Vr.ib (file:///opt/visual-studio-code/resources/app/out/vs/code/electron-utility/sharedProcess/sharedProcessMain.js:78:22778)
    at Vr.stat (file:///opt/visual-studio-code/resources/app/out/vs/code/electron-utility/sharedProcess/sharedProcessMain.js:78:16010)
    at async wh.stat (file:///opt/visual-studio-code/resources/app/out/vs/code/electron-utility/sharedProcess/sharedProcessMain.js:77:85488)
    at async fh.Ab (file:///opt/visual-studio-code/resources/app/out/vs/code/electron-utility/sharedProcess/sharedProcessMain.js:77:67180)
2025-01-27 18:29:25.642 [info] Deleted uninstalled extension from disk eamodio.gitlens /home/felipe/.vscode/extensions/eamodio.gitlens-16.2.1
2025-01-27 18:29:25.642 [info] Deleted uninstalled extension from disk github.vscode-pull-request-github /home/felipe/.vscode/extensions/github.vscode-pull-request-github-0.102.0
2025-01-27 18:29:25.694 [info] Deleted uninstalled extension from disk ms-dotnettools.csharp /home/felipe/.vscode/extensions/ms-dotnettools.csharp-2.61.28-linux-x64
2025-01-27 18:29:26.191 [info] Deleted uninstalled extension from disk ms-vscode-remote.remote-containers /home/felipe/.vscode/extensions/ms-vscode-remote.remote-containers-0.394.0
2025-01-27 18:29:26.192 [info] Deleted uninstalled extension from disk petersteiner.pip-installer /home/felipe/.vscode/extensions/petersteiner.pip-installer-0.0.4
2025-01-27 18:29:26.204 [info] Deleted uninstalled extension from disk streetsidesoftware.code-spell-checker /home/felipe/.vscode/extensions/streetsidesoftware.code-spell-checker-4.0.34
2025-01-27 18:29:26.582 [info] Deleted uninstalled extension from disk ms-python.vscode-pylance /home/felipe/.vscode/extensions/ms-python.vscode-pylance-2024.12.1
2025-01-27 18:29:26.582 [info] Deleted uninstalled extension from disk ms-python.debugpy /home/felipe/.vscode/extensions/ms-python.debugpy-2024.14.0-linux-x64
2025-01-27 18:29:26.654 [info] Deleted uninstalled extension from disk ms-dotnettools.csdevkit /home/felipe/.vscode/extensions/ms-dotnettools.csdevkit-1.15.34-linux-x64
2025-01-27 18:29:26.659 [info] Deleted uninstalled extension from disk ms-python.python /home/felipe/.vscode/extensions/ms-python.python-2024.22.2-linux-x64
