2025-01-28 08:43:58.666 [info] Using settings sync service https://vscode-sync.trafficmanager.net/
2025-01-28 08:43:58.666 [info] Auto Sync is enabled.
2025-01-28 08:43:58.667 [info] Auto Sync: Suspended until auth token is available.
2025-01-28 08:44:04.458 [info] Auto Sync: Triggered by Interval
2025-01-28 08:44:04.458 [info] Sync started.
2025-01-28 08:44:05.756 [info] Settings: Updated remote settings
2025-01-28 08:44:05.762 [info] Settings: Updated last synchronized settings
2025-01-28 08:44:05.772 [info] Keybindings: No changes found during synchronizing keybindings.
2025-01-28 08:44:05.777 [info] Snippets: No changes found during synchronizing snippets.
2025-01-28 08:44:05.782 [info] Tasks: No changes found during synchronizing tasks.
2025-01-28 08:44:06.260 [info] GlobalState: Updated remote ui state. Updated: cpp.1.lastSessionDate,cpp.1.sessionCount,java.2.lastSessionDate,java.2.sessionCount,typescript.1.lastSessionDate,typescript.1.sessionCount,csharp.1.lastSessionDate,csharp.1.sessionCount,javascript.1.lastSessionDate,javascript.1.sessionCount.
2025-01-28 08:44:06.265 [info] GlobalState: Updated last synchronized ui state
2025-01-28 08:44:06.312 [info] Extensions: No changes found during synchronizing extensions.
2025-01-28 08:44:06.314 [info] Profiles: No changes found during synchronizing profiles.
2025-01-28 08:44:06.316 [info] Sync done. Took 1862ms
2025-01-28 08:44:18.515 [info] Auto Sync: Triggered by Activity
2025-01-28 08:44:18.515 [info] Sync started.
2025-01-28 08:44:19.376 [info] Settings: No changes found during synchronizing settings.
2025-01-28 08:44:19.379 [info] Keybindings: No changes found during synchronizing keybindings.
2025-01-28 08:44:19.381 [info] Snippets: No changes found during synchronizing snippets.
2025-01-28 08:44:19.384 [info] Tasks: No changes found during synchronizing tasks.
2025-01-28 08:44:19.388 [info] GlobalState: No changes found during synchronizing ui state.
2025-01-28 08:44:19.438 [info] Extensions: No changes found during synchronizing extensions.
2025-01-28 08:44:19.439 [info] Profiles: No changes found during synchronizing profiles.
2025-01-28 08:44:19.441 [info] Sync done. Took 927ms
2025-01-28 08:44:36.600 [info] Auto Sync: Triggered by Activity
2025-01-28 08:44:36.601 [info] Sync started.
2025-01-28 08:44:36.784 [info] Settings: No changes found during synchronizing settings.
2025-01-28 08:44:36.790 [info] Keybindings: No changes found during synchronizing keybindings.
2025-01-28 08:44:36.793 [info] Snippets: No changes found during synchronizing snippets.
2025-01-28 08:44:36.796 [info] Tasks: No changes found during synchronizing tasks.
2025-01-28 08:44:36.799 [info] GlobalState: No changes found during synchronizing ui state.
2025-01-28 08:44:36.870 [info] Extensions: No changes found during synchronizing extensions.
2025-01-28 08:44:36.872 [info] Profiles: No changes found during synchronizing profiles.
2025-01-28 08:44:36.873 [info] Sync done. Took 275ms
2025-01-28 08:45:10.971 [info] Auto Sync: Triggered by Activity
2025-01-28 08:45:10.971 [info] Sync started.
2025-01-28 08:45:11.186 [info] Settings: No changes found during synchronizing settings.
2025-01-28 08:45:11.189 [info] Keybindings: No changes found during synchronizing keybindings.
2025-01-28 08:45:11.191 [info] Snippets: No changes found during synchronizing snippets.
2025-01-28 08:45:11.194 [info] Tasks: No changes found during synchronizing tasks.
2025-01-28 08:45:11.197 [info] GlobalState: No changes found during synchronizing ui state.
2025-01-28 08:45:11.248 [info] Extensions: No changes found during synchronizing extensions.
2025-01-28 08:45:11.250 [info] Profiles: No changes found during synchronizing profiles.
2025-01-28 08:45:11.251 [info] Sync done. Took 282ms
2025-01-28 08:45:26.744 [info] Auto Sync: Triggered by Activity
2025-01-28 08:45:26.744 [info] Sync started.
2025-01-28 08:45:26.890 [info] Settings: No changes found during synchronizing settings.
2025-01-28 08:45:26.894 [info] Keybindings: No changes found during synchronizing keybindings.
2025-01-28 08:45:26.898 [info] Snippets: No changes found during synchronizing snippets.
2025-01-28 08:45:26.903 [info] Tasks: No changes found during synchronizing tasks.
2025-01-28 08:45:26.908 [info] GlobalState: No changes found during synchronizing ui state.
2025-01-28 08:45:26.971 [info] Extensions: No changes found during synchronizing extensions.
2025-01-28 08:45:26.972 [info] Profiles: No changes found during synchronizing profiles.
2025-01-28 08:45:26.974 [info] Sync done. Took 231ms
2025-01-28 08:46:02.517 [info] Auto Sync: Triggered by Activity
2025-01-28 08:46:02.517 [info] Sync started.
2025-01-28 08:46:02.695 [info] Settings: No changes found during synchronizing settings.
2025-01-28 08:46:02.698 [info] Keybindings: No changes found during synchronizing keybindings.
2025-01-28 08:46:02.700 [info] Snippets: No changes found during synchronizing snippets.
2025-01-28 08:46:02.702 [info] Tasks: No changes found during synchronizing tasks.
2025-01-28 08:46:02.706 [info] GlobalState: No changes found during synchronizing ui state.
2025-01-28 08:46:02.753 [info] Extensions: No changes found during synchronizing extensions.
2025-01-28 08:46:02.755 [info] Profiles: No changes found during synchronizing profiles.
2025-01-28 08:46:02.757 [info] Sync done. Took 241ms
2025-01-28 08:46:27.000 [info] Auto Sync: Triggered by Activity
2025-01-28 08:46:27.001 [info] Sync started.
2025-01-28 08:46:27.270 [info] Settings: No changes found during synchronizing settings.
2025-01-28 08:46:27.272 [info] Keybindings: No changes found during synchronizing keybindings.
2025-01-28 08:46:27.275 [info] Snippets: No changes found during synchronizing snippets.
2025-01-28 08:46:27.278 [info] Tasks: No changes found during synchronizing tasks.
2025-01-28 08:46:27.282 [info] GlobalState: No changes found during synchronizing ui state.
2025-01-28 08:46:27.327 [info] Extensions: No changes found during synchronizing extensions.
2025-01-28 08:46:27.328 [info] Profiles: No changes found during synchronizing profiles.
2025-01-28 08:46:27.329 [info] Sync done. Took 331ms
2025-01-28 08:46:40.319 [info] Auto Sync: Triggered by Activity
2025-01-28 08:46:40.319 [info] Sync started.
2025-01-28 08:46:40.510 [info] Settings: No changes found during synchronizing settings.
2025-01-28 08:46:40.513 [info] Keybindings: No changes found during synchronizing keybindings.
2025-01-28 08:46:40.515 [info] Snippets: No changes found during synchronizing snippets.
2025-01-28 08:46:40.517 [info] Tasks: No changes found during synchronizing tasks.
2025-01-28 08:46:40.521 [info] GlobalState: No changes found during synchronizing ui state.
2025-01-28 08:46:40.567 [info] Extensions: No changes found during synchronizing extensions.
2025-01-28 08:46:40.569 [info] Profiles: No changes found during synchronizing profiles.
2025-01-28 08:46:40.570 [info] Sync done. Took 252ms
2025-01-28 08:47:25.150 [info] Auto Sync: Triggered by Activity
2025-01-28 08:47:25.150 [info] Sync started.
2025-01-28 08:47:25.335 [info] Settings: No changes found during synchronizing settings.
2025-01-28 08:47:25.340 [info] Keybindings: No changes found during synchronizing keybindings.
2025-01-28 08:47:25.343 [info] Snippets: No changes found during synchronizing snippets.
2025-01-28 08:47:25.345 [info] Tasks: No changes found during synchronizing tasks.
2025-01-28 08:47:25.349 [info] GlobalState: No changes found during synchronizing ui state.
2025-01-28 08:47:25.397 [info] Extensions: No changes found during synchronizing extensions.
2025-01-28 08:47:25.398 [info] Profiles: No changes found during synchronizing profiles.
2025-01-28 08:47:25.402 [info] Sync done. Took 253ms
2025-01-28 08:47:53.370 [info] Auto Sync: Triggered by Activity
2025-01-28 08:47:53.370 [info] Sync started.
2025-01-28 08:47:53.521 [info] Settings: No changes found during synchronizing settings.
2025-01-28 08:47:53.523 [info] Keybindings: No changes found during synchronizing keybindings.
2025-01-28 08:47:53.526 [info] Snippets: No changes found during synchronizing snippets.
2025-01-28 08:47:53.528 [info] Tasks: No changes found during synchronizing tasks.
2025-01-28 08:47:53.531 [info] GlobalState: No changes found during synchronizing ui state.
2025-01-28 08:47:53.587 [info] Extensions: No changes found during synchronizing extensions.
2025-01-28 08:47:53.592 [info] Profiles: No changes found during synchronizing profiles.
2025-01-28 08:47:53.593 [info] Sync done. Took 223ms
2025-01-28 08:48:13.704 [info] Auto Sync: Triggered by Activity
2025-01-28 08:48:13.705 [info] Sync started.
2025-01-28 08:48:13.873 [info] Settings: No changes found during synchronizing settings.
2025-01-28 08:48:13.875 [info] Keybindings: No changes found during synchronizing keybindings.
2025-01-28 08:48:13.878 [info] Snippets: No changes found during synchronizing snippets.
2025-01-28 08:48:13.880 [info] Tasks: No changes found during synchronizing tasks.
2025-01-28 08:48:13.883 [info] GlobalState: No changes found during synchronizing ui state.
2025-01-28 08:48:13.929 [info] Extensions: No changes found during synchronizing extensions.
2025-01-28 08:48:13.930 [info] Profiles: No changes found during synchronizing profiles.
2025-01-28 08:48:13.931 [info] Sync done. Took 228ms
2025-01-28 08:49:22.410 [info] Auto Sync: Triggered by Activity
2025-01-28 08:49:22.410 [info] Sync started.
2025-01-28 08:49:22.987 [info] Settings: No changes found during synchronizing settings.
2025-01-28 08:49:22.989 [info] Keybindings: No changes found during synchronizing keybindings.
2025-01-28 08:49:22.992 [info] Snippets: No changes found during synchronizing snippets.
2025-01-28 08:49:22.994 [info] Tasks: No changes found during synchronizing tasks.
2025-01-28 08:49:22.997 [info] GlobalState: No changes found during synchronizing ui state.
2025-01-28 08:49:23.050 [info] Extensions: No changes found during synchronizing extensions.
2025-01-28 08:49:23.055 [info] Profiles: No changes found during synchronizing profiles.
2025-01-28 08:49:23.057 [info] Sync done. Took 647ms
2025-01-28 08:49:56.327 [info] Auto Sync: Triggered by Activity
2025-01-28 08:49:56.327 [info] Sync started.
2025-01-28 08:49:56.498 [info] Settings: No changes found during synchronizing settings.
2025-01-28 08:49:56.500 [info] Keybindings: No changes found during synchronizing keybindings.
2025-01-28 08:49:56.502 [info] Snippets: No changes found during synchronizing snippets.
2025-01-28 08:49:56.505 [info] Tasks: No changes found during synchronizing tasks.
2025-01-28 08:49:56.508 [info] GlobalState: No changes found during synchronizing ui state.
2025-01-28 08:49:56.555 [info] Extensions: No changes found during synchronizing extensions.
2025-01-28 08:49:56.556 [info] Profiles: No changes found during synchronizing profiles.
2025-01-28 08:49:56.557 [info] Sync done. Took 232ms
2025-01-28 08:50:15.710 [info] Auto Sync: Triggered by Activity
2025-01-28 08:50:15.710 [info] Sync started.
2025-01-28 08:50:15.931 [info] Settings: No changes found during synchronizing settings.
2025-01-28 08:50:15.934 [info] Keybindings: No changes found during synchronizing keybindings.
2025-01-28 08:50:15.937 [info] Snippets: No changes found during synchronizing snippets.
2025-01-28 08:50:15.939 [info] Tasks: No changes found during synchronizing tasks.
2025-01-28 08:50:15.942 [info] GlobalState: No changes found during synchronizing ui state.
2025-01-28 08:50:15.995 [info] Extensions: No changes found during synchronizing extensions.
2025-01-28 08:50:16.000 [info] Profiles: No changes found during synchronizing profiles.
2025-01-28 08:50:16.002 [info] Sync done. Took 293ms
2025-01-28 08:50:48.930 [info] Auto Sync: Triggered by Activity
2025-01-28 08:50:48.930 [info] Sync started.
2025-01-28 08:50:49.086 [info] Settings: No changes found during synchronizing settings.
2025-01-28 08:50:49.088 [info] Keybindings: No changes found during synchronizing keybindings.
2025-01-28 08:50:49.091 [info] Snippets: No changes found during synchronizing snippets.
2025-01-28 08:50:49.094 [info] Tasks: No changes found during synchronizing tasks.
2025-01-28 08:50:49.098 [info] GlobalState: No changes found during synchronizing ui state.
2025-01-28 08:50:49.152 [info] Extensions: No changes found during synchronizing extensions.
2025-01-28 08:50:49.153 [info] Profiles: No changes found during synchronizing profiles.
2025-01-28 08:50:49.155 [info] Sync done. Took 228ms
2025-01-28 08:51:36.525 [info] Auto Sync: Triggered by Activity
2025-01-28 08:51:36.525 [info] Sync started.
2025-01-28 08:51:36.725 [info] Settings: No changes found during synchronizing settings.
2025-01-28 08:51:36.728 [info] Keybindings: No changes found during synchronizing keybindings.
2025-01-28 08:51:36.732 [info] Snippets: No changes found during synchronizing snippets.
2025-01-28 08:51:36.734 [info] Tasks: No changes found during synchronizing tasks.
2025-01-28 08:51:36.738 [info] GlobalState: No changes found during synchronizing ui state.
2025-01-28 08:51:36.796 [info] Extensions: No changes found during synchronizing extensions.
2025-01-28 08:51:36.797 [info] Profiles: No changes found during synchronizing profiles.
2025-01-28 08:51:36.798 [info] Sync done. Took 274ms
2025-01-28 08:52:00.206 [info] Auto Sync: Triggered by Activity
2025-01-28 08:52:00.207 [info] Sync started.
2025-01-28 08:52:00.385 [info] Settings: No changes found during synchronizing settings.
2025-01-28 08:52:00.388 [info] Keybindings: No changes found during synchronizing keybindings.
2025-01-28 08:52:00.390 [info] Snippets: No changes found during synchronizing snippets.
2025-01-28 08:52:00.392 [info] Tasks: No changes found during synchronizing tasks.
2025-01-28 08:52:00.395 [info] GlobalState: No changes found during synchronizing ui state.
2025-01-28 08:52:00.437 [info] Extensions: No changes found during synchronizing extensions.
2025-01-28 08:52:00.440 [info] Profiles: No changes found during synchronizing profiles.
2025-01-28 08:52:00.441 [info] Sync done. Took 235ms
2025-01-28 08:56:39.066 [info] Auto Sync: Triggered by Activity
2025-01-28 08:56:39.066 [info] Sync started.
2025-01-28 08:56:39.639 [info] Settings: No changes found during synchronizing settings.
2025-01-28 08:56:39.642 [info] Keybindings: No changes found during synchronizing keybindings.
2025-01-28 08:56:39.645 [info] Snippets: No changes found during synchronizing snippets.
2025-01-28 08:56:39.647 [info] Tasks: No changes found during synchronizing tasks.
2025-01-28 08:56:39.650 [info] GlobalState: No changes found during synchronizing ui state.
2025-01-28 08:56:39.698 [info] Extensions: No changes found during synchronizing extensions.
2025-01-28 08:56:39.699 [info] Profiles: No changes found during synchronizing profiles.
2025-01-28 08:56:39.701 [info] Sync done. Took 636ms
2025-01-28 08:58:29.772 [info] Auto Sync: Triggered by Activity
2025-01-28 08:58:29.775 [info] Sync started.
2025-01-28 08:58:29.930 [info] Settings: No changes found during synchronizing settings.
2025-01-28 08:58:29.933 [info] Keybindings: No changes found during synchronizing keybindings.
2025-01-28 08:58:29.936 [info] Snippets: No changes found during synchronizing snippets.
2025-01-28 08:58:29.938 [info] Tasks: No changes found during synchronizing tasks.
2025-01-28 08:58:29.941 [info] GlobalState: No changes found during synchronizing ui state.
2025-01-28 08:58:29.988 [info] Extensions: No changes found during synchronizing extensions.
2025-01-28 08:58:29.989 [info] Profiles: No changes found during synchronizing profiles.
2025-01-28 08:58:29.990 [info] Sync done. Took 219ms
2025-01-28 08:59:29.911 [info] Auto Sync: Triggered by Activity
2025-01-28 08:59:29.912 [info] Sync started.
2025-01-28 08:59:30.063 [info] Settings: No changes found during synchronizing settings.
2025-01-28 08:59:30.066 [info] Keybindings: No changes found during synchronizing keybindings.
2025-01-28 08:59:30.069 [info] Snippets: No changes found during synchronizing snippets.
2025-01-28 08:59:30.072 [info] Tasks: No changes found during synchronizing tasks.
2025-01-28 08:59:30.077 [info] GlobalState: No changes found during synchronizing ui state.
2025-01-28 08:59:30.143 [info] Extensions: No changes found during synchronizing extensions.
2025-01-28 08:59:30.145 [info] Profiles: No changes found during synchronizing profiles.
2025-01-28 08:59:30.148 [info] Sync done. Took 237ms
2025-01-28 08:59:48.855 [info] Auto Sync: Triggered by Activity
2025-01-28 08:59:48.855 [info] Sync started.
2025-01-28 08:59:49.007 [info] Settings: No changes found during synchronizing settings.
2025-01-28 08:59:49.010 [info] Keybindings: No changes found during synchronizing keybindings.
2025-01-28 08:59:49.013 [info] Snippets: No changes found during synchronizing snippets.
2025-01-28 08:59:49.016 [info] Tasks: No changes found during synchronizing tasks.
2025-01-28 08:59:49.019 [info] GlobalState: No changes found during synchronizing ui state.
2025-01-28 08:59:49.062 [info] Extensions: No changes found during synchronizing extensions.
2025-01-28 08:59:49.063 [info] Profiles: No changes found during synchronizing profiles.
2025-01-28 08:59:49.065 [info] Sync done. Took 211ms
2025-01-28 09:00:31.960 [info] Auto Sync: Triggered by Activity
2025-01-28 09:00:31.960 [info] Sync started.
2025-01-28 09:00:32.110 [info] Settings: No changes found during synchronizing settings.
2025-01-28 09:00:32.114 [info] Keybindings: No changes found during synchronizing keybindings.
2025-01-28 09:00:32.117 [info] Snippets: No changes found during synchronizing snippets.
2025-01-28 09:00:32.121 [info] Tasks: No changes found during synchronizing tasks.
2025-01-28 09:00:32.125 [info] GlobalState: No changes found during synchronizing ui state.
2025-01-28 09:00:32.182 [info] Extensions: No changes found during synchronizing extensions.
2025-01-28 09:00:32.184 [info] Profiles: No changes found during synchronizing profiles.
2025-01-28 09:00:32.186 [info] Sync done. Took 227ms
2025-01-28 09:02:45.080 [info] Auto Sync: Triggered by Activity
2025-01-28 09:02:45.080 [info] Sync started.
2025-01-28 09:02:45.699 [info] Settings: No changes found during synchronizing settings.
2025-01-28 09:02:45.702 [info] Keybindings: No changes found during synchronizing keybindings.
2025-01-28 09:02:45.705 [info] Snippets: No changes found during synchronizing snippets.
2025-01-28 09:02:45.708 [info] Tasks: No changes found during synchronizing tasks.
2025-01-28 09:02:45.711 [info] GlobalState: No changes found during synchronizing ui state.
2025-01-28 09:02:45.754 [info] Extensions: No changes found during synchronizing extensions.
2025-01-28 09:02:45.756 [info] Profiles: No changes found during synchronizing profiles.
2025-01-28 09:02:45.757 [info] Sync done. Took 679ms
2025-01-28 09:04:02.989 [info] Auto Sync: Triggered by Activity
2025-01-28 09:04:02.989 [info] Sync started.
2025-01-28 09:04:03.136 [info] Settings: No changes found during synchronizing settings.
2025-01-28 09:04:03.139 [info] Keybindings: No changes found during synchronizing keybindings.
2025-01-28 09:04:03.141 [info] Snippets: No changes found during synchronizing snippets.
2025-01-28 09:04:03.143 [info] Tasks: No changes found during synchronizing tasks.
2025-01-28 09:04:03.147 [info] GlobalState: No changes found during synchronizing ui state.
2025-01-28 09:04:03.199 [info] Extensions: No changes found during synchronizing extensions.
2025-01-28 09:04:03.205 [info] Profiles: No changes found during synchronizing profiles.
2025-01-28 09:04:03.206 [info] Sync done. Took 218ms
2025-01-28 09:04:28.537 [info] Auto Sync: Triggered by Activity
2025-01-28 09:04:28.539 [info] Sync started.
2025-01-28 09:04:28.685 [info] Settings: No changes found during synchronizing settings.
2025-01-28 09:04:28.689 [info] Keybindings: No changes found during synchronizing keybindings.
2025-01-28 09:04:28.692 [info] Snippets: No changes found during synchronizing snippets.
2025-01-28 09:04:28.695 [info] Tasks: No changes found during synchronizing tasks.
2025-01-28 09:04:28.698 [info] GlobalState: No changes found during synchronizing ui state.
2025-01-28 09:04:28.759 [info] Extensions: No changes found during synchronizing extensions.
2025-01-28 09:04:28.760 [info] Profiles: No changes found during synchronizing profiles.
2025-01-28 09:04:28.761 [info] Sync done. Took 228ms
2025-01-28 09:05:53.753 [info] Auto Sync: Triggered by Activity
2025-01-28 09:05:53.753 [info] Sync started.
2025-01-28 09:05:53.917 [info] Settings: No changes found during synchronizing settings.
2025-01-28 09:05:53.920 [info] Keybindings: No changes found during synchronizing keybindings.
2025-01-28 09:05:53.922 [info] Snippets: No changes found during synchronizing snippets.
2025-01-28 09:05:53.925 [info] Tasks: No changes found during synchronizing tasks.
2025-01-28 09:05:53.928 [info] GlobalState: No changes found during synchronizing ui state.
2025-01-28 09:05:53.977 [info] Extensions: No changes found during synchronizing extensions.
2025-01-28 09:05:53.978 [info] Profiles: No changes found during synchronizing profiles.
2025-01-28 09:05:53.979 [info] Sync done. Took 228ms
2025-01-28 09:06:51.352 [info] Auto Sync: Triggered by Activity
2025-01-28 09:06:51.353 [info] Sync started.
2025-01-28 09:06:51.502 [info] Settings: No changes found during synchronizing settings.
2025-01-28 09:06:51.505 [info] Keybindings: No changes found during synchronizing keybindings.
2025-01-28 09:06:51.508 [info] Snippets: No changes found during synchronizing snippets.
2025-01-28 09:06:51.511 [info] Tasks: No changes found during synchronizing tasks.
2025-01-28 09:06:51.515 [info] GlobalState: No changes found during synchronizing ui state.
2025-01-28 09:06:51.570 [info] Extensions: No changes found during synchronizing extensions.
2025-01-28 09:06:51.576 [info] Profiles: No changes found during synchronizing profiles.
2025-01-28 09:06:51.578 [info] Sync done. Took 226ms
2025-01-28 09:08:29.864 [info] Auto Sync: Triggered by Activity
2025-01-28 09:08:29.864 [info] Sync started.
2025-01-28 09:08:30.026 [info] Settings: No changes found during synchronizing settings.
2025-01-28 09:08:30.029 [info] Keybindings: No changes found during synchronizing keybindings.
2025-01-28 09:08:30.032 [info] Snippets: No changes found during synchronizing snippets.
2025-01-28 09:08:30.034 [info] Tasks: No changes found during synchronizing tasks.
2025-01-28 09:08:30.037 [info] GlobalState: No changes found during synchronizing ui state.
2025-01-28 09:08:30.084 [info] Extensions: No changes found during synchronizing extensions.
2025-01-28 09:08:30.086 [info] Profiles: No changes found during synchronizing profiles.
2025-01-28 09:08:30.088 [info] Sync done. Took 225ms
2025-01-28 09:08:47.115 [info] Auto Sync: Triggered by Activity
2025-01-28 09:08:47.116 [info] Sync started.
2025-01-28 09:08:47.272 [info] Settings: No changes found during synchronizing settings.
2025-01-28 09:08:47.275 [info] Keybindings: No changes found during synchronizing keybindings.
2025-01-28 09:08:47.278 [info] Snippets: No changes found during synchronizing snippets.
2025-01-28 09:08:47.281 [info] Tasks: No changes found during synchronizing tasks.
2025-01-28 09:08:47.285 [info] GlobalState: No changes found during synchronizing ui state.
2025-01-28 09:08:47.337 [info] Extensions: No changes found during synchronizing extensions.
2025-01-28 09:08:47.342 [info] Profiles: No changes found during synchronizing profiles.
2025-01-28 09:08:47.344 [info] Sync done. Took 233ms
2025-01-28 09:11:01.215 [info] Auto Sync: Triggered by Activity
2025-01-28 09:11:01.216 [info] Sync started.
2025-01-28 09:11:01.783 [info] Settings: No changes found during synchronizing settings.
2025-01-28 09:11:01.786 [info] Keybindings: No changes found during synchronizing keybindings.
2025-01-28 09:11:01.788 [info] Snippets: No changes found during synchronizing snippets.
2025-01-28 09:11:01.791 [info] Tasks: No changes found during synchronizing tasks.
2025-01-28 09:11:01.794 [info] GlobalState: No changes found during synchronizing ui state.
2025-01-28 09:11:01.849 [info] Extensions: No changes found during synchronizing extensions.
2025-01-28 09:11:01.851 [info] Profiles: No changes found during synchronizing profiles.
2025-01-28 09:11:01.852 [info] Sync done. Took 638ms
2025-01-28 09:13:05.357 [info] Auto Sync: Triggered by Activity
2025-01-28 09:13:05.357 [info] Sync started.
2025-01-28 09:13:05.511 [info] Settings: No changes found during synchronizing settings.
2025-01-28 09:13:05.515 [info] Keybindings: No changes found during synchronizing keybindings.
2025-01-28 09:13:05.517 [info] Snippets: No changes found during synchronizing snippets.
2025-01-28 09:13:05.520 [info] Tasks: No changes found during synchronizing tasks.
2025-01-28 09:13:05.524 [info] GlobalState: No changes found during synchronizing ui state.
2025-01-28 09:13:05.564 [info] Extensions: No changes found during synchronizing extensions.
2025-01-28 09:13:05.565 [info] Profiles: No changes found during synchronizing profiles.
2025-01-28 09:13:05.567 [info] Sync done. Took 210ms
2025-01-28 09:13:22.070 [info] Auto Sync: Triggered by Activity
2025-01-28 09:13:22.070 [info] Sync started.
2025-01-28 09:13:22.226 [info] Settings: No changes found during synchronizing settings.
2025-01-28 09:13:22.230 [info] Keybindings: No changes found during synchronizing keybindings.
2025-01-28 09:13:22.234 [info] Snippets: No changes found during synchronizing snippets.
2025-01-28 09:13:22.238 [info] Tasks: No changes found during synchronizing tasks.
2025-01-28 09:13:22.242 [info] GlobalState: No changes found during synchronizing ui state.
2025-01-28 09:13:22.312 [info] Extensions: No changes found during synchronizing extensions.
2025-01-28 09:13:22.319 [info] Profiles: No changes found during synchronizing profiles.
2025-01-28 09:13:22.321 [info] Sync done. Took 255ms
2025-01-28 09:17:37.203 [info] Auto Sync: Triggered by Activity
2025-01-28 09:17:37.203 [info] Sync started.
2025-01-28 09:17:37.790 [info] Settings: No changes found during synchronizing settings.
2025-01-28 09:17:37.793 [info] Keybindings: No changes found during synchronizing keybindings.
2025-01-28 09:17:37.796 [info] Snippets: No changes found during synchronizing snippets.
2025-01-28 09:17:37.798 [info] Tasks: No changes found during synchronizing tasks.
2025-01-28 09:17:37.803 [info] GlobalState: No changes found during synchronizing ui state.
2025-01-28 09:17:37.873 [info] Extensions: No changes found during synchronizing extensions.
2025-01-28 09:17:37.874 [info] Profiles: No changes found during synchronizing profiles.
2025-01-28 09:17:37.876 [info] Sync done. Took 674ms
2025-01-28 09:17:53.576 [info] Auto Sync: Triggered by Activity
2025-01-28 09:17:53.576 [info] Sync started.
2025-01-28 09:17:53.728 [info] Settings: No changes found during synchronizing settings.
2025-01-28 09:17:53.731 [info] Keybindings: No changes found during synchronizing keybindings.
2025-01-28 09:17:53.733 [info] Snippets: No changes found during synchronizing snippets.
2025-01-28 09:17:53.735 [info] Tasks: No changes found during synchronizing tasks.
2025-01-28 09:17:53.738 [info] GlobalState: No changes found during synchronizing ui state.
2025-01-28 09:17:53.785 [info] Extensions: No changes found during synchronizing extensions.
2025-01-28 09:17:53.786 [info] Profiles: No changes found during synchronizing profiles.
2025-01-28 09:17:53.788 [info] Sync done. Took 213ms
2025-01-28 09:18:38.598 [info] Auto Sync: Triggered by Activity
2025-01-28 09:18:38.599 [info] Sync started.
2025-01-28 09:18:38.769 [info] Settings: No changes found during synchronizing settings.
2025-01-28 09:18:38.771 [info] Keybindings: No changes found during synchronizing keybindings.
2025-01-28 09:18:38.774 [info] Snippets: No changes found during synchronizing snippets.
2025-01-28 09:18:38.776 [info] Tasks: No changes found during synchronizing tasks.
2025-01-28 09:18:38.779 [info] GlobalState: No changes found during synchronizing ui state.
2025-01-28 09:18:38.826 [info] Extensions: No changes found during synchronizing extensions.
2025-01-28 09:18:38.827 [info] Profiles: No changes found during synchronizing profiles.
2025-01-28 09:18:38.828 [info] Sync done. Took 232ms
2025-01-28 09:18:57.297 [info] Auto Sync: Triggered by Activity
2025-01-28 09:18:57.297 [info] Sync started.
2025-01-28 09:18:57.456 [info] Settings: No changes found during synchronizing settings.
2025-01-28 09:18:57.459 [info] Keybindings: No changes found during synchronizing keybindings.
2025-01-28 09:18:57.461 [info] Snippets: No changes found during synchronizing snippets.
2025-01-28 09:18:57.463 [info] Tasks: No changes found during synchronizing tasks.
2025-01-28 09:18:57.467 [info] GlobalState: No changes found during synchronizing ui state.
2025-01-28 09:18:57.518 [info] Extensions: No changes found during synchronizing extensions.
2025-01-28 09:18:57.524 [info] Profiles: No changes found during synchronizing profiles.
2025-01-28 09:18:57.525 [info] Sync done. Took 229ms
2025-01-28 09:20:17.214 [info] Auto Sync: Triggered by Activity
2025-01-28 09:20:17.214 [info] Sync started.
2025-01-28 09:20:17.404 [info] Settings: No changes found during synchronizing settings.
2025-01-28 09:20:17.411 [info] Keybindings: No changes found during synchronizing keybindings.
2025-01-28 09:20:17.422 [info] Snippets: No changes found during synchronizing snippets.
2025-01-28 09:20:17.432 [info] Tasks: No changes found during synchronizing tasks.
2025-01-28 09:20:17.439 [info] GlobalState: No changes found during synchronizing ui state.
2025-01-28 09:20:17.525 [info] Extensions: No changes found during synchronizing extensions.
2025-01-28 09:20:17.527 [info] Profiles: No changes found during synchronizing profiles.
2025-01-28 09:20:17.529 [info] Sync done. Took 317ms
2025-01-28 09:22:16.542 [info] Auto Sync: Triggered by Activity
2025-01-28 09:22:16.542 [info] Sync started.
2025-01-28 09:22:16.694 [info] Settings: No changes found during synchronizing settings.
2025-01-28 09:22:16.696 [info] Keybindings: No changes found during synchronizing keybindings.
2025-01-28 09:22:16.699 [info] Snippets: No changes found during synchronizing snippets.
2025-01-28 09:22:16.700 [info] Tasks: No changes found during synchronizing tasks.
2025-01-28 09:22:16.705 [info] GlobalState: No changes found during synchronizing ui state.
2025-01-28 09:22:16.797 [info] Extensions: No changes found during synchronizing extensions.
2025-01-28 09:22:16.803 [info] Profiles: No changes found during synchronizing profiles.
2025-01-28 09:22:16.807 [info] Sync done. Took 263ms
2025-01-28 09:24:14.113 [info] Auto Sync: Triggered by Activity
2025-01-28 09:24:14.114 [info] Sync started.
2025-01-28 09:24:14.259 [info] Settings: No changes found during synchronizing settings.
2025-01-28 09:24:14.262 [info] Keybindings: No changes found during synchronizing keybindings.
2025-01-28 09:24:14.266 [info] Snippets: No changes found during synchronizing snippets.
2025-01-28 09:24:14.269 [info] Tasks: No changes found during synchronizing tasks.
2025-01-28 09:24:14.272 [info] GlobalState: No changes found during synchronizing ui state.
2025-01-28 09:24:14.321 [info] Extensions: No changes found during synchronizing extensions.
2025-01-28 09:24:14.327 [info] Profiles: No changes found during synchronizing profiles.
2025-01-28 09:24:14.328 [info] Sync done. Took 217ms
2025-01-28 09:25:18.010 [info] Auto Sync: Triggered by Activity
2025-01-28 09:25:18.010 [info] Sync started.
2025-01-28 09:25:18.163 [info] Settings: No changes found during synchronizing settings.
2025-01-28 09:25:18.166 [info] Keybindings: No changes found during synchronizing keybindings.
2025-01-28 09:25:18.168 [info] Snippets: No changes found during synchronizing snippets.
2025-01-28 09:25:18.171 [info] Tasks: No changes found during synchronizing tasks.
2025-01-28 09:25:18.174 [info] GlobalState: No changes found during synchronizing ui state.
2025-01-28 09:25:18.214 [info] Extensions: No changes found during synchronizing extensions.
2025-01-28 09:25:18.215 [info] Profiles: No changes found during synchronizing profiles.
2025-01-28 09:25:18.216 [info] Sync done. Took 207ms
2025-01-28 09:25:40.175 [info] Auto Sync: Triggered by Activity
2025-01-28 09:25:40.175 [info] Sync started.
2025-01-28 09:25:40.324 [info] Settings: No changes found during synchronizing settings.
2025-01-28 09:25:40.331 [info] Keybindings: No changes found during synchronizing keybindings.
2025-01-28 09:25:40.334 [info] Snippets: No changes found during synchronizing snippets.
2025-01-28 09:25:40.337 [info] Tasks: No changes found during synchronizing tasks.
2025-01-28 09:25:40.342 [info] GlobalState: No changes found during synchronizing ui state.
2025-01-28 09:25:40.409 [info] Extensions: No changes found during synchronizing extensions.
2025-01-28 09:25:40.415 [info] Profiles: No changes found during synchronizing profiles.
2025-01-28 09:25:40.417 [info] Sync done. Took 243ms
2025-01-28 09:27:19.452 [info] Auto Sync: Triggered by Activity
2025-01-28 09:27:19.453 [info] Sync started.
2025-01-28 09:27:19.710 [info] Settings: No changes found during synchronizing settings.
2025-01-28 09:27:19.714 [info] Keybindings: No changes found during synchronizing keybindings.
2025-01-28 09:27:19.717 [info] Snippets: No changes found during synchronizing snippets.
2025-01-28 09:27:19.719 [info] Tasks: No changes found during synchronizing tasks.
2025-01-28 09:27:19.725 [info] GlobalState: No changes found during synchronizing ui state.
2025-01-28 09:27:19.798 [info] Extensions: No changes found during synchronizing extensions.
2025-01-28 09:27:19.801 [info] Profiles: No changes found during synchronizing profiles.
2025-01-28 09:27:19.804 [info] Sync done. Took 352ms
2025-01-28 09:28:13.848 [info] Auto Sync: Triggered by Activity
2025-01-28 09:28:13.848 [info] Sync started.
2025-01-28 09:28:14.006 [info] Settings: No changes found during synchronizing settings.
2025-01-28 09:28:14.009 [info] Keybindings: No changes found during synchronizing keybindings.
2025-01-28 09:28:14.011 [info] Snippets: No changes found during synchronizing snippets.
2025-01-28 09:28:14.013 [info] Tasks: No changes found during synchronizing tasks.
2025-01-28 09:28:14.017 [info] GlobalState: No changes found during synchronizing ui state.
2025-01-28 09:28:14.063 [info] Extensions: No changes found during synchronizing extensions.
2025-01-28 09:28:14.064 [info] Profiles: No changes found during synchronizing profiles.
2025-01-28 09:28:14.066 [info] Sync done. Took 219ms
2025-01-28 09:28:26.758 [info] Auto Sync: Triggered by Activity
2025-01-28 09:28:26.758 [info] Sync started.
2025-01-28 09:28:26.903 [info] Settings: No changes found during synchronizing settings.
2025-01-28 09:28:26.905 [info] Keybindings: No changes found during synchronizing keybindings.
2025-01-28 09:28:26.908 [info] Snippets: No changes found during synchronizing snippets.
2025-01-28 09:28:26.910 [info] Tasks: No changes found during synchronizing tasks.
2025-01-28 09:28:26.914 [info] GlobalState: No changes found during synchronizing ui state.
2025-01-28 09:28:26.968 [info] Extensions: No changes found during synchronizing extensions.
2025-01-28 09:28:26.973 [info] Profiles: No changes found during synchronizing profiles.
2025-01-28 09:28:26.974 [info] Sync done. Took 216ms
