2025-01-27 18:19:19.848 [warning] Via 'product.json#extensionEnabledApiProposals' extension 'ms-vscode.vscode-selfhost-test-provider' wants API proposal 'attributableCoverage' but that proposal DOES NOT EXIST. Likely, the proposal has been finalized (check 'vscode.d.ts') or was abandoned.
2025-01-27 18:19:19.850 [warning] Via 'product.json#extensionEnabledApiProposals' extension 'ms-python.python' wants API proposal 'contribIssueReporter' but that proposal DOES NOT EXIST. Likely, the proposal has been finalized (check 'vscode.d.ts') or was abandoned.
2025-01-27 18:19:19.850 [warning] Via 'product.json#extensionEnabledApiProposals' extension 'ms-python.debugpy' wants API proposal 'contribIssueReporter' but that proposal DOES NOT EXIST. Likely, the proposal has been finalized (check 'vscode.d.ts') or was abandoned.
2025-01-27 18:19:20.327 [info] Started local extension host with pid 8449.
2025-01-27 18:19:23.455 [warning] [backup tracker] suspended, ignoring dirty change event untitled:/home/felipe/course.txt 
2025-01-27 18:19:23.480 [warning] [backup tracker] suspended, ignoring unregister event untitled:/home/felipe/course.txt 
2025-01-27 18:19:24.462 [error] Canceled: Canceled
    at Hy (vscode-file://vscode-app/opt/visual-studio-code/resources/app/out/vs/workbench/workbench.desktop.main.js:7:1004)
    at vscode-file://vscode-app/opt/visual-studio-code/resources/app/out/vs/workbench/workbench.desktop.main.js:3144:38551
    at Array.forEach (<anonymous>)
    at Odt.dispose (vscode-file://vscode-app/opt/visual-studio-code/resources/app/out/vs/workbench/workbench.desktop.main.js:3144:38491)
    at M1e.dispose (vscode-file://vscode-app/opt/visual-studio-code/resources/app/out/vs/workbench/workbench.desktop.main.js:3144:50163)
    at L4s.dispose (vscode-file://vscode-app/opt/visual-studio-code/resources/app/out/vs/workbench/workbench.desktop.main.js:3151:7418)
    at D4s.stopAllInReverse (vscode-file://vscode-app/opt/visual-studio-code/resources/app/out/vs/workbench/workbench.desktop.main.js:3151:6720)
    at async Olt.tb (vscode-file://vscode-app/opt/visual-studio-code/resources/app/out/vs/workbench/workbench.desktop.main.js:3150:16227)
2025-01-27 18:19:24.462 [error] Canceled: Canceled
    at Hy (vscode-file://vscode-app/opt/visual-studio-code/resources/app/out/vs/workbench/workbench.desktop.main.js:7:1004)
    at vscode-file://vscode-app/opt/visual-studio-code/resources/app/out/vs/workbench/workbench.desktop.main.js:3144:38551
    at Array.forEach (<anonymous>)
    at Odt.dispose (vscode-file://vscode-app/opt/visual-studio-code/resources/app/out/vs/workbench/workbench.desktop.main.js:3144:38491)
    at M1e.dispose (vscode-file://vscode-app/opt/visual-studio-code/resources/app/out/vs/workbench/workbench.desktop.main.js:3144:50163)
    at L4s.dispose (vscode-file://vscode-app/opt/visual-studio-code/resources/app/out/vs/workbench/workbench.desktop.main.js:3151:7418)
    at D4s.stopAllInReverse (vscode-file://vscode-app/opt/visual-studio-code/resources/app/out/vs/workbench/workbench.desktop.main.js:3151:6720)
    at async Olt.tb (vscode-file://vscode-app/opt/visual-studio-code/resources/app/out/vs/workbench/workbench.desktop.main.js:3150:16227)
