2025-01-28 08:44:04.279 [info] Reading sessions from keychain...
2025-01-28 08:44:04.279 [info] Getting sessions for all scopes...
2025-01-28 08:44:04.279 [info] Getting sessions for all scopes...
2025-01-28 08:44:04.279 [info] Getting sessions for all scopes...
2025-01-28 08:44:04.279 [info] Getting sessions for all scopes...
2025-01-28 08:44:04.279 [info] Getting sessions for all scopes...
2025-01-28 08:44:04.279 [info] Getting sessions for all scopes...
2025-01-28 08:44:04.279 [info] Got stored sessions!
2025-01-28 08:44:04.279 [info] Got 3 verified sessions.
2025-01-28 08:44:04.279 [info] Got 3 sessions for ...
2025-01-28 08:44:04.279 [info] Got 3 sessions for ...
2025-01-28 08:44:04.279 [info] Got 3 sessions for ...
2025-01-28 08:44:04.279 [info] Got 3 sessions for ...
2025-01-28 08:44:04.279 [info] Got 3 sessions for ...
2025-01-28 08:44:04.279 [info] Got 3 sessions for ...
2025-01-28 08:44:04.330 [info] Getting sessions for user:email...
2025-01-28 08:44:04.331 [info] Got 1 sessions for user:email...
2025-01-28 08:44:04.506 [info] Getting sessions for repo,workflow...
2025-01-28 08:44:04.506 [info] Got 1 sessions for repo,workflow...
2025-01-28 08:44:04.714 [info] Getting sessions for repo,workflow...
2025-01-28 08:44:04.714 [info] Got 1 sessions for repo,workflow...
2025-01-28 08:44:04.827 [info] Getting sessions for all scopes...
2025-01-28 08:44:04.827 [info] Got 3 sessions for ...
2025-01-28 08:44:05.024 [info] Getting sessions for read:user,repo,user:email,workflow...
2025-01-28 08:44:05.024 [info] Got 1 sessions for read:user,repo,user:email,workflow...
2025-01-28 08:44:05.835 [info] Getting sessions for repo,workflow...
2025-01-28 08:44:05.835 [info] Got 1 sessions for repo,workflow...
2025-01-28 08:44:05.899 [info] Getting sessions for read:user,repo,user:email,workflow...
2025-01-28 08:44:05.899 [info] Got 1 sessions for read:user,repo,user:email,workflow...
2025-01-28 08:44:06.120 [info] Getting sessions for repo,workflow...
2025-01-28 08:44:06.120 [info] Got 1 sessions for repo,workflow...
2025-01-28 08:44:06.492 [info] Getting sessions for repo,workflow...
2025-01-28 08:44:06.492 [info] Got 1 sessions for repo,workflow...
2025-01-28 08:44:09.659 [info] Getting sessions for read:user,repo,user:email,workflow...
2025-01-28 08:44:09.659 [info] Got 1 sessions for read:user,repo,user:email,workflow...
2025-01-28 08:44:09.726 [info] Getting sessions for all scopes...
2025-01-28 08:44:09.726 [info] Got 3 sessions for ...
2025-01-28 08:44:09.726 [info] Getting sessions for all scopes...
2025-01-28 08:44:09.726 [info] Got 3 sessions for ...
2025-01-28 08:44:09.795 [info] Getting sessions for read:user,repo,user:email,workflow...
2025-01-28 08:44:09.795 [info] Got 1 sessions for read:user,repo,user:email,workflow...
2025-01-28 08:44:12.065 [info] Getting sessions for all scopes...
2025-01-28 08:44:12.065 [info] Got 3 sessions for ...
2025-01-28 08:44:12.111 [info] Getting sessions for read:user,repo,user:email,workflow...
2025-01-28 08:44:12.112 [info] Got 1 sessions for read:user,repo,user:email,workflow...
2025-01-28 08:44:12.141 [info] Getting sessions for all scopes...
2025-01-28 08:44:12.141 [info] Got 3 sessions for ...
2025-01-28 08:44:12.143 [info] Getting sessions for read:user,repo,user:email,workflow...
2025-01-28 08:44:12.143 [info] Got 1 sessions for read:user,repo,user:email,workflow...
2025-01-28 08:44:12.353 [info] Getting sessions for all scopes...
2025-01-28 08:44:12.353 [info] Got 3 sessions for ...
2025-01-28 08:44:12.425 [info] Getting sessions for read:user,repo,user:email,workflow...
2025-01-28 08:44:12.425 [info] Got 1 sessions for read:user,repo,user:email,workflow...
2025-01-28 08:44:12.560 [info] Getting sessions for all scopes...
2025-01-28 08:44:12.560 [info] Got 3 sessions for ...
2025-01-28 08:44:12.563 [info] Getting sessions for read:user,repo,user:email,workflow...
2025-01-28 08:44:12.564 [info] Got 1 sessions for read:user,repo,user:email,workflow...
2025-01-28 08:44:12.618 [info] Getting sessions for read:user,repo,user:email,workflow...
2025-01-28 08:44:12.618 [info] Got 1 sessions for read:user,repo,user:email,workflow...
2025-01-28 08:44:12.748 [info] Getting sessions for all scopes...
2025-01-28 08:44:12.748 [info] Got 3 sessions for ...
2025-01-28 08:44:12.748 [info] Getting sessions for all scopes...
2025-01-28 08:44:12.748 [info] Got 3 sessions for ...
2025-01-28 08:44:12.768 [info] Getting sessions for read:user,repo,user:email,workflow...
2025-01-28 08:44:12.768 [info] Got 1 sessions for read:user,repo,user:email,workflow...
2025-01-28 08:44:12.771 [info] Getting sessions for all scopes...
2025-01-28 08:44:12.771 [info] Got 3 sessions for ...
2025-01-28 08:44:12.772 [info] Getting sessions for read:user,repo,user:email,workflow...
2025-01-28 08:44:12.772 [info] Got 1 sessions for read:user,repo,user:email,workflow...
2025-01-28 08:44:12.876 [info] Getting sessions for all scopes...
2025-01-28 08:44:12.876 [info] Got 3 sessions for ...
2025-01-28 08:44:12.879 [info] Getting sessions for read:user,repo,user:email,workflow...
2025-01-28 08:44:12.879 [info] Got 1 sessions for read:user,repo,user:email,workflow...
2025-01-28 08:44:13.160 [info] Getting sessions for read:user,repo,user:email,workflow...
2025-01-28 08:44:13.160 [info] Got 1 sessions for read:user,repo,user:email,workflow...
2025-01-28 08:44:13.991 [info] Getting sessions for all scopes...
2025-01-28 08:44:13.991 [info] Got 3 sessions for ...
2025-01-28 08:44:13.994 [info] Getting sessions for read:user,repo,user:email,workflow...
2025-01-28 08:44:13.995 [info] Got 1 sessions for read:user,repo,user:email,workflow...
2025-01-28 08:59:14.010 [info] Getting sessions for all scopes...
2025-01-28 08:59:14.010 [info] Got 3 sessions for ...
2025-01-28 08:59:14.012 [info] Getting sessions for read:user,repo,user:email,workflow...
2025-01-28 08:59:14.012 [info] Got 1 sessions for read:user,repo,user:email,workflow...
2025-01-28 08:59:14.013 [info] Getting sessions for all scopes...
2025-01-28 08:59:14.013 [info] Got 3 sessions for ...
2025-01-28 08:59:14.014 [info] Getting sessions for read:user,repo,user:email,workflow...
2025-01-28 08:59:14.014 [info] Got 1 sessions for read:user,repo,user:email,workflow...
2025-01-28 09:09:12.518 [info] Getting sessions for read:user,repo,user:email,workflow...
2025-01-28 09:09:12.519 [info] Got 1 sessions for read:user,repo,user:email,workflow...
2025-01-28 09:09:12.725 [info] Getting sessions for all scopes...
2025-01-28 09:09:12.725 [info] Got 3 sessions for ...
2025-01-28 09:09:12.726 [info] Getting sessions for read:user,repo,user:email,workflow...
2025-01-28 09:09:12.726 [info] Got 1 sessions for read:user,repo,user:email,workflow...
2025-01-28 09:09:13.282 [info] Getting sessions for all scopes...
2025-01-28 09:09:13.282 [info] Got 3 sessions for ...
2025-01-28 09:09:13.283 [info] Getting sessions for all scopes...
2025-01-28 09:09:13.283 [info] Got 3 sessions for ...
2025-01-28 09:09:13.284 [info] Getting sessions for read:user,repo,user:email,workflow...
2025-01-28 09:09:13.285 [info] Got 1 sessions for read:user,repo,user:email,workflow...
2025-01-28 09:09:13.287 [info] Getting sessions for all scopes...
2025-01-28 09:09:13.287 [info] Got 3 sessions for ...
2025-01-28 09:09:13.288 [info] Getting sessions for read:user,repo,user:email,workflow...
2025-01-28 09:09:13.288 [info] Got 1 sessions for read:user,repo,user:email,workflow...
2025-01-28 09:09:13.291 [info] Getting sessions for all scopes...
2025-01-28 09:09:13.291 [info] Got 3 sessions for ...
2025-01-28 09:09:13.293 [info] Getting sessions for read:user,repo,user:email,workflow...
2025-01-28 09:09:13.293 [info] Got 1 sessions for read:user,repo,user:email,workflow...
2025-01-28 09:24:13.301 [info] Getting sessions for all scopes...
2025-01-28 09:24:13.304 [info] Got 3 sessions for ...
2025-01-28 09:24:13.306 [info] Getting sessions for read:user,repo,user:email,workflow...
2025-01-28 09:24:13.306 [info] Got 1 sessions for read:user,repo,user:email,workflow...
2025-01-28 09:24:13.308 [info] Getting sessions for all scopes...
2025-01-28 09:24:13.308 [info] Got 3 sessions for ...
2025-01-28 09:24:13.309 [info] Getting sessions for read:user,repo,user:email,workflow...
2025-01-28 09:24:13.309 [info] Got 1 sessions for read:user,repo,user:email,workflow...
